Log file open, 05/02/17 22:55:38
LogInit:Display: Running engine for game: MyProject4
LogPlatformFile: Not using cached read wrapper
LogInit:Display: RandInit(708764292) SRandInit(708764292).
LogTaskGraph: Started task graph with 5 named threads and 8 total threads with 1 sets of task threads.
LogStats: Stats thread started at 25.803967
LogInit: Using libcurl 7.47.1
LogInit:  - built for x86_64-pc-win32
LogInit:  - supports SSL with OpenSSL/1.0.2g
LogInit:  - supports HTTP deflate (compression) using libz 1.2.8
LogInit:  - other features:
LogInit:      CURL_VERSION_SSL
LogInit:      CURL_VERSION_LIBZ
LogInit:      CURL_VERSION_IPV6
LogInit:      CURL_VERSION_ASYNCHDNS
LogInit:      CURL_VERSION_LARGEFILE
LogInit:      CURL_VERSION_IDN
LogInit:  CurlRequestOptions (configurable via config and command line):
LogInit:  - bVerifyPeer = false  - Libcurl will NOT verify peer certificate
LogInit:  - bUseHttpProxy = false  - Libcurl will NOT use HTTP proxy
LogInit:  - bDontReuseConnections = false  - Libcurl will reuse connections
LogInit:  - CertBundlePath = nullptr  - Libcurl will use whatever was configured at build time.
LogInit: Build: ++UE4+Release-4.15-CL-3348071
LogInit: Engine Version: 4.15.1-3348071+++UE4+Release-4.15
LogInit: Compatible Engine Version: 4.15.0-3299760+++UE4+Release-4.15
LogInit: Net CL: 3299760
LogDevObjectVersion: Number of dev versions registered: 14
LogDevObjectVersion:   Dev-Blueprints (B0D832E4-1F89-4F0D-ACCF-7EB736FD4AA2): 8
LogDevObjectVersion:   Dev-Build (E1C64328-A22C-4D53-A36C-8E866417BD8C): 0
LogDevObjectVersion:   Dev-Core (375EC13C-06E4-48FB-B500-84F0262A717E): 2
LogDevObjectVersion:   Dev-Editor (E4B068ED-F494-42E9-A231-DA0B2E46BB41): 14
LogDevObjectVersion:   Dev-Framework (CFFC743F-43B0-4480-9391-14DF171D2073): 22
LogDevObjectVersion:   Dev-Mobile (B02B49B5-BB20-44E9-A304-32B752E40360): 0
LogDevObjectVersion:   Dev-Networking (A4E4105C-59A1-49B5-A7C5-40C4547EDFEE): 0
LogDevObjectVersion:   Dev-Online (39C831C9-5AE6-47DC-9A44-9C173E1C8E7C): 0
LogDevObjectVersion:   Dev-Physics (78F01B33-EBEA-4F98-B9B4-84EACCB95AA2): 0
LogDevObjectVersion:   Dev-Platform (6631380F-2D4D-43E0-8009-CF276956A95A): 0
LogDevObjectVersion:   Dev-Rendering (12F88B9F-8875-4AFC-A67C-D90C383ABD29): 12
LogDevObjectVersion:   Dev-Sequencer (7B5AE74C-D270-4C10-A958-57980B212A5A): 3
LogDevObjectVersion:   Dev-VR (D7296918-1DD6-4BDD-9DE2-64A83CC13884): 0
LogDevObjectVersion:   Dev-LoadTimes (C2A15278-BFE7-4AFE-6C17-90FF531DF755): 1
LogInit: Compiled (64-bit): Mar 15 2017 16:52:47
LogInit: Compiled with Visual C++: 19.00.23026.00
LogInit: Build Configuration: Development
LogInit: Branch Name: ++UE4+Release-4.15
LogInit: Command line: -EpicPortal 
LogInit: Base directory: D:/UE_4.15/Engine/Binaries/Win64/
LogInit: Installed Engine Build: 1
LogInit: Presizing for max 8388607 objects, including 0 objects not considered by GC, pre-allocating 0 bytes for permanent pool.
LogInit: Object subsystem initialized
[2017.05.02-19.56.00:793][  0]LogInit: Selected Device Profile: [Windows]
[2017.05.02-19.56.00:816][  0]LogInit: Applying CVar settings loaded from the selected device profile: [Windows]
[2017.05.02-19.56.01:095][  0]LogInit: Computer: LAPTOP-IGF65BDF
[2017.05.02-19.56.01:095][  0]LogInit: User: Tan
[2017.05.02-19.56.01:095][  0]LogInit: CPU Page size=65536, Cores=4
[2017.05.02-19.56.01:095][  0]LogInit: High frequency timer resolution =1.562456 MHz
[2017.05.02-19.56.01:122][  0]LogMemory: Memory total: Physical=1.9GB (2GB approx)
[2017.05.02-19.56.01:155][  0]LogMemory: Platform Memory Stats for Windows
[2017.05.02-19.56.01:155][  0]LogMemory: Process Physical Memory: 233.36 MB used, 233.36 MB peak
[2017.05.02-19.56.01:155][  0]LogMemory: Process Virtual Memory: 262.29 MB used, 262.29 MB peak
[2017.05.02-19.56.01:155][  0]LogMemory: Physical Memory: 1636.40 MB used,  264.64 MB free, 1901.04 MB total
[2017.05.02-19.56.01:155][  0]LogMemory: Virtual Memory: 636.09 MB used,  264.64 MB free, 134217728.00 MB total
[2017.05.02-19.56.07:154][  0]LogTextLocalizationManager: No translations for ('ru-RU') exist, falling back to 'en' for localization and internationalization data.
[2017.05.02-19.56.16:625][  0]LogD3D11RHI: D3D11 adapters:
[2017.05.02-19.56.16:795][  0]LogD3D11RHI:    0. 'Intel(R) HD Graphics' (Feature Level 11_0)
[2017.05.02-19.56.16:795][  0]LogD3D11RHI:       114/0/950 MB DedicatedVideo/DedicatedSystem/SharedSystem, Outputs:1, VendorId:0x8086
[2017.05.02-19.56.16:867][  0]LogD3D11RHI:    1. 'Microsoft Basic Render Driver' (Feature Level 11_0)
[2017.05.02-19.56.16:867][  0]LogD3D11RHI:       0/0/950 MB DedicatedVideo/DedicatedSystem/SharedSystem, Outputs:0, VendorId:0x1414
[2017.05.02-19.56.16:867][  0]LogD3D11RHI: Chosen D3D11 Adapter: 0
[2017.05.02-19.56.16:937][  0]LogD3D11RHI: Creating new Direct3DDevice
[2017.05.02-19.56.16:938][  0]LogD3D11RHI:     GPU DeviceId: 0x22b1 (for the marketing name, search the web for "GPU Device Id")
[2017.05.02-19.56.16:938][  0]LogWindows: EnumDisplayDevices:
[2017.05.02-19.56.16:939][  0]LogWindows:    0. 'Intel(R) HD Graphics' (P:1 D:1)
[2017.05.02-19.56.16:943][  0]LogWindows:    1. 'Intel(R) HD Graphics' (P:0 D:0)
[2017.05.02-19.56.16:945][  0]LogWindows:    2. 'Intel(R) HD Graphics' (P:0 D:0)
[2017.05.02-19.56.16:947][  0]LogWindows: DebugString: FoundDriverCount:3 
[2017.05.02-19.56.16:947][  0]LogD3D11RHI:     Adapter Name: Intel(R) HD Graphics
[2017.05.02-19.56.16:947][  0]LogD3D11RHI:   Driver Version: 20.19.15.4549 (internal:20.19.15.4549, unified:20.19.15.4549)
[2017.05.02-19.56.16:948][  0]LogD3D11RHI:      Driver Date: 11-10-2016
[2017.05.02-19.56.16:948][  0]LogRHI: Texture pool is 412 MB (70% of 589 MB)
[2017.05.02-19.56.16:989][  0]LogD3D11RHI: Async texture creation enabled
[2017.05.02-19.56.17:586][  0]LogD3D11RHI: GPU Timing Frequency: 12.500000 (Debug: 2 0)
[2017.05.02-19.56.17:780][  0]LogShaderCompilers: Guid format shader working directory is 9 characters bigger than the processId version (../../../../MyProject4_2/MyProject4/Intermediate/Shaders/WorkingDirectory/2688/).
[2017.05.02-19.56.17:793][  0]LogShaderCompilers: Cleaned the shader compiler working directory 'C:/Users/Tan/AppData/Local/Temp/UnrealShaderWorkingDir/142606CC4CDEE033E6B6D2BFBF898F84/'.
[2017.05.02-19.56.17:793][  0]LogShaderCompilers:Display: Using Local Shader Compiler.
[2017.05.02-19.56.32:723][  0]LogTemp:Display: Loaded TP AllDesktopTargetPlatform
[2017.05.02-19.56.34:279][  0]LogTemp:Display: Loaded TP MacClientTargetPlatform
[2017.05.02-19.56.35:730][  0]LogTemp:Display: Loaded TP MacNoEditorTargetPlatform
[2017.05.02-19.56.37:135][  0]LogTemp:Display: Loaded TP MacServerTargetPlatform
[2017.05.02-19.56.38:593][  0]LogTemp:Display: Loaded TP MacTargetPlatform
[2017.05.02-19.56.40:018][  0]LogTemp:Display: Loaded TP WindowsClientTargetPlatform
[2017.05.02-19.56.41:422][  0]LogTemp:Display: Loaded TP WindowsNoEditorTargetPlatform
[2017.05.02-19.56.42:800][  0]LogTemp:Display: Loaded TP WindowsServerTargetPlatform
[2017.05.02-19.56.43:964][  0]LogTemp:Display: Loaded TP WindowsTargetPlatform
[2017.05.02-19.56.45:380][  0]LogTemp:Display: Loaded TP AndroidTargetPlatform
[2017.05.02-19.56.46:793][  0]LogTemp:Display: Loaded TP Android_ASTCTargetPlatform
[2017.05.02-19.56.48:387][  0]LogTemp:Display: Loaded TP Android_ATCTargetPlatform
[2017.05.02-19.56.49:916][  0]LogTemp:Display: Loaded TP Android_DXTTargetPlatform
[2017.05.02-19.56.51:556][  0]LogTemp:Display: Loaded TP Android_ETC1TargetPlatform
[2017.05.02-19.56.55:433][  0]LogTemp:Display: Loaded TP Android_ETC2TargetPlatform
[2017.05.02-19.56.58:934][  0]LogTemp:Display: Loaded TP Android_MultiTargetPlatform
[2017.05.02-19.56.58:935][  0]LogTemp:Display: Loaded TP Android_PVRTCTargetPlatform
[2017.05.02-19.56.59:964][  0]LogTemp:Display: Loaded TP HTML5TargetPlatform
[2017.05.02-19.57.02:231][  0]LogTemp:Display: Loaded TP IOSTargetPlatform
[2017.05.02-19.57.03:175][  0]LogTemp:Display: Loaded TP TVOSTargetPlatform
[2017.05.02-19.57.04:587][  0]LogTemp:Display: Loaded TP LinuxClientTargetPlatform
[2017.05.02-19.57.05:990][  0]LogTemp:Display: Loaded TP LinuxNoEditorTargetPlatform
[2017.05.02-19.57.07:391][  0]LogTemp:Display: Loaded TP LinuxServerTargetPlatform
[2017.05.02-19.57.08:806][  0]LogTemp:Display: Loaded TP LinuxTargetPlatform
[2017.05.02-19.57.08:810][  0]LogTargetPlatformManager:Display: Building Assets For Windows
[2017.05.02-19.57.21:688][  0]LogDerivedDataCache:Display: Max Cache Size: 512 MB
[2017.05.02-19.57.25:002][  0]LogDerivedDataCache: Loaded boot cache 3.30s 50MB C:/Users/Tan/AppData/Local/UnrealEngine/4.15/DerivedDataCache/Boot.ddc.
[2017.05.02-19.57.25:002][  0]LogDerivedDataCache:Display: Loaded Boot cache: C:/Users/Tan/AppData/Local/UnrealEngine/4.15/DerivedDataCache/Boot.ddc
[2017.05.02-19.57.25:003][  0]LogDerivedDataCache: FDerivedDataBackendGraph:  Pak pak cache file ../../../../MyProject4_2/MyProject4/DerivedDataCache/DDC.ddp not found, will not use a pak cache.
[2017.05.02-19.57.25:003][  0]LogDerivedDataCache: Unable to find inner node Pak for hierarchical cache Hierarchy.
[2017.05.02-19.57.25:005][  0]LogDerivedDataCache: FDerivedDataBackendGraph:  CompressedPak pak cache file ../../../../MyProject4_2/MyProject4/DerivedDataCache/Compressed.ddp not found, will not use a pak cache.
[2017.05.02-19.57.25:005][  0]LogDerivedDataCache: Unable to find inner node CompressedPak for hierarchical cache Hierarchy.
[2017.05.02-19.57.25:411][  0]LogDerivedDataCache:Display: Pak cache opened for reading ../../../Engine/DerivedDataCache/Compressed.ddp.
[2017.05.02-19.57.25:467][  0]LogDerivedDataCache: Using Local data cache path C:/Users/Tan/AppData/Local/UnrealEngine/Common/DerivedDataCache: Writable
[2017.05.02-19.57.26:263][  0]LogSlate: Using Freetype 2.6.0
[2017.05.02-19.57.26:629][  0]LogSlate: SlateFontCache - WITH_FREETYPE: 1, WITH_HARFBUZZ: 1
[2017.05.02-19.57.26:656][  0]LogSlate: SlateFontCache - WITH_FREETYPE: 1, WITH_HARFBUZZ: 1
[2017.05.02-19.58.10:809][  0]LogInit: Selected Device Profile: [Windows]
[2017.05.02-19.58.11:439][  0]LogContentStreaming: Texture pool size is 0.00 MB
[2017.05.02-19.58.26:113][  0]LogMeshUtilities: Using QuadricMeshReduction for automatic static mesh reduction
[2017.05.02-19.58.26:746][  0]LogSimplygon: Simplygon DLL not present - disabling.
[2017.05.02-19.58.27:343][  0]LogMeshUtilities: Using SimplygonSwarm for distributed automatic mesh merging
[2017.05.02-19.58.27:343][  0]LogMeshUtilities: No automatic skeletal mesh reduction module available
[2017.05.02-19.58.27:343][  0]LogMeshUtilities: No automatic mesh merging module available
[2017.05.02-19.58.44:872][  0]LogNetVersion: GetLocalNetworkVersion: CL: 3299760, ProjectName: myproject4, ProjectVersion: , EngineNetworkVersion: 2, GameNetworkVersion: 0, NetworkChecksum: 3876459413
[2017.05.02-19.58.46:172][  0]LogAssetRegistry: FAssetRegistry took 0.1271 seconds to start up
[2017.05.02-19.58.47:392][  0]LogPackageLocalizationCache: Processed 3 localized package path(s) for 1 prioritized culture(s) in 0.803800 seconds
[2017.05.02-19.58.47:490][  0]LogUObjectArray: 32493 objects as part of root set at end of initial load.
[2017.05.02-19.58.47:490][  0]LogUObjectAllocator: 7077032 out of 0 bytes used by permanent object pool.
[2017.05.02-19.58.47:523][  0]LogUObjectArray: CloseDisregardForGC: 0/0 objects in disregard for GC pool
[2017.05.02-19.58.48:253][  0]LogInit: WinSock: version 1.1 (2.2), MaxSocks=32767, MaxUdp=65467
[2017.05.02-19.59.41:524][  0]LogTcpMessaging: Initializing TcpMessaging bridge
[2017.05.02-19.59.42:279][  0]LogUdpMessaging: Initializing bridge on interface 0.0.0.0:0 to multicast group 230.0.0.1:6666.
[2017.05.02-19.59.55:049][  0]LogMaterial: Uniform references updated for custom material expression Custom.
[2017.05.02-20.00.01:397][  0]SourceControl: Info Source control is disabled
[2017.05.02-20.00.01:492][  0]SourceControl: Info Source control is disabled
[2017.05.02-20.00.02:812][  0]SourceControl: Info Source control is disabled
[2017.05.02-20.00.04:065][  0]SourceControl: Info Source control is disabled
[2017.05.02-20.00.39:088][  0]LogEngine: Initializing Engine...
[2017.05.02-20.00.39:165][  0]LogHMD: Failed to initialize OpenVR with code 110
[2017.05.02-20.00.45:733][  0]LogAIModule: Creating AISystem for world Untitled
[2017.05.02-20.00.46:249][  0]LogInit: XAudio2 using 'Динамики (Realtek High Definition Audio)' : 2 channels at 48 kHz using 32 bits per sample (channel mask 0x3)
[2017.05.02-20.00.46:595][  0]LogInit: FAudioDevice initialized.
[2017.05.02-20.00.47:549][  0]LogDerivedDataCache: Saved boot cache 0.89s 50MB C:/Users/Tan/AppData/Local/UnrealEngine/4.15/DerivedDataCache/Boot.ddc.
[2017.05.02-20.00.47:671][  0]LogInit: Texture streaming: Enabled
[2017.05.02-20.00.49:423][  0]LogEngineSessionManager: EngineSessionManager initialized
[2017.05.02-20.00.54:997][  0]LogInit: Transaction tracking system initialized
[2017.05.02-20.00.58:885][  0]BlueprintLog: New page: Editor Load
[2017.05.02-20.01.34:267][  0]LocalizationService: Info Localization service is disabled
[2017.05.02-20.01.54:440][  0]LogConsoleResponse:Display: 
[2017.05.02-20.01.58:985][  0]LogCook:Display: Max memory allowance for cook 16384mb min free memory 0mb
[2017.05.02-20.01.58:996][  0]LogCook:Display: Mobile HDR setting 1
[2017.05.02-20.02.00:785][  0]LogFileCache: Scanning file cache for directory 'D:/MyProject4_2/MyProject4/Content/' took 0.52s
[2017.05.02-20.02.31:024][  0]SourceControl: Info Source control is disabled
[2017.05.02-20.02.31:145][  0]Cmd: MAP LOAD FILE="../../../../MyProject4_2/MyProject4/Content/ThirdPersonBP/Maps/FirstLevelMap.umap" TEMPLATE=0 SHOWPROGRESS=1 FEATURELEVEL=3
[2017.05.02-20.02.31:251][  0]LightingResults: New page: Lighting Build
[2017.05.02-20.02.33:048][  0]MapCheck: New page: Map Check
[2017.05.02-20.02.33:048][  0]LightingResults: New page: Lighting Build
[2017.05.02-20.02.44:105][  0]LogLinker:Warning: Can't find file '/Game/FirstPerson/Meshes/BaseMaterial'
[2017.05.02-20.02.44:118][  0]LogLinker:Warning: Can't find file for asset '/Game/FirstPerson/Meshes/BaseMaterial' while loading ../../../../MyProject4_2/MyProject4/Content/ThirdPerson/Meshes/FirstPersonProjectileMaterial.uasset.
[2017.05.02-20.02.44:119][  0]LoadErrors:Error: Error /Game/ThirdPerson/Meshes/FirstPersonProjectileMaterial : Can't find file for asset. /Game/FirstPerson/Meshes/BaseMaterial
[2017.05.02-20.02.44:121][  0]LogLinker:Warning: Can't find file '/Game/FirstPerson/Meshes/BaseMaterial'
[2017.05.02-20.02.44:124][  0]LogLinker:Warning: Can't find file for asset '/Game/FirstPerson/Meshes/BaseMaterial' while loading ../../../../MyProject4_2/MyProject4/Content/ThirdPerson/Meshes/FirstPersonProjectileMaterial.uasset.
[2017.05.02-20.02.44:125][  0]LoadErrors:Error: Error /Game/ThirdPerson/Meshes/FirstPersonProjectileMaterial : Can't find file for asset. /Game/FirstPerson/Meshes/BaseMaterial
[2017.05.02-20.02.44:143][  0]LogLinker:Warning: Can't find file '/Game/FirstPerson/Meshes/FirstPersonProjectileMaterial'
[2017.05.02-20.02.44:145][  0]LogLinker:Warning: Can't find file for asset '/Game/FirstPerson/Meshes/FirstPersonProjectileMaterial' while loading ../../../../MyProject4_2/MyProject4/Content/ThirdPerson/Meshes/FirstPersonProjectileMesh.uasset.
[2017.05.02-20.02.44:146][  0]LoadErrors:Error: Error /Game/ThirdPerson/Meshes/FirstPersonProjectileMesh : Can't find file for asset. /Game/FirstPerson/Meshes/FirstPersonProjectileMaterial
[2017.05.02-20.02.44:148][  0]LogLinker:Warning: Can't find file '/Game/FirstPerson/Meshes/FirstPersonProjectileMaterial'
[2017.05.02-20.02.44:149][  0]LogLinker:Warning: Can't find file for asset '/Game/FirstPerson/Meshes/FirstPersonProjectileMaterial' while loading ../../../../MyProject4_2/MyProject4/Content/ThirdPerson/Meshes/FirstPersonProjectileMesh.uasset.
[2017.05.02-20.02.44:150][  0]LoadErrors:Error: Error /Game/ThirdPerson/Meshes/FirstPersonProjectileMesh : Can't find file for asset. /Game/FirstPerson/Meshes/FirstPersonProjectileMaterial
[2017.05.02-20.02.44:860][  0]LogLinker:Warning: Can't find file '/Game/FirstPerson/FPWeapon/Materials/MaterialLayers/ML_GlossyBlack_Latex_UE4'
[2017.05.02-20.02.44:862][  0]LoadErrors: Info Failed to load /Game/ThirdPerson/FPWeapon/Mesh/SK_FPGun.SK_FPGun Referenced by Gun_GEN_VARIABLE
[2017.05.02-20.02.44:864][  0]LogLinker:Warning: Can't find file for asset '/Game/FirstPerson/FPWeapon/Materials/MaterialLayers/ML_GlossyBlack_Latex_UE4' while loading ../../../../MyProject4_2/MyProject4/Content/ThirdPerson/FPWeapon/Materials/M_FPGun.uasset.
[2017.05.02-20.02.44:865][  0]LoadErrors: Info Failed to load /Game/ThirdPerson/FPWeapon/Mesh/SK_FPGun.SK_FPGun Referenced by Gun_GEN_VARIABLE
[2017.05.02-20.02.44:866][  0]LoadErrors:Error: Error /Game/ThirdPerson/FPWeapon/Materials/M_FPGun : Can't find file for asset. /Game/FirstPerson/FPWeapon/Materials/MaterialLayers/ML_GlossyBlack_Latex_UE4
[2017.05.02-20.02.44:868][  0]LogLinker:Warning: Can't find file '/Game/FirstPerson/FPWeapon/Materials/MaterialLayers/ML_Plastic_Shiny_Beige'
[2017.05.02-20.02.44:868][  0]LoadErrors: Info Failed to load /Game/ThirdPerson/FPWeapon/Mesh/SK_FPGun.SK_FPGun Referenced by Gun_GEN_VARIABLE
[2017.05.02-20.02.44:870][  0]LogLinker:Warning: Can't find file for asset '/Game/FirstPerson/FPWeapon/Materials/MaterialLayers/ML_Plastic_Shiny_Beige' while loading ../../../../MyProject4_2/MyProject4/Content/ThirdPerson/FPWeapon/Materials/M_FPGun.uasset.
[2017.05.02-20.02.44:870][  0]LoadErrors: Info Failed to load /Game/ThirdPerson/FPWeapon/Mesh/SK_FPGun.SK_FPGun Referenced by Gun_GEN_VARIABLE
[2017.05.02-20.02.44:871][  0]LoadErrors:Error: Error /Game/ThirdPerson/FPWeapon/Materials/M_FPGun : Can't find file for asset. /Game/FirstPerson/FPWeapon/Materials/MaterialLayers/ML_Plastic_Shiny_Beige
[2017.05.02-20.02.44:873][  0]LogLinker:Warning: Can't find file '/Game/FirstPerson/FPWeapon/Materials/MaterialLayers/ML_Screen'
[2017.05.02-20.02.44:874][  0]LoadErrors: Info Failed to load /Game/ThirdPerson/FPWeapon/Mesh/SK_FPGun.SK_FPGun Referenced by Gun_GEN_VARIABLE
[2017.05.02-20.02.44:876][  0]LogLinker:Warning: Can't find file for asset '/Game/FirstPerson/FPWeapon/Materials/MaterialLayers/ML_Screen' while loading ../../../../MyProject4_2/MyProject4/Content/ThirdPerson/FPWeapon/Materials/M_FPGun.uasset.
[2017.05.02-20.02.44:877][  0]LoadErrors: Info Failed to load /Game/ThirdPerson/FPWeapon/Mesh/SK_FPGun.SK_FPGun Referenced by Gun_GEN_VARIABLE
[2017.05.02-20.02.44:877][  0]LoadErrors:Error: Error /Game/ThirdPerson/FPWeapon/Materials/M_FPGun : Can't find file for asset. /Game/FirstPerson/FPWeapon/Materials/MaterialLayers/ML_Screen
[2017.05.02-20.02.44:884][  0]LogLinker:Warning: Can't find file '/Game/FirstPerson/FPWeapon/Materials/MaterialLayers/ML_SoftMetal_UE4'
[2017.05.02-20.02.44:885][  0]LoadErrors: Info Failed to load /Game/ThirdPerson/FPWeapon/Mesh/SK_FPGun.SK_FPGun Referenced by Gun_GEN_VARIABLE
[2017.05.02-20.02.44:887][  0]LogLinker:Warning: Can't find file for asset '/Game/FirstPerson/FPWeapon/Materials/MaterialLayers/ML_SoftMetal_UE4' while loading ../../../../MyProject4_2/MyProject4/Content/ThirdPerson/FPWeapon/Materials/M_FPGun.uasset.
[2017.05.02-20.02.44:888][  0]LoadErrors: Info Failed to load /Game/ThirdPerson/FPWeapon/Mesh/SK_FPGun.SK_FPGun Referenced by Gun_GEN_VARIABLE
[2017.05.02-20.02.44:888][  0]LoadErrors:Error: Error /Game/ThirdPerson/FPWeapon/Materials/M_FPGun : Can't find file for asset. /Game/FirstPerson/FPWeapon/Materials/MaterialLayers/ML_SoftMetal_UE4
[2017.05.02-20.02.44:892][  0]LogLinker:Warning: Can't find file '/Game/FirstPerson/FPWeapon/Materials/MaterialLayers/ML_GlossyBlack_Latex_UE4'
[2017.05.02-20.02.44:893][  0]LoadErrors: Info Failed to load /Game/ThirdPerson/FPWeapon/Mesh/SK_FPGun.SK_FPGun Referenced by Gun_GEN_VARIABLE
[2017.05.02-20.02.44:895][  0]LogLinker:Warning: Can't find file for asset '/Game/FirstPerson/FPWeapon/Materials/MaterialLayers/ML_GlossyBlack_Latex_UE4' while loading ../../../../MyProject4_2/MyProject4/Content/ThirdPerson/FPWeapon/Materials/M_FPGun.uasset.
[2017.05.02-20.02.44:896][  0]LoadErrors: Info Failed to load /Game/ThirdPerson/FPWeapon/Mesh/SK_FPGun.SK_FPGun Referenced by Gun_GEN_VARIABLE
[2017.05.02-20.02.44:896][  0]LoadErrors:Error: Error /Game/ThirdPerson/FPWeapon/Materials/M_FPGun : Can't find file for asset. /Game/FirstPerson/FPWeapon/Materials/MaterialLayers/ML_GlossyBlack_Latex_UE4
[2017.05.02-20.02.44:898][  0]LogLinker:Warning: Can't find file '/Game/FirstPerson/FPWeapon/Materials/MaterialLayers/ML_Plastic_Shiny_Beige'
[2017.05.02-20.02.44:899][  0]LoadErrors: Info Failed to load /Game/ThirdPerson/FPWeapon/Mesh/SK_FPGun.SK_FPGun Referenced by Gun_GEN_VARIABLE
[2017.05.02-20.02.44:900][  0]LogLinker:Warning: Can't find file for asset '/Game/FirstPerson/FPWeapon/Materials/MaterialLayers/ML_Plastic_Shiny_Beige' while loading ../../../../MyProject4_2/MyProject4/Content/ThirdPerson/FPWeapon/Materials/M_FPGun.uasset.
[2017.05.02-20.02.44:901][  0]LoadErrors: Info Failed to load /Game/ThirdPerson/FPWeapon/Mesh/SK_FPGun.SK_FPGun Referenced by Gun_GEN_VARIABLE
[2017.05.02-20.02.44:902][  0]LoadErrors:Error: Error /Game/ThirdPerson/FPWeapon/Materials/M_FPGun : Can't find file for asset. /Game/FirstPerson/FPWeapon/Materials/MaterialLayers/ML_Plastic_Shiny_Beige
[2017.05.02-20.02.44:903][  0]LogLinker:Warning: Can't find file '/Game/FirstPerson/FPWeapon/Materials/MaterialLayers/ML_Screen'
[2017.05.02-20.02.44:904][  0]LoadErrors: Info Failed to load /Game/ThirdPerson/FPWeapon/Mesh/SK_FPGun.SK_FPGun Referenced by Gun_GEN_VARIABLE
[2017.05.02-20.02.44:905][  0]LogLinker:Warning: Can't find file for asset '/Game/FirstPerson/FPWeapon/Materials/MaterialLayers/ML_Screen' while loading ../../../../MyProject4_2/MyProject4/Content/ThirdPerson/FPWeapon/Materials/M_FPGun.uasset.
[2017.05.02-20.02.44:906][  0]LoadErrors: Info Failed to load /Game/ThirdPerson/FPWeapon/Mesh/SK_FPGun.SK_FPGun Referenced by Gun_GEN_VARIABLE
[2017.05.02-20.02.44:907][  0]LoadErrors:Error: Error /Game/ThirdPerson/FPWeapon/Materials/M_FPGun : Can't find file for asset. /Game/FirstPerson/FPWeapon/Materials/MaterialLayers/ML_Screen
[2017.05.02-20.02.44:908][  0]LogLinker:Warning: Can't find file '/Game/FirstPerson/FPWeapon/Materials/MaterialLayers/ML_SoftMetal_UE4'
[2017.05.02-20.02.44:909][  0]LoadErrors: Info Failed to load /Game/ThirdPerson/FPWeapon/Mesh/SK_FPGun.SK_FPGun Referenced by Gun_GEN_VARIABLE
[2017.05.02-20.02.44:910][  0]LogLinker:Warning: Can't find file for asset '/Game/FirstPerson/FPWeapon/Materials/MaterialLayers/ML_SoftMetal_UE4' while loading ../../../../MyProject4_2/MyProject4/Content/ThirdPerson/FPWeapon/Materials/M_FPGun.uasset.
[2017.05.02-20.02.44:911][  0]LoadErrors: Info Failed to load /Game/ThirdPerson/FPWeapon/Mesh/SK_FPGun.SK_FPGun Referenced by Gun_GEN_VARIABLE
[2017.05.02-20.02.44:911][  0]LoadErrors:Error: Error /Game/ThirdPerson/FPWeapon/Materials/M_FPGun : Can't find file for asset. /Game/FirstPerson/FPWeapon/Materials/MaterialLayers/ML_SoftMetal_UE4
[2017.05.02-20.02.44:913][  0]LogLinker:Warning: Can't find file '/Game/FirstPerson/FPWeapon/Textures/T_FPGun_M'
[2017.05.02-20.02.44:914][  0]LoadErrors: Info Failed to load /Game/ThirdPerson/FPWeapon/Mesh/SK_FPGun.SK_FPGun Referenced by Gun_GEN_VARIABLE
[2017.05.02-20.02.44:916][  0]LogLinker:Warning: Can't find file for asset '/Game/FirstPerson/FPWeapon/Textures/T_FPGun_M' while loading ../../../../MyProject4_2/MyProject4/Content/ThirdPerson/FPWeapon/Materials/M_FPGun.uasset.
[2017.05.02-20.02.44:917][  0]LoadErrors: Info Failed to load /Game/ThirdPerson/FPWeapon/Mesh/SK_FPGun.SK_FPGun Referenced by Gun_GEN_VARIABLE
[2017.05.02-20.02.44:917][  0]LoadErrors:Error: Error /Game/ThirdPerson/FPWeapon/Materials/M_FPGun : Can't find file for asset. /Game/FirstPerson/FPWeapon/Textures/T_FPGun_M
[2017.05.02-20.02.44:919][  0]LogLinker:Warning: Can't find file '/Game/FirstPerson/FPWeapon/Textures/T_FPGun_N'
[2017.05.02-20.02.44:919][  0]LoadErrors: Info Failed to load /Game/ThirdPerson/FPWeapon/Mesh/SK_FPGun.SK_FPGun Referenced by Gun_GEN_VARIABLE
[2017.05.02-20.02.44:920][  0]LogLinker:Warning: Can't find file for asset '/Game/FirstPerson/FPWeapon/Textures/T_FPGun_N' while loading ../../../../MyProject4_2/MyProject4/Content/ThirdPerson/FPWeapon/Materials/M_FPGun.uasset.
[2017.05.02-20.02.44:921][  0]LoadErrors: Info Failed to load /Game/ThirdPerson/FPWeapon/Mesh/SK_FPGun.SK_FPGun Referenced by Gun_GEN_VARIABLE
[2017.05.02-20.02.44:922][  0]LoadErrors:Error: Error /Game/ThirdPerson/FPWeapon/Materials/M_FPGun : Can't find file for asset. /Game/FirstPerson/FPWeapon/Textures/T_FPGun_N
[2017.05.02-20.02.44:925][  0]LogLinker:Warning: Can't find file '/Game/FirstPerson/FPWeapon/Textures/T_FPGun_M'
[2017.05.02-20.02.44:926][  0]LoadErrors: Info Failed to load /Game/ThirdPerson/FPWeapon/Mesh/SK_FPGun.SK_FPGun Referenced by Gun_GEN_VARIABLE
[2017.05.02-20.02.44:927][  0]LogLinker:Warning: Can't find file for asset '/Game/FirstPerson/FPWeapon/Textures/T_FPGun_M' while loading ../../../../MyProject4_2/MyProject4/Content/ThirdPerson/FPWeapon/Materials/M_FPGun.uasset.
[2017.05.02-20.02.44:928][  0]LoadErrors: Info Failed to load /Game/ThirdPerson/FPWeapon/Mesh/SK_FPGun.SK_FPGun Referenced by Gun_GEN_VARIABLE
[2017.05.02-20.02.44:929][  0]LoadErrors:Error: Error /Game/ThirdPerson/FPWeapon/Materials/M_FPGun : Can't find file for asset. /Game/FirstPerson/FPWeapon/Textures/T_FPGun_M
[2017.05.02-20.02.44:931][  0]LogLinker:Warning: Can't find file '/Game/FirstPerson/FPWeapon/Textures/T_FPGun_N'
[2017.05.02-20.02.44:935][  0]LoadErrors: Info Failed to load /Game/ThirdPerson/FPWeapon/Mesh/SK_FPGun.SK_FPGun Referenced by Gun_GEN_VARIABLE
[2017.05.02-20.02.44:937][  0]LogLinker:Warning: Can't find file for asset '/Game/FirstPerson/FPWeapon/Textures/T_FPGun_N' while loading ../../../../MyProject4_2/MyProject4/Content/ThirdPerson/FPWeapon/Materials/M_FPGun.uasset.
[2017.05.02-20.02.44:937][  0]LoadErrors: Info Failed to load /Game/ThirdPerson/FPWeapon/Mesh/SK_FPGun.SK_FPGun Referenced by Gun_GEN_VARIABLE
[2017.05.02-20.02.44:938][  0]LoadErrors:Error: Error /Game/ThirdPerson/FPWeapon/Materials/M_FPGun : Can't find file for asset. /Game/FirstPerson/FPWeapon/Textures/T_FPGun_N
[2017.05.02-20.02.59:094][  0]LogLinker:Warning: Can't find file '/Game/FirstPerson/Meshes/FirstPersonProjectileMaterial'
[2017.05.02-20.02.59:095][  0]LoadErrors: Info Failed to load /Game/FirstPerson/Meshes/FirstPersonProjectileMaterial.FirstPersonProjectileMaterial Referenced by FirstPersonProjectileMesh
[2017.05.02-20.02.59:097][  0]LogLinker:Warning: Can't find file for asset '/Game/FirstPerson/Meshes/FirstPersonProjectileMaterial' while loading NULL.
[2017.05.02-20.02.59:098][  0]LoadErrors: Info Failed to load /Game/FirstPerson/Meshes/FirstPersonProjectileMaterial.FirstPersonProjectileMaterial Referenced by FirstPersonProjectileMesh
[2017.05.02-20.02.59:100][  0]LogLinker:Warning: Can't find file '/Game/FirstPerson/Meshes/BaseMaterial'
[2017.05.02-20.02.59:100][  0]LoadErrors: Info Failed to load /Game/FirstPerson/Meshes/BaseMaterial.BaseMaterial Referenced by FirstPersonProjectileMaterial
[2017.05.02-20.02.59:101][  0]LogLinker:Warning: Can't find file for asset '/Game/FirstPerson/Meshes/BaseMaterial' while loading NULL.
[2017.05.02-20.02.59:102][  0]LoadErrors: Info Failed to load /Game/FirstPerson/Meshes/BaseMaterial.BaseMaterial Referenced by FirstPersonProjectileMaterial
[2017.05.02-20.02.59:116][  0]LogLinker:Warning: Can't find file '/Game/FirstPerson/FPWeapon/Materials/MaterialLayers/ML_SoftMetal_UE4'
[2017.05.02-20.02.59:116][  0]LoadErrors: Info Failed to load /Game/FirstPerson/FPWeapon/Materials/MaterialLayers/ML_SoftMetal_UE4.ML_SoftMetal_UE4 Referenced by M_FPGun
[2017.05.02-20.02.59:118][  0]LogLinker:Warning: Can't find file for asset '/Game/FirstPerson/FPWeapon/Materials/MaterialLayers/ML_SoftMetal_UE4' while loading NULL.
[2017.05.02-20.02.59:118][  0]LoadErrors: Info Failed to load /Game/FirstPerson/FPWeapon/Materials/MaterialLayers/ML_SoftMetal_UE4.ML_SoftMetal_UE4 Referenced by M_FPGun
[2017.05.02-20.02.59:120][  0]LogLinker:Warning: Can't find file '/Game/FirstPerson/FPWeapon/Materials/MaterialLayers/ML_GlossyBlack_Latex_UE4'
[2017.05.02-20.02.59:121][  0]LoadErrors: Info Failed to load /Game/FirstPerson/FPWeapon/Materials/MaterialLayers/ML_GlossyBlack_Latex_UE4.ML_GlossyBlack_Latex_UE4 Referenced by M_FPGun
[2017.05.02-20.02.59:122][  0]LogLinker:Warning: Can't find file for asset '/Game/FirstPerson/FPWeapon/Materials/MaterialLayers/ML_GlossyBlack_Latex_UE4' while loading NULL.
[2017.05.02-20.02.59:122][  0]LoadErrors: Info Failed to load /Game/FirstPerson/FPWeapon/Materials/MaterialLayers/ML_GlossyBlack_Latex_UE4.ML_GlossyBlack_Latex_UE4 Referenced by M_FPGun
[2017.05.02-20.02.59:124][  0]LogLinker:Warning: Can't find file '/Game/FirstPerson/FPWeapon/Materials/MaterialLayers/ML_Plastic_Shiny_Beige'
[2017.05.02-20.02.59:125][  0]LoadErrors: Info Failed to load /Game/FirstPerson/FPWeapon/Materials/MaterialLayers/ML_Plastic_Shiny_Beige.ML_Plastic_Shiny_Beige Referenced by M_FPGun
[2017.05.02-20.02.59:126][  0]LogLinker:Warning: Can't find file for asset '/Game/FirstPerson/FPWeapon/Materials/MaterialLayers/ML_Plastic_Shiny_Beige' while loading NULL.
[2017.05.02-20.02.59:127][  0]LoadErrors: Info Failed to load /Game/FirstPerson/FPWeapon/Materials/MaterialLayers/ML_Plastic_Shiny_Beige.ML_Plastic_Shiny_Beige Referenced by M_FPGun
[2017.05.02-20.02.59:128][  0]LogLinker:Warning: Can't find file '/Game/FirstPerson/FPWeapon/Materials/MaterialLayers/ML_Screen'
[2017.05.02-20.02.59:129][  0]LoadErrors: Info Failed to load /Game/FirstPerson/FPWeapon/Materials/MaterialLayers/ML_Screen.ML_Screen Referenced by M_FPGun
[2017.05.02-20.02.59:130][  0]LogLinker:Warning: Can't find file for asset '/Game/FirstPerson/FPWeapon/Materials/MaterialLayers/ML_Screen' while loading NULL.
[2017.05.02-20.02.59:131][  0]LoadErrors: Info Failed to load /Game/FirstPerson/FPWeapon/Materials/MaterialLayers/ML_Screen.ML_Screen Referenced by M_FPGun
[2017.05.02-20.02.59:139][  0]LogLinker:Warning: Can't find file '/Game/FirstPerson/FPWeapon/Materials/MaterialLayers/ML_Plastic_Shiny_Beige'
[2017.05.02-20.02.59:139][  0]LoadErrors: Info Failed to load /Game/FirstPerson/FPWeapon/Materials/MaterialLayers/ML_Plastic_Shiny_Beige.ML_Plastic_Shiny_Beige Referenced by MaterialExpressionMaterialFunctionCall_13
[2017.05.02-20.02.59:141][  0]LogLinker:Warning: Can't find file for asset '/Game/FirstPerson/FPWeapon/Materials/MaterialLayers/ML_Plastic_Shiny_Beige' while loading NULL.
[2017.05.02-20.02.59:141][  0]LoadErrors: Info Failed to load /Game/FirstPerson/FPWeapon/Materials/MaterialLayers/ML_Plastic_Shiny_Beige.ML_Plastic_Shiny_Beige Referenced by MaterialExpressionMaterialFunctionCall_13
[2017.05.02-20.02.59:149][  0]LogLinker:Warning: Can't find file '/Game/FirstPerson/FPWeapon/Materials/MaterialLayers/ML_Screen'
[2017.05.02-20.02.59:149][  0]LoadErrors: Info Failed to load /Game/FirstPerson/FPWeapon/Materials/MaterialLayers/ML_Screen.ML_Screen Referenced by MaterialExpressionMaterialFunctionCall_4
[2017.05.02-20.02.59:152][  0]LogLinker:Warning: Can't find file for asset '/Game/FirstPerson/FPWeapon/Materials/MaterialLayers/ML_Screen' while loading NULL.
[2017.05.02-20.02.59:152][  0]LoadErrors: Info Failed to load /Game/FirstPerson/FPWeapon/Materials/MaterialLayers/ML_Screen.ML_Screen Referenced by MaterialExpressionMaterialFunctionCall_4
[2017.05.02-20.02.59:157][  0]LogLinker:Warning: Can't find file '/Game/FirstPerson/FPWeapon/Materials/MaterialLayers/ML_SoftMetal_UE4'
[2017.05.02-20.02.59:158][  0]LoadErrors: Info Failed to load /Game/FirstPerson/FPWeapon/Materials/MaterialLayers/ML_SoftMetal_UE4.ML_SoftMetal_UE4 Referenced by MaterialExpressionMaterialFunctionCall_8
[2017.05.02-20.02.59:160][  0]LogLinker:Warning: Can't find file for asset '/Game/FirstPerson/FPWeapon/Materials/MaterialLayers/ML_SoftMetal_UE4' while loading NULL.
[2017.05.02-20.02.59:161][  0]LoadErrors: Info Failed to load /Game/FirstPerson/FPWeapon/Materials/MaterialLayers/ML_SoftMetal_UE4.ML_SoftMetal_UE4 Referenced by MaterialExpressionMaterialFunctionCall_8
[2017.05.02-20.02.59:167][  0]LogLinker:Warning: Can't find file '/Game/FirstPerson/FPWeapon/Materials/MaterialLayers/ML_GlossyBlack_Latex_UE4'
[2017.05.02-20.02.59:168][  0]LoadErrors: Info Failed to load /Game/FirstPerson/FPWeapon/Materials/MaterialLayers/ML_GlossyBlack_Latex_UE4.ML_GlossyBlack_Latex_UE4 Referenced by MaterialExpressionMaterialFunctionCall_9
[2017.05.02-20.02.59:170][  0]LogLinker:Warning: Can't find file for asset '/Game/FirstPerson/FPWeapon/Materials/MaterialLayers/ML_GlossyBlack_Latex_UE4' while loading NULL.
[2017.05.02-20.02.59:171][  0]LoadErrors: Info Failed to load /Game/FirstPerson/FPWeapon/Materials/MaterialLayers/ML_GlossyBlack_Latex_UE4.ML_GlossyBlack_Latex_UE4 Referenced by MaterialExpressionMaterialFunctionCall_9
[2017.05.02-20.02.59:176][  0]LogLinker:Warning: Can't find file '/Game/FirstPerson/FPWeapon/Textures/T_FPGun_N'
[2017.05.02-20.02.59:176][  0]LoadErrors: Info Failed to load /Game/FirstPerson/FPWeapon/Textures/T_FPGun_N.T_FPGun_N Referenced by MaterialExpressionTextureSampleParameter2D_2
[2017.05.02-20.02.59:178][  0]LogLinker:Warning: Can't find file for asset '/Game/FirstPerson/FPWeapon/Textures/T_FPGun_N' while loading NULL.
[2017.05.02-20.02.59:180][  0]LoadErrors: Info Failed to load /Game/FirstPerson/FPWeapon/Textures/T_FPGun_N.T_FPGun_N Referenced by MaterialExpressionTextureSampleParameter2D_2
[2017.05.02-20.02.59:182][  0]LogLinker:Warning: Can't find file '/Game/FirstPerson/FPWeapon/Textures/T_FPGun_M'
[2017.05.02-20.02.59:183][  0]LoadErrors: Info Failed to load /Game/FirstPerson/FPWeapon/Textures/T_FPGun_M.T_FPGun_M Referenced by MaterialExpressionTextureSampleParameter2D_3
[2017.05.02-20.02.59:186][  0]LogLinker:Warning: Can't find file for asset '/Game/FirstPerson/FPWeapon/Textures/T_FPGun_M' while loading NULL.
[2017.05.02-20.02.59:186][  0]LoadErrors: Info Failed to load /Game/FirstPerson/FPWeapon/Textures/T_FPGun_M.T_FPGun_M Referenced by MaterialExpressionTextureSampleParameter2D_3
[2017.05.02-20.03.00:092][  0]LogMaterial: Missing cached shader map for material M_Ground_Grass, compiling. 
[2017.05.02-20.03.00:220][  0]LogTemp:Display: Added material ShaderMap 0x00000011EE2BF580 with Material 0x00000011D5CE5600 to ShaderMapsBeingCompiled
[2017.05.02-20.03.01:857][  0]LogTemp:Display: Kicking off shader compilation for M_Ground_Grass, GameThreadShaderMap 0x00000011EE2BF580
[2017.05.02-20.03.10:137][  0]LogMaterial: Missing cached shader map for material M_FPGun, compiling. 
[2017.05.02-20.03.10:229][  0]LogMaterial:Warning: Failed to compile Material /Game/ThirdPerson/FPWeapon/Materials/M_FPGun.M_FPGun for platform PCD3D_SM5, Default Material will be used in game.
[2017.05.02-20.03.10:229][  0]LogMaterial:Warning: 	Missing Material Function
[2017.05.02-20.03.10:229][  0]LogMaterial:Warning: 	(Node TextureSampleParameter2D) Param2D> Requires Texture2D
[2017.05.02-20.03.10:229][  0]LogMaterial:Warning: 	Function MatLayerBlend_NormalBlend: (Node MakeMaterialAttributes) Error on property Normal
[2017.05.02-20.03.10:229][  0]LogMaterial:Warning: 	Function MatLayerBlend_Simple: (Node MakeMaterialAttributes) Error on property EmissiveColor
[2017.05.02-20.03.10:229][  0]LogMaterial:Warning: 	Function MatLayerBlend_Simple: (Node MakeMaterialAttributes) Error on property BaseColor
[2017.05.02-20.03.10:229][  0]LogMaterial:Warning: 	Function MatLayerBlend_Simple: (Node MakeMaterialAttributes) Error on property Metallic
[2017.05.02-20.03.10:229][  0]LogMaterial:Warning: 	Function MatLayerBlend_Simple: (Node MakeMaterialAttributes) Error on property Roughness
[2017.05.02-20.03.10:640][  0]LogAIModule: Creating AISystem for world FirstLevelMap
[2017.05.02-20.03.14:728][  0]LogEditorServer: Finished looking for orphan Actors (0.001 secs)
[2017.05.02-20.03.14:945][  0]Cmd: MAP CHECKDEP NOCLEARLOG
[2017.05.02-20.03.17:240][  0]MapCheck: Info Map check complete: 0 Error(s), 0 Warning(s), took 2,294.603ms to complete.
[2017.05.02-20.03.17:242][  0]LogFileHelpers: Loading map 'FirstLevelMap' took 46.125
[2017.05.02-20.03.21:641][  0]LogCollectionManager: Loaded 0 collections in 0.045908 seconds
[2017.05.02-20.03.23:342][  0]LogFileCache: Scanning file cache for directory 'D:/MyProject4_2/MyProject4/Saved/Collections/' took 0.02s
[2017.05.02-20.03.23:342][  0]LogFileCache: Scanning file cache for directory 'D:/MyProject4_2/MyProject4/Content/Developers/Tan/Collections/' took 0.02s
[2017.05.02-20.03.23:343][  0]LogFileCache: Scanning file cache for directory 'D:/MyProject4_2/MyProject4/Content/Collections/' took 0.02s
[2017.05.02-20.03.23:343][  0]LogCollectionManager: Rebuilt the GUID cache for 0 collections in 0.000012 seconds
[2017.05.02-20.03.23:761][  0]LogContentBrowser: Native class hierarchy populated in 0.4006 seconds. Added 2245 classes and 453 folders.
[2017.05.02-20.03.24:292][  0]LogStats: UGameplayTagsManager::ConstructGameplayTagTree: Construct from data asset -  0.009 s
[2017.05.02-20.03.24:300][  0]LogStats: UGameplayTagsManager::ConstructGameplayTagTree: GameplayTagTreeChangedEvent.Broadcast -  0.001 s
[2017.05.02-20.03.25:957][  0]LogContentBrowser: Native class hierarchy updated for 'WidgetCarousel' in 0.0148 seconds. Added 0 classes and 0 folders.
[2017.05.02-20.03.28:749][  0]LogContentBrowser: Native class hierarchy updated for 'AddContentDialog' in 0.0019 seconds. Added 0 classes and 0 folders.
[2017.05.02-20.03.36:750][  0]LogContentBrowser: Native class hierarchy updated for 'SceneOutliner' in 0.0068 seconds. Added 1 classes and 2 folders.
[2017.05.02-20.03.41:263][  0]LogCrashTracker: Crashtracker disabled due to settings.
[2017.05.02-20.03.42:422][  0]LogUObjectGlobals:Warning: Failed to find object 'Class None.'
[2017.05.02-20.03.48:243][  0]LogContentBrowser: Native class hierarchy updated for 'HierarchicalLODOutliner' in 0.0091 seconds. Added 1 classes and 2 folders.
[2017.05.02-20.03.48:699][  0]LogLoad: (Engine Initialization) Total time: 545.78 seconds
[2017.05.02-20.03.48:700][  0]LogLoad: (Engine Initialization) Total Blueprint compile time: 14.53 seconds
[2017.05.02-20.03.48:701][  0]LogExternalProfiler: No external profilers were discovered.  External profiling features will not be available.
[2017.05.02-20.03.49:765][  0]LogOcInput: OculusInput pre-init called
[2017.05.02-20.03.52:317][  0]LogContentStreaming: Texture pool size now 1000 MB
[2017.05.02-20.03.53:167][  0]LogSlate: Took 0.091141 seconds to synchronously load lazily loaded font '../../../Engine/Content/Slate/Fonts/Roboto-Regular.ttf' (155K)
[2017.05.02-20.03.53:285][  0]LogSlate: Took 0.077326 seconds to synchronously load lazily loaded font '../../../Engine/Content/Slate/Fonts/Roboto-Bold.ttf' (160K)
[2017.05.02-20.03.53:430][  0]LogSlate: Took 0.110625 seconds to synchronously load lazily loaded font '../../../Engine/Content/Editor/Slate/Fonts/FontAwesome.ttf' (139K)
[2017.05.02-20.04.05:014][  0]LogSlate: Took 0.046723 seconds to synchronously load lazily loaded font '../../../Engine/Content/Slate/Fonts/Roboto-Light.ttf' (159K)
[2017.05.02-20.04.10:222][  0]LogRenderer: Reallocating scene render targets to support 1004x612 NumSamples 1 (Frame:2).
[2017.05.02-20.04.26:876][ 10]LogTemp:Display: Finished compile of shader map 0x00000011EE2BF580
[2017.05.02-20.04.26:932][ 10]LogTemp:Display: Shader map M_Ground_Grass complete, GameThreadShaderMap 0x00000011EE2BF580, marking material M_Ground_Grass as finished
[2017.05.02-20.04.26:932][ 10]LogTemp:Display: Marking material as finished 0x00000011D5CE5600
[2017.05.02-20.04.33:612][ 29]LogAssetRegistry: Asset discovery search completed in 347.5042 seconds
[2017.05.02-20.04.33:681][ 29]LogCollectionManager: Rebuilt the object cache for 0 collections in 0.001117 seconds (found 0 objects)
[2017.05.02-20.04.33:681][ 29]LogCollectionManager: Fixed up redirectors for 0 collections in 0.003692 seconds (updated 0 objects)
[2017.05.02-20.05.03:979][ 97]LogD3D11RHI: Timed out while waiting for GPU to catch up. (0.5 s)
[2017.05.02-20.05.04:775][ 98]LogD3D11RHI: Timed out while waiting for GPU to catch up. (0.5 s)
[2017.05.02-20.05.08:141][107]LogD3D11RHI: Timed out while waiting for GPU to catch up. (0.5 s)
[2017.05.02-20.05.09:179][109]LogD3D11RHI: Timed out while waiting for GPU to catch up. (0.5 s)
[2017.05.02-20.05.10:139][111]LogD3D11RHI: Timed out while waiting for GPU to catch up. (0.5 s)
[2017.05.02-20.05.11:362][113]LogD3D11RHI: Timed out while waiting for GPU to catch up. (0.5 s)
[2017.05.02-20.05.12:190][115]LogD3D11RHI: Timed out while waiting for GPU to catch up. (0.5 s)
[2017.05.02-20.05.13:341][117]LogD3D11RHI: Timed out while waiting for GPU to catch up. (0.5 s)
[2017.05.02-20.05.22:669][144]LogD3D11RHI: Timed out while waiting for GPU to catch up. (0.5 s)
[2017.05.02-20.05.23:472][145]LogD3D11RHI: Timed out while waiting for GPU to catch up. (0.5 s)
[2017.05.02-20.05.29:584][162]LogD3D11RHI: Timed out while waiting for GPU to catch up. (0.5 s)
[2017.05.02-20.05.30:601][163]LogD3D11RHI: Timed out while waiting for GPU to catch up. (0.5 s)
[2017.05.02-20.05.32:703][168]LogD3D11RHI: Timed out while waiting for GPU to catch up. (0.5 s)
[2017.05.02-20.05.34:844][173]LogD3D11RHI: Timed out while waiting for GPU to catch up. (0.5 s)
[2017.05.02-20.05.39:365][184]LogD3D11RHI: Timed out while waiting for GPU to catch up. (0.5 s)
[2017.05.02-20.05.40:318][186]LogD3D11RHI: Timed out while waiting for GPU to catch up. (0.5 s)
[2017.05.02-20.05.41:432][188]LogD3D11RHI: Timed out while waiting for GPU to catch up. (0.5 s)
[2017.05.02-20.05.42:479][190]LogD3D11RHI: Timed out while waiting for GPU to catch up. (0.5 s)
[2017.05.02-20.05.43:622][192]LogD3D11RHI: Timed out while waiting for GPU to catch up. (0.5 s)
[2017.05.02-20.05.44:476][194]LogD3D11RHI: Timed out while waiting for GPU to catch up. (0.5 s)
[2017.05.02-20.05.45:520][196]LogD3D11RHI: Timed out while waiting for GPU to catch up. (0.5 s)
[2017.05.02-20.05.46:466][198]LogD3D11RHI: Timed out while waiting for GPU to catch up. (0.5 s)
[2017.05.02-20.05.47:634][200]LogD3D11RHI: Timed out while waiting for GPU to catch up. (0.5 s)
[2017.05.02-20.05.48:680][202]LogD3D11RHI: Timed out while waiting for GPU to catch up. (0.5 s)
[2017.05.02-20.05.49:501][204]LogD3D11RHI: Timed out while waiting for GPU to catch up. (0.5 s)
[2017.05.02-20.05.51:493][208]LogD3D11RHI: Timed out while waiting for GPU to catch up. (0.5 s)
[2017.05.02-20.05.52:436][210]LogD3D11RHI: Timed out while waiting for GPU to catch up. (0.5 s)
[2017.05.02-20.05.53:581][212]LogD3D11RHI: Timed out while waiting for GPU to catch up. (0.5 s)
[2017.05.02-20.05.59:085][228]LogD3D11RHI: Timed out while waiting for GPU to catch up. (0.5 s)
[2017.05.02-20.06.00:092][229]LogD3D11RHI: Timed out while waiting for GPU to catch up. (0.5 s)
[2017.05.02-20.06.00:821][230]LogD3D11RHI: Timed out while waiting for GPU to catch up. (0.5 s)
[2017.05.02-20.06.03:137][235]LogD3D11RHI: Timed out while waiting for GPU to catch up. (0.5 s)
[2017.05.02-20.06.03:965][236]LogD3D11RHI: Timed out while waiting for GPU to catch up. (0.5 s)
[2017.05.02-20.06.06:088][241]LogD3D11RHI: Timed out while waiting for GPU to catch up. (0.5 s)
[2017.05.02-20.06.06:910][242]LogD3D11RHI: Timed out while waiting for GPU to catch up. (0.5 s)
[2017.05.02-20.06.09:465][248]LogD3D11RHI: Timed out while waiting for GPU to catch up. (0.5 s)
[2017.05.02-20.06.10:390][249]LogD3D11RHI: Timed out while waiting for GPU to catch up. (0.5 s)
[2017.05.02-20.06.12:600][254]LogD3D11RHI: Timed out while waiting for GPU to catch up. (0.5 s)
[2017.05.02-20.06.14:701][259]LogD3D11RHI: Timed out while waiting for GPU to catch up. (0.5 s)
[2017.05.02-20.06.15:518][260]LogD3D11RHI: Timed out while waiting for GPU to catch up. (0.5 s)
[2017.05.02-20.06.17:954][266]LogD3D11RHI: Timed out while waiting for GPU to catch up. (0.5 s)
[2017.05.02-20.06.18:776][267]LogD3D11RHI: Timed out while waiting for GPU to catch up. (0.5 s)
[2017.05.02-20.06.20:276][271]LogD3D11RHI: Timed out while waiting for GPU to catch up. (0.5 s)
[2017.05.02-20.06.20:980][272]LogD3D11RHI: Timed out while waiting for GPU to catch up. (0.5 s)
[2017.05.02-20.06.21:922][273]LogD3D11RHI: Timed out while waiting for GPU to catch up. (0.5 s)
[2017.05.02-20.06.24:133][278]LogD3D11RHI: Timed out while waiting for GPU to catch up. (0.5 s)
[2017.05.02-20.06.25:045][279]LogD3D11RHI: Timed out while waiting for GPU to catch up. (0.5 s)
[2017.05.02-20.06.33:192][303]LogD3D11RHI: Timed out while waiting for GPU to catch up. (0.5 s)
[2017.05.02-20.06.34:895][305]LogD3D11RHI: Timed out while waiting for GPU to catch up. (0.5 s)
[2017.05.02-20.06.38:857][316]LogD3D11RHI: Timed out while waiting for GPU to catch up. (0.5 s)
[2017.05.02-20.06.39:665][317]LogD3D11RHI: Timed out while waiting for GPU to catch up. (0.5 s)
[2017.05.02-20.06.49:128][345]LogD3D11RHI: Timed out while waiting for GPU to catch up. (0.5 s)
[2017.05.02-20.07.00:135][374]LogD3D11RHI: Timed out while waiting for GPU to catch up. (0.5 s)
[2017.05.02-20.07.01:154][376]LogD3D11RHI: Timed out while waiting for GPU to catch up. (0.5 s)
[2017.05.02-20.07.02:072][378]LogD3D11RHI: Timed out while waiting for GPU to catch up. (0.5 s)
[2017.05.02-20.07.09:796][400]LogD3D11RHI: Timed out while waiting for GPU to catch up. (0.5 s)
[2017.05.02-20.07.10:716][401]LogD3D11RHI: Timed out while waiting for GPU to catch up. (0.5 s)
[2017.05.02-20.07.21:117][431]LogD3D11RHI: Timed out while waiting for GPU to catch up. (0.5 s)
[2017.05.02-20.07.22:037][432]LogD3D11RHI: Timed out while waiting for GPU to catch up. (0.5 s)
[2017.05.02-20.07.28:733][452]LogD3D11RHI: Timed out while waiting for GPU to catch up. (0.5 s)
[2017.05.02-20.07.30:339][454]LogD3D11RHI: Timed out while waiting for GPU to catch up. (0.5 s)
[2017.05.02-20.07.35:573][468]LogD3D11RHI: Timed out while waiting for GPU to catch up. (0.5 s)
[2017.05.02-20.07.36:264][469]LogD3D11RHI: Timed out while waiting for GPU to catch up. (0.5 s)
[2017.05.02-20.07.38:483][474]LogD3D11RHI: Timed out while waiting for GPU to catch up. (0.5 s)
[2017.05.02-20.07.39:277][475]LogD3D11RHI: Timed out while waiting for GPU to catch up. (0.5 s)
[2017.05.02-20.07.47:448][498]LogD3D11RHI: Timed out while waiting for GPU to catch up. (0.5 s)
[2017.05.02-20.07.48:328][499]LogD3D11RHI: Timed out while waiting for GPU to catch up. (0.5 s)
[2017.05.02-20.07.57:644][526]LogD3D11RHI: Timed out while waiting for GPU to catch up. (0.5 s)
[2017.05.02-20.08.02:447][539]LogD3D11RHI: Timed out while waiting for GPU to catch up. (0.5 s)
[2017.05.02-20.08.03:351][540]LogD3D11RHI: Timed out while waiting for GPU to catch up. (0.5 s)
[2017.05.02-20.08.15:155][575]LogD3D11RHI: Timed out while waiting for GPU to catch up. (0.5 s)
[2017.05.02-20.08.16:056][576]LogD3D11RHI: Timed out while waiting for GPU to catch up. (0.5 s)
[2017.05.02-20.08.16:835][577]LogD3D11RHI: Timed out while waiting for GPU to catch up. (0.5 s)
[2017.05.02-20.08.19:267][584]LogD3D11RHI: Timed out while waiting for GPU to catch up. (0.5 s)
[2017.05.02-20.08.22:992][594]LogD3D11RHI: Timed out while waiting for GPU to catch up. (0.5 s)
[2017.05.02-20.08.23:697][595]LogD3D11RHI: Timed out while waiting for GPU to catch up. (0.5 s)
[2017.05.02-20.08.37:997][637]LogD3D11RHI: Timed out while waiting for GPU to catch up. (0.5 s)
[2017.05.02-20.08.38:805][638]LogD3D11RHI: Timed out while waiting for GPU to catch up. (0.5 s)
[2017.05.02-20.08.39:609][639]LogD3D11RHI: Timed out while waiting for GPU to catch up. (0.5 s)
[2017.05.02-20.08.45:758][656]LogD3D11RHI: Timed out while waiting for GPU to catch up. (0.5 s)
[2017.05.02-20.09.04:706][711]LogD3D11RHI: Timed out while waiting for GPU to catch up. (0.5 s)
[2017.05.02-20.09.05:410][712]LogD3D11RHI: Timed out while waiting for GPU to catch up. (0.5 s)
[2017.05.02-20.09.09:896][725]LogD3D11RHI: Timed out while waiting for GPU to catch up. (0.5 s)
[2017.05.02-20.09.10:582][726]LogD3D11RHI: Timed out while waiting for GPU to catch up. (0.5 s)
[2017.05.02-20.09.11:571][727]LogD3D11RHI: Timed out while waiting for GPU to catch up. (0.5 s)
[2017.05.02-20.09.13:617][732]LogD3D11RHI: Timed out while waiting for GPU to catch up. (0.5 s)
[2017.05.02-20.09.14:397][733]LogD3D11RHI: Timed out while waiting for GPU to catch up. (0.5 s)
[2017.05.02-20.09.31:986][784]LogD3D11RHI: Timed out while waiting for GPU to catch up. (0.5 s)
[2017.05.02-20.09.35:499][794]LogD3D11RHI: Timed out while waiting for GPU to catch up. (0.5 s)
[2017.05.02-20.09.36:289][795]LogD3D11RHI: Timed out while waiting for GPU to catch up. (0.5 s)
[2017.05.02-20.09.41:297][809]LogD3D11RHI: Timed out while waiting for GPU to catch up. (0.5 s)
[2017.05.02-20.09.42:080][810]LogD3D11RHI: Timed out while waiting for GPU to catch up. (0.5 s)
[2017.05.02-20.10.02:678][870]LogD3D11RHI: Timed out while waiting for GPU to catch up. (0.5 s)
[2017.05.02-20.10.03:478][871]LogD3D11RHI: Timed out while waiting for GPU to catch up. (0.5 s)
[2017.05.02-20.10.10:309][890]LogD3D11RHI: Timed out while waiting for GPU to catch up. (0.5 s)
[2017.05.02-20.10.11:138][891]LogD3D11RHI: Timed out while waiting for GPU to catch up. (0.5 s)
[2017.05.02-20.10.22:814][925]LogD3D11RHI: Timed out while waiting for GPU to catch up. (0.5 s)
[2017.05.02-20.10.23:683][926]LogD3D11RHI: Timed out while waiting for GPU to catch up. (0.5 s)
[2017.05.02-20.10.24:624][927]LogD3D11RHI: Timed out while waiting for GPU to catch up. (0.5 s)
[2017.05.02-20.10.46:503][987]LogD3D11RHI: Timed out while waiting for GPU to catch up. (0.5 s)
[2017.05.02-20.10.49:231][994]LogD3D11RHI: Timed out while waiting for GPU to catch up. (0.5 s)
[2017.05.02-20.11.00:815][ 28]LogD3D11RHI: Timed out while waiting for GPU to catch up. (0.5 s)
[2017.05.02-20.12.02:298][200]LogD3D11RHI: Timed out while waiting for GPU to catch up. (0.5 s)
[2017.05.02-20.12.03:146][201]LogD3D11RHI: Timed out while waiting for GPU to catch up. (0.5 s)
[2017.05.02-20.12.05:272][206]LogD3D11RHI: Timed out while waiting for GPU to catch up. (0.5 s)
[2017.05.02-20.12.06:726][206]LogD3D11RHI: Timed out while waiting for GPU to catch up. (0.5 s)
[2017.05.02-20.12.34:251][270]LogD3D11RHI: Timed out while waiting for GPU to catch up. (0.5 s)
[2017.05.02-20.12.37:065][272]LogD3D11RHI: Timed out while waiting for GPU to catch up. (0.5 s)
[2017.05.02-20.12.56:475][316]LogD3D11RHI: Timed out while waiting for GPU to catch up. (0.5 s)
[2017.05.02-20.12.57:435][317]LogD3D11RHI: Timed out while waiting for GPU to catch up. (0.5 s)
[2017.05.02-20.13.03:546][332]LogD3D11RHI: Timed out while waiting for GPU to catch up. (0.5 s)
[2017.05.02-20.13.04:732][333]LogD3D11RHI: Timed out while waiting for GPU to catch up. (0.5 s)
[2017.05.02-20.13.28:443][396]LogD3D11RHI: Timed out while waiting for GPU to catch up. (0.5 s)
[2017.05.02-20.13.31:147][402]LogD3D11RHI: Timed out while waiting for GPU to catch up. (0.5 s)
[2017.05.02-20.13.32:419][403]LogD3D11RHI: Timed out while waiting for GPU to catch up. (0.5 s)
[2017.05.02-20.13.33:597][404]LogD3D11RHI: Timed out while waiting for GPU to catch up. (0.5 s)
[2017.05.02-20.13.36:497][410]LogD3D11RHI: Timed out while waiting for GPU to catch up. (0.5 s)
[2017.05.02-20.13.40:273][418]LogD3D11RHI: Timed out while waiting for GPU to catch up. (0.5 s)
[2017.05.02-20.13.41:368][419]LogD3D11RHI: Timed out while waiting for GPU to catch up. (0.5 s)
[2017.05.02-20.13.59:420][450]LogWindowsTextInputMethodSystem:Display: IME system now deactivated.
[2017.05.02-20.14.03:777][450]LogWindowsTextInputMethodSystem:Display: IME system now deactivated.
[2017.05.02-20.14.03:883][451]Cmd: QUIT_EDITOR
[2017.05.02-20.14.06:875][451]LogExit: Preparing to exit.
[2017.05.02-20.14.13:462][451]LogDirectoryWatcher: A directory notification for 'D:/MyProject4_2/MyProject4/Content/' was aborted.
[2017.05.02-20.14.22:107][451]LogExit: Editor shut down
[2017.05.02-20.14.22:160][451]LogExit: Transaction tracking system shut down
[2017.05.02-20.14.32:972][451]LogObj: Freed 0b from 0 cluster array pools.
[2017.05.02-20.14.32:988][451]LogExit: Object subsystem successfully closed.
[2017.05.02-20.14.34:480][451]LogD3D11RHI: Shutdown
[2017.05.02-20.14.34:481][451]LogD3D11RHI: CleanupD3DDevice
[2017.05.02-20.14.35:532][451]LogD3D11RHI: ~FD3D11DynamicRHI
[2017.05.02-20.14.41:413][451]LogModuleManager: Shutting down and abandoning module HierarchicalLODOutliner (498)
[2017.05.02-20.14.41:435][451]LogModuleManager: Shutting down and abandoning module CrashTracker (496)
[2017.05.02-20.14.41:446][451]LogModuleManager: Shutting down and abandoning module SceneOutliner (494)
[2017.05.02-20.14.41:446][451]LogModuleManager: Shutting down and abandoning module AddContentDialog (492)
[2017.05.02-20.14.41:578][451]LogDirectoryWatcher: A directory notification for 'D:/UE_4.15/FeaturePacks/' was aborted.
[2017.05.02-20.14.41:773][451]LogModuleManager: Shutting down and abandoning module WidgetCarousel (491)
[2017.05.02-20.14.41:774][451]LogModuleManager: Shutting down and abandoning module EditorWidgets (488)
[2017.05.02-20.14.41:783][451]LogModuleManager: Shutting down and abandoning module CollectionManager (486)
[2017.05.02-20.14.41:801][451]LogDirectoryWatcher: A directory notification for 'D:/MyProject4_2/MyProject4/Content/Collections/' was aborted.
[2017.05.02-20.14.41:803][451]LogDirectoryWatcher: A directory notification for 'D:/MyProject4_2/MyProject4/Content/Developers/Tan/Collections/' was aborted.
[2017.05.02-20.14.41:805][451]LogDirectoryWatcher: A directory notification for 'D:/MyProject4_2/MyProject4/Saved/Collections/' was aborted.
[2017.05.02-20.14.41:818][451]LogModuleManager: Shutting down and abandoning module StatsViewer (484)
[2017.05.02-20.14.41:844][451]LogModuleManager: Shutting down and abandoning module FoliageEdit (482)
[2017.05.02-20.14.41:845][451]LogModuleManager: Shutting down and abandoning module LandscapeEditor (480)
[2017.05.02-20.14.41:877][451]LogModuleManager: Shutting down and abandoning module SceneDepthPickerMode (478)
[2017.05.02-20.14.41:884][451]LogModuleManager: Shutting down and abandoning module ActorPickerMode (476)
[2017.05.02-20.14.41:884][451]LogModuleManager: Shutting down and abandoning module GeometryMode (474)
[2017.05.02-20.14.41:898][451]LogModuleManager: Shutting down and abandoning module TextureAlignMode (472)
[2017.05.02-20.14.41:898][451]LogModuleManager: Shutting down and abandoning module BspMode (470)
[2017.05.02-20.14.41:920][451]LogModuleManager: Shutting down and abandoning module HardwareSurvey (468)
[2017.05.02-20.14.41:930][451]LogModuleManager: Shutting down and abandoning module SequenceRecorderSections (466)
[2017.05.02-20.14.41:950][451]LogModuleManager: Shutting down and abandoning module AutomationWorker (464)
[2017.05.02-20.14.41:965][451]LogModuleManager: Shutting down and abandoning module MatineeToLevelSequence (462)
[2017.05.02-20.14.42:010][451]LogModuleManager: Shutting down and abandoning module LevelSequenceEditor (460)
[2017.05.02-20.14.42:135][451]LogModuleManager: Shutting down and abandoning module PlacementMode (459)
[2017.05.02-20.14.42:145][451]LogModuleManager: Shutting down and abandoning module WmfMediaFactory (456)
[2017.05.02-20.14.42:145][451]LogModuleManager: Shutting down and abandoning module WmfMediaEditor (454)
[2017.05.02-20.14.42:145][451]LogModuleManager: Shutting down and abandoning module MfMediaFactory (452)
[2017.05.02-20.14.42:145][451]LogModuleManager: Shutting down and abandoning module MfMediaEditor (450)
[2017.05.02-20.14.42:145][451]LogModuleManager: Shutting down and abandoning module AvfMediaFactory (448)
[2017.05.02-20.14.42:146][451]LogModuleManager: Shutting down and abandoning module AvfMediaEditor (446)
[2017.05.02-20.14.42:146][451]LogModuleManager: Shutting down and abandoning module AndroidMediaFactory (444)
[2017.05.02-20.14.42:146][451]LogModuleManager: Shutting down and abandoning module Media (443)
[2017.05.02-20.14.42:146][451]LogModuleManager: Shutting down and abandoning module AndroidMediaEditor (440)
[2017.05.02-20.14.42:146][451]LogModuleManager: Shutting down and abandoning module CharacterAI (438)
[2017.05.02-20.14.42:147][451]LogModuleManager: Shutting down and abandoning module AudioCapture (436)
[2017.05.02-20.14.42:166][451]LogModuleManager: Shutting down and abandoning module SequenceRecorder (435)
[2017.05.02-20.14.42:223][451]LogModuleManager: Shutting down and abandoning module SmartSnapping (432)
[2017.05.02-20.14.42:227][451]LogModuleManager: Shutting down and abandoning module SessionServices (430)
[2017.05.02-20.14.42:246][451]LogModuleManager: Shutting down and abandoning module ViewportSnapping (428)
[2017.05.02-20.14.42:247][451]LogModuleManager: Shutting down and abandoning module ViewportInteraction (426)
[2017.05.02-20.14.42:247][451]LogModuleManager: Shutting down and abandoning module LogVisualizer (424)
[2017.05.02-20.14.42:324][451]LogModuleManager: Shutting down and abandoning module IntroTutorials (422)
[2017.05.02-20.14.42:411][451]LogModuleManager: Shutting down and abandoning module GameProjectGeneration (421)
[2017.05.02-20.14.42:455][451]LogModuleManager: Shutting down and abandoning module EditorLiveStreaming (418)
[2017.05.02-20.14.42:470][451]LogModuleManager: Shutting down and abandoning module IOSPlatformEditor (416)
[2017.05.02-20.14.42:486][451]LogModuleManager: Shutting down and abandoning module HTML5PlatformEditor (414)
[2017.05.02-20.14.42:487][451]LogModuleManager: Shutting down and abandoning module AndroidPlatformEditor (412)
[2017.05.02-20.14.42:499][451]LogModuleManager: Shutting down and abandoning module AndroidDeviceDetection (411)
[2017.05.02-20.14.42:647][451]LogModuleManager: Shutting down and abandoning module IOSRuntimeSettings (408)
[2017.05.02-20.14.42:648][451]LogModuleManager: Shutting down and abandoning module AndroidRuntimeSettings (406)
[2017.05.02-20.14.42:648][451]LogModuleManager: Shutting down and abandoning module InputBindingEditor (404)
[2017.05.02-20.14.42:659][451]LogModuleManager: Shutting down and abandoning module NiagaraEditor (402)
[2017.05.02-20.14.42:709][451]LogModuleManager: Shutting down and abandoning module MergeActors (400)
[2017.05.02-20.14.42:720][451]LogModuleManager: Shutting down and abandoning module SizeMap (398)
[2017.05.02-20.14.42:727][451]LogModuleManager: Shutting down and abandoning module TreeMap (396)
[2017.05.02-20.14.42:746][451]LogModuleManager: Shutting down and abandoning module ReferenceViewer (394)
[2017.05.02-20.14.42:776][451]LogModuleManager: Shutting down and abandoning module LocalizationDashboard (392)
[2017.05.02-20.14.42:843][451]LogModuleManager: Shutting down and abandoning module LocalizationService (391)
[2017.05.02-20.14.42:898][451]LogModuleManager: Shutting down and abandoning module HardwareTargeting (388)
[2017.05.02-20.14.42:919][451]LogModuleManager: Shutting down and abandoning module DeviceProfileEditor (386)
[2017.05.02-20.14.42:955][451]LogModuleManager: Shutting down and abandoning module UndoHistory (384)
[2017.05.02-20.14.42:994][451]LogModuleManager: Shutting down and abandoning module UserFeedback (382)
[2017.05.02-20.14.42:994][451]LogModuleManager: Shutting down and abandoning module XmlParser (380)
[2017.05.02-20.14.43:011][451]LogModuleManager: Shutting down and abandoning module Blutility (378)
[2017.05.02-20.14.43:012][451]LogModuleManager: Shutting down and abandoning module ProjectSettingsViewer (376)
[2017.05.02-20.14.43:019][451]LogModuleManager: Shutting down and abandoning module ProjectTargetPlatformEditor (375)
[2017.05.02-20.14.43:069][451]LogModuleManager: Shutting down and abandoning module EditorSettingsViewer (372)
[2017.05.02-20.14.43:071][451]LogModuleManager: Shutting down and abandoning module SettingsEditor (370)
[2017.05.02-20.14.43:197][451]LogModuleManager: Shutting down and abandoning module ProjectLauncher (368)
[2017.05.02-20.14.43:246][451]LogModuleManager: Shutting down and abandoning module SessionFrontend (366)
[2017.05.02-20.14.43:273][451]LogModuleManager: Shutting down and abandoning module ProfilerClient (364)
[2017.05.02-20.14.43:306][451]LogModuleManager: Shutting down and abandoning module DeviceManager (362)
[2017.05.02-20.14.43:371][451]LogModuleManager: Shutting down and abandoning module TargetDeviceServices (361)
[2017.05.02-20.14.43:449][451]LogModuleManager: Shutting down and abandoning module AutomationController (358)
[2017.05.02-20.14.43:481][451]LogModuleManager: Shutting down and abandoning module AutomationWindow (356)
[2017.05.02-20.14.43:502][451]LogModuleManager: Shutting down and abandoning module Layers (354)
[2017.05.02-20.14.43:530][451]LogModuleManager: Shutting down and abandoning module ComponentVisualizers (352)
[2017.05.02-20.14.43:531][451]LogModuleManager: Shutting down and abandoning module DetailCustomizations (350)
[2017.05.02-20.14.43:564][451]LogModuleManager: Shutting down and abandoning module PackagesDialog (348)
[2017.05.02-20.14.43:597][451]LogModuleManager: Shutting down and abandoning module Persona (346)
[2017.05.02-20.14.43:655][451]LogModuleManager: Shutting down and abandoning module AnimGraph (345)
[2017.05.02-20.14.43:657][451]LogModuleManager: Shutting down and abandoning module Kismet (342)
[2017.05.02-20.14.43:783][451]LogModuleManager: Shutting down and abandoning module GraphEditor (340)
[2017.05.02-20.14.43:875][451]LogModuleManager: Shutting down and abandoning module ClassViewer (338)
[2017.05.02-20.14.43:906][451]LogModuleManager: Shutting down and abandoning module Toolbox (336)
[2017.05.02-20.14.43:923][451]LogModuleManager: Shutting down and abandoning module ModuleUI (334)
[2017.05.02-20.14.43:933][451]LogModuleManager: Shutting down and abandoning module MovieSceneTools (332)
[2017.05.02-20.14.44:023][451]LogModuleManager: Shutting down and abandoning module OutputLog (330)
[2017.05.02-20.14.44:051][451]LogModuleManager: Shutting down and abandoning module GammaUI (328)
[2017.05.02-20.14.44:062][451]LogModuleManager: Shutting down and abandoning module Documentation (326)
[2017.05.02-20.14.44:074][451]LogModuleManager: Shutting down and abandoning module Niagara (324)
[2017.05.02-20.14.44:075][451]LogModuleManager: Shutting down and abandoning module StreamingPauseRendering (322)
[2017.05.02-20.14.44:075][451]LogModuleManager: Shutting down and abandoning module AnalyticsET (320)
[2017.05.02-20.14.44:095][451]LogModuleManager: Shutting down and abandoning module PortalServices (318)
[2017.05.02-20.14.44:096][451]LogModuleManager: Shutting down and abandoning module PortalRpc (316)
[2017.05.02-20.14.44:096][451]LogModuleManager: Shutting down and abandoning module MessagingRpc (314)
[2017.05.02-20.14.44:096][451]LogModuleManager: Shutting down and abandoning module AIModule (312)
[2017.05.02-20.14.44:143][451]LogModuleManager: Shutting down and abandoning module GameplayDebugger (311)
[2017.05.02-20.14.44:152][451]LogModuleManager: Shutting down and abandoning module AITestSuite (309)
[2017.05.02-20.14.44:162][451]LogModuleManager: Shutting down and abandoning module ProfilerService (306)
[2017.05.02-20.14.44:282][451]LogModuleManager: Shutting down and abandoning module TaskGraph (304)
[2017.05.02-20.14.44:307][451]LogModuleManager: Shutting down and abandoning module SteamVRController (302)
[2017.05.02-20.14.44:316][451]LogModuleManager: Shutting down and abandoning module SteamVR (300)
[2017.05.02-20.14.44:316][451]LogModuleManager: Shutting down and abandoning module ProceduralMeshComponentEditor (298)
[2017.05.02-20.14.44:316][451]LogModuleManager: Shutting down and abandoning module ProceduralMeshComponent (296)
[2017.05.02-20.14.44:316][451]LogModuleManager: Shutting down and abandoning module OculusLibrary (294)
[2017.05.02-20.14.44:316][451]LogModuleManager: Shutting down and abandoning module OculusInput (292)
[2017.05.02-20.14.44:317][451]LogModuleManager: Shutting down and abandoning module MobilePatchingUtils (290)
[2017.05.02-20.14.44:317][451]LogModuleManager: Shutting down and abandoning module CustomMeshComponent (288)
[2017.05.02-20.14.44:317][451]LogModuleManager: Shutting down and abandoning module CableComponent (286)
[2017.05.02-20.14.44:325][451]LogModuleManager: Shutting down and abandoning module ArchVisCharacter (284)
[2017.05.02-20.14.44:325][451]LogModuleManager: Shutting down and abandoning module MediaPlayerEditor (280)
[2017.05.02-20.14.44:374][451]LogModuleManager: Shutting down and abandoning module HTML5Networking (278)
[2017.05.02-20.14.44:374][451]LogModuleManager: Shutting down and abandoning module AlembicImporter (276)
[2017.05.02-20.14.44:389][451]LogModuleManager: Shutting down and abandoning module AlembicLibrary (275)
[2017.05.02-20.14.44:408][451]LogModuleManager: Shutting down and abandoning module GeometryCache (274)
[2017.05.02-20.14.44:408][451]LogModuleManager: Shutting down and abandoning module GeometryCacheEd (273)
[2017.05.02-20.14.44:408][451]LogModuleManager: Shutting down and abandoning module SuperSearchEditor (268)
[2017.05.02-20.14.44:409][451]LogModuleManager: Shutting down and abandoning module SuperSearch (267)
[2017.05.02-20.14.44:427][451]LogModuleManager: Shutting down and abandoning module SpeedTreeImporter (264)
[2017.05.02-20.14.44:427][451]LogModuleManager: Shutting down and abandoning module PluginBrowser (262)
[2017.05.02-20.14.44:485][451]LogModuleManager: Shutting down and abandoning module MobileLauncherProfileWizard (260)
[2017.05.02-20.14.44:512][451]LogModuleManager: Shutting down and abandoning module EpicSurvey (258)
[2017.05.02-20.14.44:541][451]LogModuleManager: Shutting down and abandoning module VisualStudioSourceCodeAccess (256)
[2017.05.02-20.14.44:577][451]LogModuleManager: Shutting down and abandoning module DesktopPlatform (255)
[2017.05.02-20.14.44:588][451]LogModuleManager: Shutting down and abandoning module UObjectPlugin (252)
[2017.05.02-20.14.44:588][451]LogModuleManager: Shutting down and abandoning module SubversionSourceControl (250)
[2017.05.02-20.14.44:611][451]LogModuleManager: Shutting down and abandoning module PerforceSourceControl (248)
[2017.05.02-20.14.44:647][451]LogModuleManager: Shutting down and abandoning module GitSourceControl (246)
[2017.05.02-20.14.44:672][451]LogModuleManager: Shutting down and abandoning module SourceControl (245)
[2017.05.02-20.14.44:691][451]LogModuleManager: Shutting down and abandoning module LightPropagationVolumeEditor (242)
[2017.05.02-20.14.44:709][451]LogModuleManager: Shutting down and abandoning module PaperTiledImporter (240)
[2017.05.02-20.14.44:709][451]LogModuleManager: Shutting down and abandoning module PaperSpriteSheetImporter (238)
[2017.05.02-20.14.44:709][451]LogModuleManager: Shutting down and abandoning module Paper2DEditor (236)
[2017.05.02-20.14.44:746][451]LogModuleManager: Shutting down and abandoning module MeshPaint (235)
[2017.05.02-20.14.44:775][451]LogModuleManager: Shutting down and abandoning module LevelEditor (233)
[2017.05.02-20.14.44:915][451]LogModuleManager: Shutting down and abandoning module PixelInspectorModule (232)
[2017.05.02-20.14.44:939][451]LogModuleManager: Shutting down and abandoning module MainFrame (230)
[2017.05.02-20.14.44:963][451]LogModuleManager: Shutting down and abandoning module HotReload (229)
[2017.05.02-20.14.45:040][451]LogModuleManager: Shutting down and abandoning module ContentBrowser (225)
[2017.05.02-20.14.45:093][451]LogModuleManager: Shutting down and abandoning module PhysXVehiclesEditor (222)
[2017.05.02-20.14.45:100][451]LogModuleManager: Shutting down and abandoning module PhysXVehicles (220)
[2017.05.02-20.14.45:100][451]LogModuleManager: Shutting down and abandoning module LocationServicesBPLibrary (218)
[2017.05.02-20.14.45:100][451]LogModuleManager: Shutting down and abandoning module UdpMessaging (216)
[2017.05.02-20.14.45:202][451]LogModuleManager: Shutting down and abandoning module TcpMessaging (214)
[2017.05.02-20.14.45:303][451]LogModuleManager: Shutting down and abandoning module GameplayTagsEditor (212)
[2017.05.02-20.14.45:323][451]LogModuleManager: Shutting down and abandoning module FacialAnimationEditor (210)
[2017.05.02-20.14.45:342][451]LogModuleManager: Shutting down and abandoning module FacialAnimation (208)
[2017.05.02-20.14.45:342][451]LogModuleManager: Shutting down and abandoning module LightPropagationVolumeRuntime (206)
[2017.05.02-20.14.45:342][451]LogModuleManager: Shutting down and abandoning module Paper2D (204)
[2017.05.02-20.14.45:354][451]LogModuleManager: Shutting down and abandoning module WindowsMoviePlayer (202)
[2017.05.02-20.14.45:390][451]LogModuleManager: Shutting down and abandoning module WmfMedia (200)
[2017.05.02-20.14.45:430][451]LogModuleManager: Shutting down and abandoning module MfMedia (198)
[2017.05.02-20.14.45:431][451]LogModuleManager: Shutting down and abandoning module MediaAssets (196)
[2017.05.02-20.14.45:431][451]LogModuleManager: Shutting down and abandoning module GameLiveStreaming (194)
[2017.05.02-20.14.45:453][451]LogModuleManager: Shutting down and abandoning module VREditor (192)
[2017.05.02-20.14.45:484][451]LogModuleManager: Shutting down and abandoning module GameplayTasksEditor (190)
[2017.05.02-20.14.45:484][451]LogModuleManager: Shutting down and abandoning module BehaviorTreeEditor (188)
[2017.05.02-20.14.45:544][451]LogModuleManager: Shutting down and abandoning module FunctionalTesting (186)
[2017.05.02-20.14.45:558][451]LogModuleManager: Shutting down and abandoning module CollisionAnalyzer (184)
[2017.05.02-20.14.45:587][451]LogModuleManager: Shutting down and abandoning module UMG (182)
[2017.05.02-20.14.45:623][451]LogModuleManager: Shutting down and abandoning module UMGEditor (181)
[2017.05.02-20.14.45:680][451]LogModuleManager: Shutting down and abandoning module Sequencer (180)
[2017.05.02-20.14.45:774][451]LogModuleManager: Shutting down and abandoning module AssetTools (178)
[2017.05.02-20.14.46:020][451]LogModuleManager: Shutting down and abandoning module MessageLog (177)
[2017.05.02-20.14.46:045][451]LogModuleManager: Shutting down and abandoning module WorkspaceMenuStructure (176)
[2017.05.02-20.14.46:147][451]LogModuleManager: Shutting down and abandoning module SlateReflector (170)
[2017.05.02-20.14.46:271][451]LogModuleManager: Shutting down and abandoning module Slate (168)
[2017.05.02-20.14.46:271][451]LogModuleManager: Shutting down and abandoning module EditorStyle (166)
[2017.05.02-20.14.46:567][451]LogModuleManager: Shutting down and abandoning module SourceCodeAccess (164)
[2017.05.02-20.14.46:583][451]LogModuleManager: Shutting down and abandoning module HeadMountedDisplay (162)
[2017.05.02-20.14.46:584][451]LogModuleManager: Shutting down and abandoning module XAudio2 (160)
[2017.05.02-20.14.46:598][451]LogModuleManager: Shutting down and abandoning module Networking (158)
[2017.05.02-20.14.46:599][451]LogModuleManager: Shutting down and abandoning module Core (154)
[2017.05.02-20.14.46:599][451]LogModuleManager: Shutting down and abandoning module AssetRegistry (152)
[2017.05.02-20.14.47:583][451]LogDirectoryWatcher: A directory notification for '../../../Engine/Content/' was aborted.
[2017.05.02-20.14.47:604][451]LogDirectoryWatcher: A directory notification for '../../../../MyProject4_2/MyProject4/Content/' was aborted.
[2017.05.02-20.14.47:605][451]LogDirectoryWatcher: A directory notification for '../../../Engine/Plugins/2D/Paper2D/Content/' was aborted.
[2017.05.02-20.14.47:617][451]LogModuleManager: Shutting down and abandoning module DirectoryWatcher (151)
[2017.05.02-20.14.47:636][451]LogModuleManager: Shutting down and abandoning module KismetCompiler (148)
[2017.05.02-20.14.47:647][451]LogModuleManager: Shutting down and abandoning module PhysXFormats (146)
[2017.05.02-20.14.47:661][451]LogModuleManager: Shutting down and abandoning module MeshUtilities (144)
[2017.05.02-20.14.47:721][451]LogModuleManager: Shutting down and abandoning module SimplygonSwarm (143)
[2017.05.02-20.14.47:731][451]LogModuleManager: Shutting down and abandoning module SimplygonMeshReduction (141)
[2017.05.02-20.14.47:738][451]LogModuleManager: Shutting down and abandoning module QuadricMeshReduction (139)
[2017.05.02-20.14.47:747][451]LogModuleManager: Shutting down and abandoning module PropertyEditor (137)
[2017.05.02-20.14.47:802][451]LogModuleManager: Shutting down and abandoning module DerivedDataCache (134)
[2017.05.02-20.14.47:931][451]LogDerivedDataCache: Shutdown
[2017.05.02-20.14.47:931][451]LogModuleManager: Shutting down and abandoning module TargetPlatform (132)
[2017.05.02-20.14.47:951][451]LogModuleManager: Shutting down and abandoning module VulkanShaderFormat (131)
[2017.05.02-20.14.47:963][451]LogModuleManager: Shutting down and abandoning module ShaderFormatOpenGL (129)
[2017.05.02-20.14.47:984][451]LogModuleManager: Shutting down and abandoning module ShaderFormatD3D (127)
[2017.05.02-20.14.47:995][451]LogModuleManager: Shutting down and abandoning module MetalShaderFormat (125)
[2017.05.02-20.14.48:028][451]LogModuleManager: Shutting down and abandoning module TextureFormatUncompressed (123)
[2017.05.02-20.14.48:028][451]LogModuleManager: Shutting down and abandoning module TextureFormatPVR (121)
[2017.05.02-20.14.48:029][451]LogModuleManager: Shutting down and abandoning module TextureFormatDXT (119)
[2017.05.02-20.14.48:029][451]LogModuleManager: Shutting down and abandoning module TextureFormatIntelISPCTexComp (117)
[2017.05.02-20.14.48:089][451]LogModuleManager: Shutting down and abandoning module TextureFormatASTC (115)
[2017.05.02-20.14.48:089][451]LogModuleManager: Shutting down and abandoning module ImageWrapper (114)
[2017.05.02-20.14.48:089][451]LogModuleManager: Shutting down and abandoning module TextureFormatAndroid (111)
[2017.05.02-20.14.48:090][451]LogModuleManager: Shutting down and abandoning module AudioFormatOpus (109)
[2017.05.02-20.14.48:092][451]LogModuleManager: Shutting down and abandoning module AudioFormatOgg (107)
[2017.05.02-20.14.48:092][451]LogModuleManager: Shutting down and abandoning module AudioFormatADPCM (105)
[2017.05.02-20.14.48:093][451]LogModuleManager: Shutting down and abandoning module LinuxTargetPlatform (103)
[2017.05.02-20.14.48:109][451]LogModuleManager: Shutting down and abandoning module LinuxServerTargetPlatform (101)
[2017.05.02-20.14.48:111][451]LogModuleManager: Shutting down and abandoning module LinuxNoEditorTargetPlatform (99)
[2017.05.02-20.14.48:112][451]LogModuleManager: Shutting down and abandoning module LinuxClientTargetPlatform (97)
[2017.05.02-20.14.48:114][451]LogModuleManager: Shutting down and abandoning module TVOSTargetPlatform (95)
[2017.05.02-20.14.48:115][451]LogModuleManager: Shutting down and abandoning module Messaging (93)
[2017.05.02-20.14.48:120][451]LogModuleManager: Shutting down and abandoning module IOSTargetPlatform (91)
[2017.05.02-20.14.48:120][451]LogModuleManager: Shutting down and abandoning module HTML5TargetPlatform (89)
[2017.05.02-20.14.48:134][451]LogModuleManager: Shutting down and abandoning module Android_PVRTCTargetPlatform (87)
[2017.05.02-20.14.48:135][451]LogModuleManager: Shutting down and abandoning module Android_MultiTargetPlatform (85)
[2017.05.02-20.14.48:135][451]LogModuleManager: Shutting down and abandoning module Android_ETC2TargetPlatform (83)
[2017.05.02-20.14.48:135][451]LogModuleManager: Shutting down and abandoning module Android_ETC1TargetPlatform (81)
[2017.05.02-20.14.48:136][451]LogModuleManager: Shutting down and abandoning module Android_DXTTargetPlatform (79)
[2017.05.02-20.14.48:139][451]LogModuleManager: Shutting down and abandoning module Android_ATCTargetPlatform (77)
[2017.05.02-20.14.48:139][451]LogModuleManager: Shutting down and abandoning module Android_ASTCTargetPlatform (75)
[2017.05.02-20.14.48:154][451]LogModuleManager: Shutting down and abandoning module AndroidTargetPlatform (73)
[2017.05.02-20.14.48:165][451]LogModuleManager: Shutting down and abandoning module WindowsTargetPlatform (71)
[2017.05.02-20.14.48:166][451]LogModuleManager: Shutting down and abandoning module WindowsServerTargetPlatform (69)
[2017.05.02-20.14.48:182][451]LogModuleManager: Shutting down and abandoning module WindowsNoEditorTargetPlatform (67)
[2017.05.02-20.14.48:190][451]LogModuleManager: Shutting down and abandoning module WindowsClientTargetPlatform (65)
[2017.05.02-20.14.48:198][451]LogModuleManager: Shutting down and abandoning module MacTargetPlatform (63)
[2017.05.02-20.14.48:198][451]LogModuleManager: Shutting down and abandoning module MacServerTargetPlatform (61)
[2017.05.02-20.14.48:217][451]LogModuleManager: Shutting down and abandoning module MacNoEditorTargetPlatform (59)
[2017.05.02-20.14.48:230][451]LogModuleManager: Shutting down and abandoning module MacClientTargetPlatform (57)
[2017.05.02-20.14.48:244][451]LogModuleManager: Shutting down and abandoning module AllDesktopTargetPlatform (55)
[2017.05.02-20.14.48:244][451]LogModuleManager: Shutting down and abandoning module InputCore (52)
[2017.05.02-20.14.48:262][451]LogModuleManager: Shutting down and abandoning module Settings (50)
[2017.05.02-20.14.48:274][451]LogModuleManager: Shutting down and abandoning module OculusRift (48)
[2017.05.02-20.14.48:306][451]LogModuleManager: Shutting down and abandoning module GearVR (46)
[2017.05.02-20.14.48:306][451]LogModuleManager: Shutting down and abandoning module ExampleDeviceProfileSelector (44)
[2017.05.02-20.14.48:307][451]LogModuleManager: Shutting down and abandoning module OnlineBlueprintSupport (42)
[2017.05.02-20.14.48:307][451]LogModuleManager: Shutting down and abandoning module OnlineSubsystem (38)
[2017.05.02-20.14.48:307][451]LogOnline:Display: Unloading online subsystem: NULL
[2017.05.02-20.14.48:397][451]LogModuleManager: Shutting down and abandoning module XMPP (37)
[2017.05.02-20.14.48:425][451]LogModuleManager: Shutting down and abandoning module HTTP (35)
[2017.05.02-20.14.48:445][451]LogHttp:Display: Http module shutting down, but needs to wait on 1 outstanding Http requests:
[2017.05.02-20.14.48:446][451]LogHttp:Display: 	verb=[POST] url=[https://datarouter.ol.epicgames.com/datarouter/api/v1/public/data?SessionID=%7B066440F9-4BEE-995C-AC1C-8C9FAB301103%7D&AppID=UEEditor.Rocket.Release&AppVersion=4.15.1-3348071%2B%2B%2BUE4%2BRelease-4.15&UserID=3f4e192a41326e3f784fa494de5d6fe5%7C27f71b46e4f04096954b23528d3a919d%7C07c89b4e-9368-4bd0-b344-0385748377ec&AppEnvironment=datacollector-binary&UploadType=eteventstream] status=Processing
[2017.05.02-20.14.48:613][451]LogModuleManager: Shutting down and abandoning module SSL (34)
[2017.05.02-20.14.48:779][451]LogModuleManager: Shutting down and abandoning module AudioEditor (30)
[2017.05.02-20.14.48:811][451]LogModuleManager: Shutting down and abandoning module TextureCompressor (28)
[2017.05.02-20.14.48:931][451]LogModuleManager: Shutting down and abandoning module ShaderCore (26)
[2017.05.02-20.14.48:931][451]LogModuleManager: Shutting down and abandoning module Landscape (24)
[2017.05.02-20.14.48:931][451]LogModuleManager: Shutting down and abandoning module SlateRHIRenderer (22)
[2017.05.02-20.14.49:309][451]LogModuleManager: Shutting down and abandoning module OpenGLDrv (20)
[2017.05.02-20.14.49:327][451]LogModuleManager: Shutting down and abandoning module D3D11RHI (18)
[2017.05.02-20.14.49:328][451]LogModuleManager: Shutting down and abandoning module AnimGraphRuntime (16)
[2017.05.02-20.14.49:357][451]LogModuleManager: Shutting down and abandoning module Renderer (14)
[2017.05.02-20.14.49:358][451]LogModuleManager: Shutting down and abandoning module Engine (12)
[2017.05.02-20.14.49:385][451]LogModuleManager: Shutting down and abandoning module CoreUObject (10)
[2017.05.02-20.14.49:386][451]LogModuleManager: Shutting down and abandoning module NetworkFile (8)
[2017.05.02-20.14.49:400][451]LogModuleManager: Shutting down and abandoning module StreamingFile (6)
[2017.05.02-20.14.49:411][451]LogModuleManager: Shutting down and abandoning module SandboxFile (4)
[2017.05.02-20.14.49:424][451]LogModuleManager: Shutting down and abandoning module PakFile (2)
[2017.05.02-20.14.49:545][451]LogExit: Exiting.
[2017.05.02-20.14.50:205][451]Log file closed, 05/02/17 23:14:50
