Log file open, 03/22/17 19:46:17
LogInit:Display: Running engine for game: MyProject4
LogPlatformFile: Not using cached read wrapper
LogInit:Display: RandInit(1413859615) SRandInit(1413859615).
LogTaskGraph: Started task graph with 5 named threads and 8 total threads with 1 sets of task threads.
LogStats: Stats thread started at 0.073534
LogInit: Using libcurl 7.47.1
LogInit:  - built for x86_64-pc-win32
LogInit:  - supports SSL with OpenSSL/1.0.2g
LogInit:  - supports HTTP deflate (compression) using libz 1.2.8
LogInit:  - other features:
LogInit:      CURL_VERSION_SSL
LogInit:      CURL_VERSION_LIBZ
LogInit:      CURL_VERSION_IPV6
LogInit:      CURL_VERSION_ASYNCHDNS
LogInit:      CURL_VERSION_LARGEFILE
LogInit:      CURL_VERSION_IDN
LogInit:  CurlRequestOptions (configurable via config and command line):
LogInit:  - bVerifyPeer = false  - Libcurl will NOT verify peer certificate
LogInit:  - bUseHttpProxy = false  - Libcurl will NOT use HTTP proxy
LogInit:  - bDontReuseConnections = false  - Libcurl will reuse connections
LogInit:  - CertBundlePath = nullptr  - Libcurl will use whatever was configured at build time.
LogInit: Build: ++UE4+Release-4.15-CL-3348071
LogInit: Engine Version: 4.15.1-3348071+++UE4+Release-4.15
LogInit: Compatible Engine Version: 4.15.0-3299760+++UE4+Release-4.15
LogInit: Net CL: 3299760
LogDevObjectVersion: Number of dev versions registered: 14
LogDevObjectVersion:   Dev-Blueprints (B0D832E4-1F89-4F0D-ACCF-7EB736FD4AA2): 8
LogDevObjectVersion:   Dev-Build (E1C64328-A22C-4D53-A36C-8E866417BD8C): 0
LogDevObjectVersion:   Dev-Core (375EC13C-06E4-48FB-B500-84F0262A717E): 2
LogDevObjectVersion:   Dev-Editor (E4B068ED-F494-42E9-A231-DA0B2E46BB41): 14
LogDevObjectVersion:   Dev-Framework (CFFC743F-43B0-4480-9391-14DF171D2073): 22
LogDevObjectVersion:   Dev-Mobile (B02B49B5-BB20-44E9-A304-32B752E40360): 0
LogDevObjectVersion:   Dev-Networking (A4E4105C-59A1-49B5-A7C5-40C4547EDFEE): 0
LogDevObjectVersion:   Dev-Online (39C831C9-5AE6-47DC-9A44-9C173E1C8E7C): 0
LogDevObjectVersion:   Dev-Physics (78F01B33-EBEA-4F98-B9B4-84EACCB95AA2): 0
LogDevObjectVersion:   Dev-Platform (6631380F-2D4D-43E0-8009-CF276956A95A): 0
LogDevObjectVersion:   Dev-Rendering (12F88B9F-8875-4AFC-A67C-D90C383ABD29): 12
LogDevObjectVersion:   Dev-Sequencer (7B5AE74C-D270-4C10-A958-57980B212A5A): 3
LogDevObjectVersion:   Dev-VR (D7296918-1DD6-4BDD-9DE2-64A83CC13884): 0
LogDevObjectVersion:   Dev-LoadTimes (C2A15278-BFE7-4AFE-6C17-90FF531DF755): 1
LogInit: Compiled (64-bit): Mar 15 2017 16:52:47
LogInit: Compiled with Visual C++: 19.00.23026.00
LogInit: Build Configuration: Development
LogInit: Branch Name: ++UE4+Release-4.15
LogInit: Command line: -EpicPortal 
LogInit: Base directory: D:/UE_4.15/Engine/Binaries/Win64/
LogInit: Installed Engine Build: 1
LogInit: Presizing for max 8388607 objects, including 0 objects not considered by GC, pre-allocating 0 bytes for permanent pool.
LogInit: Object subsystem initialized
[2017.03.22-16.46.18:719][  0]LogInit: Selected Device Profile: [Windows]
[2017.03.22-16.46.18:719][  0]LogInit: Applying CVar settings loaded from the selected device profile: [Windows]
[2017.03.22-16.46.18:726][  0]LogInit: Computer: SHAMA-PC
[2017.03.22-16.46.18:726][  0]LogInit: User: 1
[2017.03.22-16.46.18:726][  0]LogInit: CPU Page size=65536, Cores=4
[2017.03.22-16.46.18:726][  0]LogInit: High frequency timer resolution =3.117777 MHz
[2017.03.22-16.46.18:726][  0]LogMemory: Memory total: Physical=12.0GB (12GB approx)
[2017.03.22-16.46.18:726][  0]LogMemory: Platform Memory Stats for Windows
[2017.03.22-16.46.18:726][  0]LogMemory: Process Physical Memory: 262.08 MB used, 262.08 MB peak
[2017.03.22-16.46.18:726][  0]LogMemory: Process Virtual Memory: 262.41 MB used, 262.41 MB peak
[2017.03.22-16.46.18:726][  0]LogMemory: Physical Memory: 5346.23 MB used,  6898.89 MB free, 12245.12 MB total
[2017.03.22-16.46.18:726][  0]LogMemory: Virtual Memory: 644.13 MB used,  6898.89 MB free, 134217728.00 MB total
[2017.03.22-16.46.18:811][  0]LogTextLocalizationManager: No translations for ('ru-RU') exist, falling back to 'en' for localization and internationalization data.
[2017.03.22-16.46.19:412][  0]LogD3D11RHI: D3D11 adapters:
[2017.03.22-16.46.20:015][  0]LogD3D11RHI:    0. 'NVIDIA GeForce GTX 760' (Feature Level 11_0)
[2017.03.22-16.46.20:015][  0]LogD3D11RHI:       2017/0/6122 MB DedicatedVideo/DedicatedSystem/SharedSystem, Outputs:2, VendorId:0x10de
[2017.03.22-16.46.20:016][  0]LogD3D11RHI:    1. 'Microsoft Basic Render Driver' (Feature Level 11_0)
[2017.03.22-16.46.20:016][  0]LogD3D11RHI:       0/0/6122 MB DedicatedVideo/DedicatedSystem/SharedSystem, Outputs:0, VendorId:0x1414
[2017.03.22-16.46.20:016][  0]LogD3D11RHI: Chosen D3D11 Adapter: 0
[2017.03.22-16.46.20:020][  0]LogD3D11RHI: Creating new Direct3DDevice
[2017.03.22-16.46.20:020][  0]LogD3D11RHI:     GPU DeviceId: 0x1187 (for the marketing name, search the web for "GPU Device Id")
[2017.03.22-16.46.20:020][  0]LogWindows: EnumDisplayDevices:
[2017.03.22-16.46.20:020][  0]LogWindows:    0. 'NVIDIA GeForce GTX 760' (P:1 D:1)
[2017.03.22-16.46.20:020][  0]LogWindows:    1. 'NVIDIA GeForce GTX 760' (P:0 D:1)
[2017.03.22-16.46.20:020][  0]LogWindows:    2. 'NVIDIA GeForce GTX 760' (P:0 D:0)
[2017.03.22-16.46.20:021][  0]LogWindows:    3. 'NVIDIA GeForce GTX 760' (P:0 D:0)
[2017.03.22-16.46.20:021][  0]LogWindows: DebugString: FoundDriverCount:4 
[2017.03.22-16.46.20:021][  0]LogD3D11RHI:     Adapter Name: NVIDIA GeForce GTX 760
[2017.03.22-16.46.20:021][  0]LogD3D11RHI:   Driver Version: 378.92 (internal:21.21.13.7892, unified:378.92)
[2017.03.22-16.46.20:021][  0]LogD3D11RHI:      Driver Date: 3-16-2017
[2017.03.22-16.46.20:021][  0]LogRHI: Texture pool is 1361 MB (70% of 1945 MB)
[2017.03.22-16.46.20:589][  0]LogD3D11RHI:Warning: Timestamp queries are currently disabled on this hardware due to instability. Realtime GPU stats will not be available. You can override this behaviour by setting r.NVIDIATimestampWorkaround to 0
[2017.03.22-16.46.20:589][  0]LogD3D11RHI: Async texture creation enabled
[2017.03.22-16.46.20:624][  0]LogD3D11RHI: GPU Timing Frequency: 1000.000000 (Debug: 2 2)
[2017.03.22-16.46.20:721][  0]LogShaderCompilers: Guid format shader working directory is 12 characters bigger than the processId version (../../../../UE proj/MyProject4/Intermediate/Shaders/WorkingDirectory/9940/).
[2017.03.22-16.46.20:721][  0]LogShaderCompilers: Cleaned the shader compiler working directory 'C:/Users/1/AppData/Local/Temp/UnrealShaderWorkingDir/120954164A0D5176861A3598F3240D72/'.
[2017.03.22-16.46.20:721][  0]LogShaderCompilers:Display: Using Local Shader Compiler.
[2017.03.22-16.46.21:787][  0]LogTemp:Display: Loaded TP AllDesktopTargetPlatform
[2017.03.22-16.46.21:831][  0]LogTemp:Display: Loaded TP MacClientTargetPlatform
[2017.03.22-16.46.21:874][  0]LogTemp:Display: Loaded TP MacNoEditorTargetPlatform
[2017.03.22-16.46.21:918][  0]LogTemp:Display: Loaded TP MacServerTargetPlatform
[2017.03.22-16.46.21:962][  0]LogTemp:Display: Loaded TP MacTargetPlatform
[2017.03.22-16.46.22:007][  0]LogTemp:Display: Loaded TP WindowsClientTargetPlatform
[2017.03.22-16.46.22:052][  0]LogTemp:Display: Loaded TP WindowsNoEditorTargetPlatform
[2017.03.22-16.46.22:097][  0]LogTemp:Display: Loaded TP WindowsServerTargetPlatform
[2017.03.22-16.46.22:130][  0]LogTemp:Display: Loaded TP WindowsTargetPlatform
[2017.03.22-16.46.22:174][  0]LogTemp:Display: Loaded TP AndroidTargetPlatform
[2017.03.22-16.46.22:219][  0]LogTemp:Display: Loaded TP Android_ASTCTargetPlatform
[2017.03.22-16.46.22:262][  0]LogTemp:Display: Loaded TP Android_ATCTargetPlatform
[2017.03.22-16.46.22:306][  0]LogTemp:Display: Loaded TP Android_DXTTargetPlatform
[2017.03.22-16.46.22:349][  0]LogTemp:Display: Loaded TP Android_ETC1TargetPlatform
[2017.03.22-16.46.22:394][  0]LogTemp:Display: Loaded TP Android_ETC2TargetPlatform
[2017.03.22-16.46.22:482][  0]LogTemp:Display: Loaded TP Android_MultiTargetPlatform
[2017.03.22-16.46.22:482][  0]LogTemp:Display: Loaded TP Android_PVRTCTargetPlatform
[2017.03.22-16.46.22:508][  0]LogTemp:Display: Loaded TP HTML5TargetPlatform
[2017.03.22-16.46.22:587][  0]LogTemp:Display: Loaded TP IOSTargetPlatform
[2017.03.22-16.46.22:617][  0]LogTemp:Display: Loaded TP TVOSTargetPlatform
[2017.03.22-16.46.22:659][  0]LogTemp:Display: Loaded TP LinuxClientTargetPlatform
[2017.03.22-16.46.22:703][  0]LogTemp:Display: Loaded TP LinuxNoEditorTargetPlatform
[2017.03.22-16.46.22:747][  0]LogTemp:Display: Loaded TP LinuxServerTargetPlatform
[2017.03.22-16.46.22:791][  0]LogTemp:Display: Loaded TP LinuxTargetPlatform
[2017.03.22-16.46.22:791][  0]LogTargetPlatformManager:Display: Building Assets For Windows
[2017.03.22-16.46.23:092][  0]LogDerivedDataCache:Display: Max Cache Size: 512 MB
[2017.03.22-16.46.23:148][  0]LogDerivedDataCache: Loaded boot cache 0.05s 50MB C:/Users/1/AppData/Local/UnrealEngine/4.15/DerivedDataCache/Boot.ddc.
[2017.03.22-16.46.23:148][  0]LogDerivedDataCache:Display: Loaded Boot cache: C:/Users/1/AppData/Local/UnrealEngine/4.15/DerivedDataCache/Boot.ddc
[2017.03.22-16.46.23:148][  0]LogDerivedDataCache: FDerivedDataBackendGraph:  Pak pak cache file ../../../../UE proj/MyProject4/DerivedDataCache/DDC.ddp not found, will not use a pak cache.
[2017.03.22-16.46.23:148][  0]LogDerivedDataCache: Unable to find inner node Pak for hierarchical cache Hierarchy.
[2017.03.22-16.46.23:148][  0]LogDerivedDataCache: FDerivedDataBackendGraph:  CompressedPak pak cache file ../../../../UE proj/MyProject4/DerivedDataCache/Compressed.ddp not found, will not use a pak cache.
[2017.03.22-16.46.23:148][  0]LogDerivedDataCache: Unable to find inner node CompressedPak for hierarchical cache Hierarchy.
[2017.03.22-16.46.23:167][  0]LogDerivedDataCache:Display: Pak cache opened for reading ../../../Engine/DerivedDataCache/Compressed.ddp.
[2017.03.22-16.46.23:179][  0]LogDerivedDataCache: Using Local data cache path C:/Users/1/AppData/Local/UnrealEngine/Common/DerivedDataCache: Writable
[2017.03.22-16.46.23:188][  0]LogSlate: Using Freetype 2.6.0
[2017.03.22-16.46.23:189][  0]LogSlate: SlateFontCache - WITH_FREETYPE: 1, WITH_HARFBUZZ: 1
[2017.03.22-16.46.23:189][  0]LogSlate: SlateFontCache - WITH_FREETYPE: 1, WITH_HARFBUZZ: 1
[2017.03.22-16.46.23:439][  0]LogInit: Selected Device Profile: [Windows]
[2017.03.22-16.46.23:442][  0]LogContentStreaming: Texture pool size is 0.00 MB
[2017.03.22-16.46.23:618][  0]LogMeshUtilities: Using QuadricMeshReduction for automatic static mesh reduction
[2017.03.22-16.46.23:648][  0]LogSimplygon: Simplygon DLL not present - disabling.
[2017.03.22-16.46.23:679][  0]LogMeshUtilities: Using SimplygonSwarm for distributed automatic mesh merging
[2017.03.22-16.46.23:679][  0]LogMeshUtilities: No automatic skeletal mesh reduction module available
[2017.03.22-16.46.23:679][  0]LogMeshUtilities: No automatic mesh merging module available
[2017.03.22-16.46.24:171][  0]LogNetVersion: GetLocalNetworkVersion: CL: 3299760, ProjectName: myproject4, ProjectVersion: , EngineNetworkVersion: 2, GameNetworkVersion: 0, NetworkChecksum: 3876459413
[2017.03.22-16.46.24:214][  0]LogAssetRegistry: FAssetRegistry took 0.0213 seconds to start up
[2017.03.22-16.46.24:236][  0]LogPackageLocalizationCache: Processed 3 localized package path(s) for 1 prioritized culture(s) in 0.008641 seconds
[2017.03.22-16.46.24:242][  0]LogUObjectArray: 32493 objects as part of root set at end of initial load.
[2017.03.22-16.46.24:242][  0]LogUObjectAllocator: 7077032 out of 0 bytes used by permanent object pool.
[2017.03.22-16.46.24:242][  0]LogUObjectArray: CloseDisregardForGC: 0/0 objects in disregard for GC pool
[2017.03.22-16.46.24:283][  0]LogInit: WinSock: version 1.1 (2.2), MaxSocks=32767, MaxUdp=65467
[2017.03.22-16.46.25:536][  0]LogTcpMessaging: Initializing TcpMessaging bridge
[2017.03.22-16.46.25:566][  0]LogUdpMessaging: Initializing bridge on interface 0.0.0.0:0 to multicast group 230.0.0.1:6666.
[2017.03.22-16.46.25:914][  0]LogMaterial: Uniform references updated for custom material expression Custom.
[2017.03.22-16.46.26:202][  0]SourceControl: Info Source control is disabled
[2017.03.22-16.46.26:229][  0]SourceControl: Info Source control is disabled
[2017.03.22-16.46.26:262][  0]SourceControl: Info Source control is disabled
[2017.03.22-16.46.26:295][  0]SourceControl: Info Source control is disabled
[2017.03.22-16.46.27:179][  0]LogEngine: Initializing Engine...
[2017.03.22-16.46.27:179][  0]LogHMD: Failed to initialize OpenVR with code 110
[2017.03.22-16.46.27:380][  0]LogAIModule: Creating AISystem for world Untitled
[2017.03.22-16.46.27:387][  0]LogInit: XAudio2 using 'Динамики (Realtek High Definition Audio)' : 2 channels at 48 kHz using 32 bits per sample (channel mask 0x3)
[2017.03.22-16.46.27:399][  0]LogInit: FAudioDevice initialized.
[2017.03.22-16.46.27:429][  0]LogDerivedDataCache: Saved boot cache 0.03s 50MB C:/Users/1/AppData/Local/UnrealEngine/4.15/DerivedDataCache/Boot.ddc.
[2017.03.22-16.46.27:435][  0]LogInit: Texture streaming: Enabled
[2017.03.22-16.46.27:500][  0]LogEngineSessionManager: EngineSessionManager initialized
[2017.03.22-16.46.27:561][  0]LogInit: Transaction tracking system initialized
[2017.03.22-16.46.27:800][  0]BlueprintLog: New page: Editor Load
[2017.03.22-16.46.28:418][  0]LocalizationService: Info Localization service is disabled
[2017.03.22-16.46.28:889][  0]LogConsoleResponse:Display: 
[2017.03.22-16.46.29:000][  0]LogCook:Display: Max memory allowance for cook 16384mb min free memory 0mb
[2017.03.22-16.46.29:000][  0]LogCook:Display: Mobile HDR setting 1
[2017.03.22-16.46.29:258][  0]LogFileCache: Scanning file cache for directory 'D:/UE proj/MyProject4/Content/' took 0.01s
[2017.03.22-16.46.29:704][  0]SourceControl: Info Source control is disabled
[2017.03.22-16.46.29:704][  0]Cmd: MAP LOAD FILE="../../../../UE proj/MyProject4/Content/ThirdPersonBP/Maps/ThirdPersonExampleMap.umap" TEMPLATE=0 SHOWPROGRESS=1 FEATURELEVEL=3
[2017.03.22-16.46.29:704][  0]LogEditorServer:Warning: Can't find file '../../../../UE proj/MyProject4/Content/ThirdPersonBP/Maps/ThirdPersonExampleMap.umap'
[2017.03.22-16.46.29:704][  0]Cmd: MAP CHECKDEP NOCLEARLOG
[2017.03.22-16.46.29:729][  0]MapCheck: Info Map check complete: 0 Error(s), 0 Warning(s), took 25.109ms to complete.
[2017.03.22-16.46.29:729][  0]LogFileHelpers: Loading map 'ThirdPersonExampleMap' took 0.025
[2017.03.22-16.46.29:810][  0]LogWindowsTextInputMethodSystem:Display: IME system now deactivated.
[2017.03.22-16.46.29:956][  0]LogCollectionManager: Loaded 0 collections in 0.000877 seconds
[2017.03.22-16.46.30:027][  0]LogFileCache: Scanning file cache for directory 'D:/UE proj/MyProject4/Saved/Collections/' took 0.01s
[2017.03.22-16.46.30:027][  0]LogFileCache: Scanning file cache for directory 'D:/UE proj/MyProject4/Content/Developers/1/Collections/' took 0.01s
[2017.03.22-16.46.30:027][  0]LogFileCache: Scanning file cache for directory 'D:/UE proj/MyProject4/Content/Collections/' took 0.01s
[2017.03.22-16.46.30:027][  0]LogCollectionManager: Rebuilt the GUID cache for 0 collections in 0.000002 seconds
[2017.03.22-16.46.30:036][  0]LogContentBrowser: Native class hierarchy populated in 0.0089 seconds. Added 2246 classes and 455 folders.
[2017.03.22-16.46.30:040][  0]LogStats: UGameplayTagsManager::ConstructGameplayTagTree: Construct from data asset -  0.000 s
[2017.03.22-16.46.30:040][  0]LogStats: UGameplayTagsManager::ConstructGameplayTagTree: GameplayTagTreeChangedEvent.Broadcast -  0.000 s
[2017.03.22-16.46.30:084][  0]LogContentBrowser: Native class hierarchy updated for 'WidgetCarousel' in 0.0005 seconds. Added 0 classes and 0 folders.
[2017.03.22-16.46.30:116][  0]LogContentBrowser: Native class hierarchy updated for 'AddContentDialog' in 0.0005 seconds. Added 0 classes and 0 folders.
[2017.03.22-16.46.30:155][  0]LogCrashTracker: Crashtracker disabled due to settings.
[2017.03.22-16.46.30:165][  0]LogUObjectGlobals:Warning: Failed to find object 'Class None.'
[2017.03.22-16.46.30:216][  0]LogContentBrowser: Native class hierarchy updated for 'HierarchicalLODOutliner' in 0.0005 seconds. Added 1 classes and 2 folders.
[2017.03.22-16.46.30:216][  0]LogLoad: (Engine Initialization) Total time: 13.04 seconds
[2017.03.22-16.46.30:216][  0]LogLoad: (Engine Initialization) Total Blueprint compile time: 0.03 seconds
[2017.03.22-16.46.30:216][  0]LogExternalProfiler: Found external profiler: VSPerf
[2017.03.22-16.46.30:216][  0]LogExternalProfiler: Using external profiler: VSPerf
[2017.03.22-16.46.30:225][  0]LogOcInput: OculusInput pre-init called
[2017.03.22-16.46.30:246][  0]LogContentStreaming: Texture pool size now 1000 MB
[2017.03.22-16.46.30:247][  0]LogSlate: Took 0.000186 seconds to synchronously load lazily loaded font '../../../Engine/Content/Slate/Fonts/Roboto-Regular.ttf' (155K)
[2017.03.22-16.46.30:252][  0]LogSlate: Took 0.000260 seconds to synchronously load lazily loaded font '../../../Engine/Content/Slate/Fonts/Roboto-Bold.ttf' (160K)
[2017.03.22-16.46.30:389][  0]LogRenderer: Reallocating scene render targets to support 1404x904 NumSamples 1 (Frame:2).
[2017.03.22-16.46.30:451][  1]LogAssetRegistry: Asset discovery search completed in 6.2586 seconds
[2017.03.22-16.46.30:451][  1]LogCollectionManager: Rebuilt the object cache for 0 collections in 0.000006 seconds (found 0 objects)
[2017.03.22-16.46.30:451][  1]LogCollectionManager: Fixed up redirectors for 0 collections in 0.000021 seconds (updated 0 objects)
[2017.03.22-16.46.33:616][352]LogSlate: Took 0.000173 seconds to synchronously load lazily loaded font '../../../Engine/Content/Slate/Fonts/Roboto-Light.ttf' (159K)
[2017.03.22-16.46.39:146][ 14]Cmd: MAP LOAD FILE="../../../../UE proj/MyProject4/Content/ThirdPersonBP/Maps/BeginLevel.umap" TEMPLATE=0 SHOWPROGRESS=1 FEATURELEVEL=3
[2017.03.22-16.46.39:152][ 14]LogSlate: Took 0.000152 seconds to synchronously load lazily loaded font '../../../Engine/Content/Slate/Fonts/Roboto-Light.ttf' (159K)
[2017.03.22-16.46.39:163][ 14]LightingResults: New page: Lighting Build
[2017.03.22-16.46.39:191][ 14]LogContentBrowser: Native class hierarchy updated for 'StatsViewer' in 0.0007 seconds. Added 5 classes and 0 folders.
[2017.03.22-16.46.39:193][ 14]LoadErrors: New page: Loading map: BeginLevel.umap
[2017.03.22-16.46.39:194][ 14]MapCheck: New page: Map Check
[2017.03.22-16.46.39:194][ 14]LightingResults: New page: Lighting Build
[2017.03.22-16.46.39:427][ 14]LogAIModule: Creating AISystem for world BeginLevel
[2017.03.22-16.46.39:438][ 14]LogEditorServer: Finished looking for orphan Actors (0.000 secs)
[2017.03.22-16.46.39:463][ 14]Cmd: MAP CHECKDEP NOCLEARLOG
[2017.03.22-16.46.39:491][ 14]MapCheck: Info Map check complete: 0 Error(s), 0 Warning(s), took 28.085ms to complete.
[2017.03.22-16.46.39:491][ 14]LogFileHelpers: Loading map 'BeginLevel' took 0.345
[2017.03.22-16.46.55:904][969]LogTemp: Repeting last play command: Selected Viewport
[2017.03.22-16.46.55:914][969]LogBlueprintUserMessages: Early PlayInEditor Detection: Level '/Game/ThirdPersonBP/Maps/BeginLevel.BeginLevel:PersistentLevel' has LevelScriptBlueprint '/Game/ThirdPersonBP/Maps/BeginLevel.BeginLevel:PersistentLevel.BeginLevel' with GeneratedClass '/Game/ThirdPersonBP/Maps/BeginLevel.BeginLevel_C' with ClassGeneratedBy '/Game/ThirdPersonBP/Maps/BeginLevel.BeginLevel:PersistentLevel.BeginLevel'
[2017.03.22-16.46.55:914][969]LogPlayLevel: PlayLevel: No blueprints needed recompiling
[2017.03.22-16.46.55:914][969]PIE: New page: PIE session: BeginLevel (Mar 22, 2017, 10:46:55 PM)
[2017.03.22-16.46.55:914][969]LogPlayLevel: Creating play world package: /Game/ThirdPersonBP/Maps/UEDPIE_0_BeginLevel
[2017.03.22-16.46.55:917][969]LogPlayLevel: PIE: StaticDuplicateObject took: (0.002288s)
[2017.03.22-16.46.55:917][969]LogAIModule: Creating AISystem for world BeginLevel
[2017.03.22-16.46.55:917][969]LogPlayLevel: PIE: World Init took: (0.000813s)
[2017.03.22-16.46.55:918][969]LogPlayLevel: PIE: Created PIE world by copying editor world from /Game/ThirdPersonBP/Maps/BeginLevel.BeginLevel to /Game/ThirdPersonBP/Maps/UEDPIE_0_BeginLevel.BeginLevel (0.003333s)
[2017.03.22-16.46.55:931][969]LogInit: XAudio2 using 'Динамики (Realtek High Definition Audio)' : 2 channels at 48 kHz using 32 bits per sample (channel mask 0x3)
[2017.03.22-16.46.55:941][969]LogInit: FAudioDevice initialized.
[2017.03.22-16.46.56:164][969]LogLoad: Game class is 'RenderToTexture_Game_C'
[2017.03.22-16.46.56:166][969]LogWorld: Bringing World /Game/ThirdPersonBP/Maps/UEDPIE_0_BeginLevel.BeginLevel up for play (max tick rate 0) at 2017.03.22-19.46.56
[2017.03.22-16.46.56:166][969]LogWorld: Bringing up level for play took: 0.000882
[2017.03.22-16.46.56:197][969]LogContentBrowser: Native class hierarchy updated for 'MovieSceneCapture' in 0.0009 seconds. Added 11 classes and 0 folders.
[2017.03.22-16.46.56:197][969]LogGameMode:Display: Match State Changed from EnteringMap to WaitingToStart
[2017.03.22-16.46.56:197][969]LogGameState: Match State Changed from EnteringMap to WaitingToStart
[2017.03.22-16.46.56:197][969]LogGameMode:Display: Match State Changed from WaitingToStart to InProgress
[2017.03.22-16.46.56:198][969]LogGameState: Match State Changed from WaitingToStart to InProgress
[2017.03.22-16.46.56:199][969]PIE: Info Play in editor start time for /Game/ThirdPersonBP/Maps/UEDPIE_0_BeginLevel 0.167
[2017.03.22-16.46.56:199][969]LogBlueprintUserMessages: Late PlayInEditor Detection: Level '/Game/ThirdPersonBP/Maps/BeginLevel.BeginLevel:PersistentLevel' has LevelScriptBlueprint '/Game/ThirdPersonBP/Maps/BeginLevel.BeginLevel:PersistentLevel.BeginLevel' with GeneratedClass '/Game/ThirdPersonBP/Maps/BeginLevel.BeginLevel_C' with ClassGeneratedBy '/Game/ThirdPersonBP/Maps/BeginLevel.BeginLevel:PersistentLevel.BeginLevel'
[2017.03.22-16.47.02:778][754]LogBlueprintUserMessages: Early EndPlayMap Detection: Level '/Game/ThirdPersonBP/Maps/BeginLevel.BeginLevel:PersistentLevel' has LevelScriptBlueprint '/Game/ThirdPersonBP/Maps/BeginLevel.BeginLevel:PersistentLevel.BeginLevel' with GeneratedClass '/Game/ThirdPersonBP/Maps/BeginLevel.BeginLevel_C' with ClassGeneratedBy '/Game/ThirdPersonBP/Maps/BeginLevel.BeginLevel:PersistentLevel.BeginLevel'
[2017.03.22-16.47.02:811][754]LogBlueprintUserMessages: Late EndPlayMap Detection: Level '/Game/ThirdPersonBP/Maps/BeginLevel.BeginLevel:PersistentLevel' has LevelScriptBlueprint '/Game/ThirdPersonBP/Maps/BeginLevel.BeginLevel:PersistentLevel.BeginLevel' with GeneratedClass '/Game/ThirdPersonBP/Maps/BeginLevel.BeginLevel_C' with ClassGeneratedBy '/Game/ThirdPersonBP/Maps/BeginLevel.BeginLevel:PersistentLevel.BeginLevel'
[2017.03.22-16.47.19:114][960]LogTemp: Repeting last play command: Selected Viewport
[2017.03.22-16.47.19:123][960]LogBlueprintUserMessages: Early PlayInEditor Detection: Level '/Game/ThirdPersonBP/Maps/BeginLevel.BeginLevel:PersistentLevel' has LevelScriptBlueprint '/Game/ThirdPersonBP/Maps/BeginLevel.BeginLevel:PersistentLevel.BeginLevel' with GeneratedClass '/Game/ThirdPersonBP/Maps/BeginLevel.BeginLevel_C' with ClassGeneratedBy '/Game/ThirdPersonBP/Maps/BeginLevel.BeginLevel:PersistentLevel.BeginLevel'
[2017.03.22-16.47.19:123][960]LogPlayLevel: PlayLevel: No blueprints needed recompiling
[2017.03.22-16.47.19:123][960]PIE: New page: PIE session: BeginLevel (Mar 22, 2017, 10:47:19 PM)
[2017.03.22-16.47.19:124][960]LogPlayLevel: Creating play world package: /Game/ThirdPersonBP/Maps/UEDPIE_0_BeginLevel
[2017.03.22-16.47.19:126][960]LogPlayLevel: PIE: StaticDuplicateObject took: (0.002263s)
[2017.03.22-16.47.19:126][960]LogAIModule: Creating AISystem for world BeginLevel
[2017.03.22-16.47.19:127][960]LogPlayLevel: PIE: World Init took: (0.000798s)
[2017.03.22-16.47.19:127][960]LogPlayLevel: PIE: Created PIE world by copying editor world from /Game/ThirdPersonBP/Maps/BeginLevel.BeginLevel to /Game/ThirdPersonBP/Maps/UEDPIE_0_BeginLevel.BeginLevel (0.003279s)
[2017.03.22-16.47.19:138][960]LogInit: XAudio2 using 'Динамики (Realtek High Definition Audio)' : 2 channels at 48 kHz using 32 bits per sample (channel mask 0x3)
[2017.03.22-16.47.19:147][960]LogInit: FAudioDevice initialized.
[2017.03.22-16.47.19:175][960]LogLoad: Game class is 'RenderToTexture_Game_C'
[2017.03.22-16.47.19:177][960]LogWorld: Bringing World /Game/ThirdPersonBP/Maps/UEDPIE_0_BeginLevel.BeginLevel up for play (max tick rate 0) at 2017.03.22-19.47.19
[2017.03.22-16.47.19:177][960]LogWorld: Bringing up level for play took: 0.001176
[2017.03.22-16.47.19:178][960]LogGameMode:Display: Match State Changed from EnteringMap to WaitingToStart
[2017.03.22-16.47.19:178][960]LogGameState: Match State Changed from EnteringMap to WaitingToStart
[2017.03.22-16.47.19:178][960]LogGameMode:Display: Match State Changed from WaitingToStart to InProgress
[2017.03.22-16.47.19:179][960]LogGameState: Match State Changed from WaitingToStart to InProgress
[2017.03.22-16.47.19:179][960]PIE: Info Play in editor start time for /Game/ThirdPersonBP/Maps/UEDPIE_0_BeginLevel -0.853
[2017.03.22-16.47.19:180][960]LogBlueprintUserMessages: Late PlayInEditor Detection: Level '/Game/ThirdPersonBP/Maps/BeginLevel.BeginLevel:PersistentLevel' has LevelScriptBlueprint '/Game/ThirdPersonBP/Maps/BeginLevel.BeginLevel:PersistentLevel.BeginLevel' with GeneratedClass '/Game/ThirdPersonBP/Maps/BeginLevel.BeginLevel_C' with ClassGeneratedBy '/Game/ThirdPersonBP/Maps/BeginLevel.BeginLevel:PersistentLevel.BeginLevel'
[2017.03.22-16.47.36:640][  0]LogGameMode:Display: Match State Changed from InProgress to LeavingMap
[2017.03.22-16.47.36:640][  0]LogGameState: Match State Changed from InProgress to LeavingMap
[2017.03.22-16.47.36:641][  0]LogNet: Browse: /Game/ThirdPersonBP/Maps/FirstLevelMap
[2017.03.22-16.47.36:641][  0]LogLoad: LoadMap: /Game/ThirdPersonBP/Maps/FirstLevelMap
[2017.03.22-16.47.36:654][  0]Cmd: MEM
[2017.03.22-16.47.36:665][  0]LogMemory: Platform Memory Stats for Windows
[2017.03.22-16.47.36:665][  0]LogMemory: Process Physical Memory: 950.39 MB used, 968.41 MB peak
[2017.03.22-16.47.36:665][  0]LogMemory: Process Virtual Memory: 1340.87 MB used, 1500.32 MB peak
[2017.03.22-16.47.36:665][  0]LogMemory: Physical Memory: 5282.04 MB used,  6963.08 MB free, 12245.12 MB total
[2017.03.22-16.47.36:665][  0]LogMemory: Virtual Memory: 2107.71 MB used,  6963.08 MB free, 134217728.00 MB total
[2017.03.22-16.47.36:665][  0]LogMemory: 
[2017.03.22-16.47.36:665][  0]Allocator Stats for TBB: (not implemented)
[2017.03.22-16.47.37:145][  0]LogAIModule: Creating AISystem for world FirstLevelMap
[2017.03.22-16.47.37:145][  0]LogLoad: Game class is 'RenderToTexture_Game_C'
[2017.03.22-16.47.37:152][  0]LogWorld: Bringing World /Game/ThirdPersonBP/Maps/UEDPIE_0_FirstLevelMap.FirstLevelMap up for play (max tick rate 0) at 2017.03.22-19.47.37
[2017.03.22-16.47.37:154][  0]LogWorld: Bringing up level for play took: 0.007517
[2017.03.22-16.47.37:154][  0]LogGameMode:Display: Match State Changed from EnteringMap to WaitingToStart
[2017.03.22-16.47.37:154][  0]LogGameState: Match State Changed from EnteringMap to WaitingToStart
[2017.03.22-16.47.37:154][  0]LogGameMode:Display: Match State Changed from WaitingToStart to InProgress
[2017.03.22-16.47.37:155][  0]LogGameState: Match State Changed from WaitingToStart to InProgress
[2017.03.22-16.47.37:155][  0]LogLoad: Took 0.513664 seconds to LoadMap(/Game/ThirdPersonBP/Maps/FirstLevelMap)
[2017.03.22-16.49.12:866][235]LogBlueprintUserMessages: Early EndPlayMap Detection: Level '/Game/ThirdPersonBP/Maps/BeginLevel.BeginLevel:PersistentLevel' has LevelScriptBlueprint '/Game/ThirdPersonBP/Maps/BeginLevel.BeginLevel:PersistentLevel.BeginLevel' with GeneratedClass '/Game/ThirdPersonBP/Maps/BeginLevel.BeginLevel_C' with ClassGeneratedBy '/Game/ThirdPersonBP/Maps/BeginLevel.BeginLevel:PersistentLevel.BeginLevel'
[2017.03.22-16.49.12:902][235]LogBlueprintUserMessages: Late EndPlayMap Detection: Level '/Game/ThirdPersonBP/Maps/BeginLevel.BeginLevel:PersistentLevel' has LevelScriptBlueprint '/Game/ThirdPersonBP/Maps/BeginLevel.BeginLevel:PersistentLevel.BeginLevel' with GeneratedClass '/Game/ThirdPersonBP/Maps/BeginLevel.BeginLevel_C' with ClassGeneratedBy '/Game/ThirdPersonBP/Maps/BeginLevel.BeginLevel:PersistentLevel.BeginLevel'
[2017.03.22-16.49.14:248][390]LogTemp: Repeting last play command: Selected Viewport
[2017.03.22-16.49.14:258][390]LogBlueprintUserMessages: Early PlayInEditor Detection: Level '/Game/ThirdPersonBP/Maps/BeginLevel.BeginLevel:PersistentLevel' has LevelScriptBlueprint '/Game/ThirdPersonBP/Maps/BeginLevel.BeginLevel:PersistentLevel.BeginLevel' with GeneratedClass '/Game/ThirdPersonBP/Maps/BeginLevel.BeginLevel_C' with ClassGeneratedBy '/Game/ThirdPersonBP/Maps/BeginLevel.BeginLevel:PersistentLevel.BeginLevel'
[2017.03.22-16.49.14:258][390]LogPlayLevel: PlayLevel: No blueprints needed recompiling
[2017.03.22-16.49.14:258][390]PIE: New page: PIE session: BeginLevel (Mar 22, 2017, 10:49:14 PM)
[2017.03.22-16.49.14:258][390]LogPlayLevel: Creating play world package: /Game/ThirdPersonBP/Maps/UEDPIE_0_BeginLevel
[2017.03.22-16.49.14:260][390]LogPlayLevel: PIE: StaticDuplicateObject took: (0.002097s)
[2017.03.22-16.49.14:261][390]LogAIModule: Creating AISystem for world BeginLevel
[2017.03.22-16.49.14:261][390]LogPlayLevel: PIE: World Init took: (0.000792s)
[2017.03.22-16.49.14:261][390]LogPlayLevel: PIE: Created PIE world by copying editor world from /Game/ThirdPersonBP/Maps/BeginLevel.BeginLevel to /Game/ThirdPersonBP/Maps/UEDPIE_0_BeginLevel.BeginLevel (0.003078s)
[2017.03.22-16.49.14:284][390]LogInit: XAudio2 using 'Динамики (Realtek High Definition Audio)' : 2 channels at 48 kHz using 32 bits per sample (channel mask 0x3)
[2017.03.22-16.49.14:301][390]LogInit: FAudioDevice initialized.
[2017.03.22-16.49.14:334][390]LogLoad: Game class is 'RenderToTexture_Game_C'
[2017.03.22-16.49.14:336][390]LogWorld: Bringing World /Game/ThirdPersonBP/Maps/UEDPIE_0_BeginLevel.BeginLevel up for play (max tick rate 0) at 2017.03.22-19.49.14
[2017.03.22-16.49.14:336][390]LogWorld: Bringing up level for play took: 0.000990
[2017.03.22-16.49.14:336][390]LogGameMode:Display: Match State Changed from EnteringMap to WaitingToStart
[2017.03.22-16.49.14:336][390]LogGameState: Match State Changed from EnteringMap to WaitingToStart
[2017.03.22-16.49.14:336][390]LogGameMode:Display: Match State Changed from WaitingToStart to InProgress
[2017.03.22-16.49.14:337][390]LogGameState: Match State Changed from WaitingToStart to InProgress
[2017.03.22-16.49.14:338][390]PIE: Info Play in editor start time for /Game/ThirdPersonBP/Maps/UEDPIE_0_BeginLevel 0.306
[2017.03.22-16.49.14:338][390]LogBlueprintUserMessages: Late PlayInEditor Detection: Level '/Game/ThirdPersonBP/Maps/BeginLevel.BeginLevel:PersistentLevel' has LevelScriptBlueprint '/Game/ThirdPersonBP/Maps/BeginLevel.BeginLevel:PersistentLevel.BeginLevel' with GeneratedClass '/Game/ThirdPersonBP/Maps/BeginLevel.BeginLevel_C' with ClassGeneratedBy '/Game/ThirdPersonBP/Maps/BeginLevel.BeginLevel:PersistentLevel.BeginLevel'
[2017.03.22-16.49.15:454][518]LogGameMode:Display: Match State Changed from InProgress to LeavingMap
[2017.03.22-16.49.15:454][518]LogGameState: Match State Changed from InProgress to LeavingMap
[2017.03.22-16.49.15:455][518]LogNet: Browse: /Game/ThirdPersonBP/Maps/FirstLevelMap
[2017.03.22-16.49.15:455][518]LogLoad: LoadMap: /Game/ThirdPersonBP/Maps/FirstLevelMap
[2017.03.22-16.49.15:466][518]Cmd: MEM
[2017.03.22-16.49.15:476][518]LogMemory: Platform Memory Stats for Windows
[2017.03.22-16.49.15:476][518]LogMemory: Process Physical Memory: 1137.98 MB used, 1138.02 MB peak
[2017.03.22-16.49.15:476][518]LogMemory: Process Virtual Memory: 1533.92 MB used, 1694.91 MB peak
[2017.03.22-16.49.15:476][518]LogMemory: Physical Memory: 5450.72 MB used,  6794.40 MB free, 12245.12 MB total
[2017.03.22-16.49.15:476][518]LogMemory: Virtual Memory: 2294.75 MB used,  6794.40 MB free, 134217728.00 MB total
[2017.03.22-16.49.15:476][518]LogMemory: 
[2017.03.22-16.49.15:476][518]Allocator Stats for TBB: (not implemented)
[2017.03.22-16.49.15:621][518]LogAIModule: Creating AISystem for world FirstLevelMap
[2017.03.22-16.49.15:621][518]LogLoad: Game class is 'RenderToTexture_Game_C'
[2017.03.22-16.49.15:626][518]LogWorld: Bringing World /Game/ThirdPersonBP/Maps/UEDPIE_0_FirstLevelMap.FirstLevelMap up for play (max tick rate 0) at 2017.03.22-19.49.15
[2017.03.22-16.49.15:628][518]LogWorld: Bringing up level for play took: 0.005894
[2017.03.22-16.49.15:629][518]LogGameMode:Display: Match State Changed from EnteringMap to WaitingToStart
[2017.03.22-16.49.15:629][518]LogGameState: Match State Changed from EnteringMap to WaitingToStart
[2017.03.22-16.49.15:629][518]LogGameMode:Display: Match State Changed from WaitingToStart to InProgress
[2017.03.22-16.49.15:629][518]LogGameState: Match State Changed from WaitingToStart to InProgress
[2017.03.22-16.49.15:629][518]LogLoad: Took 0.174491 seconds to LoadMap(/Game/ThirdPersonBP/Maps/FirstLevelMap)
[2017.03.22-16.49.19:898][ 16]LogGameMode:Display: Match State Changed from InProgress to LeavingMap
[2017.03.22-16.49.19:899][ 16]LogGameState: Match State Changed from InProgress to LeavingMap
[2017.03.22-16.49.19:899][ 16]LogNet: Browse: /Game/ThirdPersonBP/Maps/BeginLevel
[2017.03.22-16.49.19:899][ 16]LogLoad: LoadMap: /Game/ThirdPersonBP/Maps/BeginLevel
[2017.03.22-16.49.19:911][ 16]Cmd: MEM
[2017.03.22-16.49.19:921][ 16]LogMemory: Platform Memory Stats for Windows
[2017.03.22-16.49.19:921][ 16]LogMemory: Process Physical Memory: 1096.71 MB used, 1160.30 MB peak
[2017.03.22-16.49.19:921][ 16]LogMemory: Process Virtual Memory: 1457.54 MB used, 1713.87 MB peak
[2017.03.22-16.49.19:921][ 16]LogMemory: Physical Memory: 5424.06 MB used,  6821.06 MB free, 12245.12 MB total
[2017.03.22-16.49.19:921][ 16]LogMemory: Virtual Memory: 2299.25 MB used,  6821.06 MB free, 134217728.00 MB total
[2017.03.22-16.49.19:921][ 16]LogMemory: 
[2017.03.22-16.49.19:921][ 16]Allocator Stats for TBB: (not implemented)
[2017.03.22-16.49.19:921][ 16]LogPlayLevel: Creating play world package: /Game/ThirdPersonBP/Maps/UEDPIE_0_BeginLevel
[2017.03.22-16.49.19:923][ 16]LogPlayLevel: PIE: StaticDuplicateObject took: (0.001975s)
[2017.03.22-16.49.19:924][ 16]LogAIModule: Creating AISystem for world BeginLevel
[2017.03.22-16.49.19:924][ 16]LogPlayLevel: PIE: World Init took: (0.000698s)
[2017.03.22-16.49.19:924][ 16]LogPlayLevel: PIE: Created PIE world by copying editor world from /Game/ThirdPersonBP/Maps/BeginLevel.BeginLevel to /Game/ThirdPersonBP/Maps/UEDPIE_0_BeginLevel.BeginLevel (0.002877s)
[2017.03.22-16.49.19:924][ 16]LogLoad: Game class is 'RenderToTexture_Game_C'
[2017.03.22-16.49.19:926][ 16]LogWorld: Bringing World /Game/ThirdPersonBP/Maps/UEDPIE_0_BeginLevel.BeginLevel up for play (max tick rate 0) at 2017.03.22-19.49.19
[2017.03.22-16.49.19:926][ 16]LogWorld: Bringing up level for play took: 0.000960
[2017.03.22-16.49.19:927][ 16]LogGameMode:Display: Match State Changed from EnteringMap to WaitingToStart
[2017.03.22-16.49.19:927][ 16]LogGameState: Match State Changed from EnteringMap to WaitingToStart
[2017.03.22-16.49.19:927][ 16]LogGameMode:Display: Match State Changed from WaitingToStart to InProgress
[2017.03.22-16.49.19:928][ 16]LogGameState: Match State Changed from WaitingToStart to InProgress
[2017.03.22-16.49.19:928][ 16]LogLoad: Took 0.029191 seconds to LoadMap(/Game/ThirdPersonBP/Maps/UEDPIE_0_BeginLevel)
[2017.03.22-16.49.22:812][355]LogGameMode:Display: Match State Changed from InProgress to LeavingMap
[2017.03.22-16.49.22:812][355]LogGameState: Match State Changed from InProgress to LeavingMap
[2017.03.22-16.49.22:813][355]LogNet: Browse: /Game/ThirdPersonBP/Maps/FirstLevelMap
[2017.03.22-16.49.22:813][355]LogLoad: LoadMap: /Game/ThirdPersonBP/Maps/FirstLevelMap
[2017.03.22-16.49.22:827][355]Cmd: MEM
[2017.03.22-16.49.22:839][355]LogMemory: Platform Memory Stats for Windows
[2017.03.22-16.49.22:839][355]LogMemory: Process Physical Memory: 1094.77 MB used, 1160.30 MB peak
[2017.03.22-16.49.22:839][355]LogMemory: Process Virtual Memory: 1503.63 MB used, 1713.87 MB peak
[2017.03.22-16.49.22:839][355]LogMemory: Physical Memory: 5420.05 MB used,  6825.07 MB free, 12245.12 MB total
[2017.03.22-16.49.22:839][355]LogMemory: Virtual Memory: 2315.25 MB used,  6825.07 MB free, 134217728.00 MB total
[2017.03.22-16.49.22:839][355]LogMemory: 
[2017.03.22-16.49.22:839][355]Allocator Stats for TBB: (not implemented)
[2017.03.22-16.49.22:975][355]LogAIModule: Creating AISystem for world FirstLevelMap
[2017.03.22-16.49.22:976][355]LogLoad: Game class is 'RenderToTexture_Game_C'
[2017.03.22-16.49.22:980][355]LogWorld: Bringing World /Game/ThirdPersonBP/Maps/UEDPIE_0_FirstLevelMap.FirstLevelMap up for play (max tick rate 0) at 2017.03.22-19.49.22
[2017.03.22-16.49.22:981][355]LogWorld: Bringing up level for play took: 0.004402
[2017.03.22-16.49.22:982][355]LogGameMode:Display: Match State Changed from EnteringMap to WaitingToStart
[2017.03.22-16.49.22:982][355]LogGameState: Match State Changed from EnteringMap to WaitingToStart
[2017.03.22-16.49.22:982][355]LogGameMode:Display: Match State Changed from WaitingToStart to InProgress
[2017.03.22-16.49.22:982][355]LogGameState: Match State Changed from WaitingToStart to InProgress
[2017.03.22-16.49.22:982][355]LogLoad: Took 0.169414 seconds to LoadMap(/Game/ThirdPersonBP/Maps/FirstLevelMap)
[2017.03.22-16.49.29:512][113]LogBlueprintUserMessages: Early EndPlayMap Detection: Level '/Game/ThirdPersonBP/Maps/BeginLevel.BeginLevel:PersistentLevel' has LevelScriptBlueprint '/Game/ThirdPersonBP/Maps/BeginLevel.BeginLevel:PersistentLevel.BeginLevel' with GeneratedClass '/Game/ThirdPersonBP/Maps/BeginLevel.BeginLevel_C' with ClassGeneratedBy '/Game/ThirdPersonBP/Maps/BeginLevel.BeginLevel:PersistentLevel.BeginLevel'
[2017.03.22-16.49.29:547][113]LogBlueprintUserMessages: Late EndPlayMap Detection: Level '/Game/ThirdPersonBP/Maps/BeginLevel.BeginLevel:PersistentLevel' has LevelScriptBlueprint '/Game/ThirdPersonBP/Maps/BeginLevel.BeginLevel:PersistentLevel.BeginLevel' with GeneratedClass '/Game/ThirdPersonBP/Maps/BeginLevel.BeginLevel_C' with ClassGeneratedBy '/Game/ThirdPersonBP/Maps/BeginLevel.BeginLevel:PersistentLevel.BeginLevel'
[2017.03.22-16.49.38:383][140]Cmd: SELECT NONE
[2017.03.22-16.50.02:650][905]Cmd: MAP LOAD FILE="../../../../UE proj/MyProject4/Content/ThirdPersonBP/Maps/FirstLevelMap.umap" TEMPLATE=0 SHOWPROGRESS=1 FEATURELEVEL=3
[2017.03.22-16.50.02:666][905]LightingResults: New page: Lighting Build
[2017.03.22-16.50.02:668][905]LoadErrors: New page: Loading map: FirstLevelMap.umap
[2017.03.22-16.50.02:668][905]MapCheck: New page: Map Check
[2017.03.22-16.50.02:668][905]LightingResults: New page: Lighting Build
[2017.03.22-16.50.02:770][905]LogAIModule: Creating AISystem for world FirstLevelMap
[2017.03.22-16.50.02:778][905]LogEditorServer: Finished looking for orphan Actors (0.000 secs)
[2017.03.22-16.50.02:800][905]Cmd: MAP CHECKDEP NOCLEARLOG
[2017.03.22-16.50.02:838][905]MapCheck: Info Map check complete: 0 Error(s), 0 Warning(s), took 37.401ms to complete.
[2017.03.22-16.50.02:838][905]LogFileHelpers: Loading map 'FirstLevelMap' took 0.189
[2017.03.22-16.50.53:695][591]LogTemp: Repeting last play command: Selected Viewport
[2017.03.22-16.50.53:704][591]LogBlueprintUserMessages: Early PlayInEditor Detection: Level '/Game/ThirdPersonBP/Maps/FirstLevelMap.FirstLevelMap:PersistentLevel' has LevelScriptBlueprint '/Game/ThirdPersonBP/Maps/FirstLevelMap.FirstLevelMap:PersistentLevel.FirstLevelMap' with GeneratedClass '/Game/ThirdPersonBP/Maps/FirstLevelMap.FirstLevelMap_C' with ClassGeneratedBy '/Game/ThirdPersonBP/Maps/FirstLevelMap.FirstLevelMap:PersistentLevel.FirstLevelMap'
[2017.03.22-16.50.53:704][591]LogPlayLevel: PlayLevel: No blueprints needed recompiling
[2017.03.22-16.50.53:704][591]PIE: New page: PIE session: FirstLevelMap (Mar 22, 2017, 10:50:53 PM)
[2017.03.22-16.50.53:705][591]LogPlayLevel: Creating play world package: /Game/ThirdPersonBP/Maps/UEDPIE_0_FirstLevelMap
[2017.03.22-16.50.53:710][591]LogPlayLevel: PIE: StaticDuplicateObject took: (0.005683s)
[2017.03.22-16.50.53:711][591]LogAIModule: Creating AISystem for world FirstLevelMap
[2017.03.22-16.50.53:711][591]LogPlayLevel: PIE: World Init took: (0.000781s)
[2017.03.22-16.50.53:711][591]LogPlayLevel: PIE: Created PIE world by copying editor world from /Game/ThirdPersonBP/Maps/FirstLevelMap.FirstLevelMap to /Game/ThirdPersonBP/Maps/UEDPIE_0_FirstLevelMap.FirstLevelMap (0.006703s)
[2017.03.22-16.50.53:725][591]LogInit: XAudio2 using 'Динамики (Realtek High Definition Audio)' : 2 channels at 48 kHz using 32 bits per sample (channel mask 0x3)
[2017.03.22-16.50.53:735][591]LogInit: FAudioDevice initialized.
[2017.03.22-16.50.53:766][591]LogLoad: Game class is 'RenderToTexture_Game_C'
[2017.03.22-16.50.53:769][591]LogWorld: Bringing World /Game/ThirdPersonBP/Maps/UEDPIE_0_FirstLevelMap.FirstLevelMap up for play (max tick rate 0) at 2017.03.22-19.50.53
[2017.03.22-16.50.53:770][591]LogWorld: Bringing up level for play took: 0.002904
[2017.03.22-16.50.53:771][591]LogGameMode:Display: Match State Changed from EnteringMap to WaitingToStart
[2017.03.22-16.50.53:771][591]LogGameState: Match State Changed from EnteringMap to WaitingToStart
[2017.03.22-16.50.53:771][591]LogGameMode:Display: Match State Changed from WaitingToStart to InProgress
[2017.03.22-16.50.53:771][591]LogGameState: Match State Changed from WaitingToStart to InProgress
[2017.03.22-16.50.53:771][591]PIE: Info Play in editor start time for /Game/ThirdPersonBP/Maps/UEDPIE_0_FirstLevelMap -0.261
[2017.03.22-16.50.53:771][591]LogBlueprintUserMessages: Late PlayInEditor Detection: Level '/Game/ThirdPersonBP/Maps/FirstLevelMap.FirstLevelMap:PersistentLevel' has LevelScriptBlueprint '/Game/ThirdPersonBP/Maps/FirstLevelMap.FirstLevelMap:PersistentLevel.FirstLevelMap' with GeneratedClass '/Game/ThirdPersonBP/Maps/FirstLevelMap.FirstLevelMap_C' with ClassGeneratedBy '/Game/ThirdPersonBP/Maps/FirstLevelMap.FirstLevelMap:PersistentLevel.FirstLevelMap'
[2017.03.22-16.51.01:648][517]LogBlueprintUserMessages: Early EndPlayMap Detection: Level '/Game/ThirdPersonBP/Maps/FirstLevelMap.FirstLevelMap:PersistentLevel' has LevelScriptBlueprint '/Game/ThirdPersonBP/Maps/FirstLevelMap.FirstLevelMap:PersistentLevel.FirstLevelMap' with GeneratedClass '/Game/ThirdPersonBP/Maps/FirstLevelMap.FirstLevelMap_C' with ClassGeneratedBy '/Game/ThirdPersonBP/Maps/FirstLevelMap.FirstLevelMap:PersistentLevel.FirstLevelMap'
[2017.03.22-16.51.01:683][517]LogBlueprintUserMessages: Late EndPlayMap Detection: Level '/Game/ThirdPersonBP/Maps/FirstLevelMap.FirstLevelMap:PersistentLevel' has LevelScriptBlueprint '/Game/ThirdPersonBP/Maps/FirstLevelMap.FirstLevelMap:PersistentLevel.FirstLevelMap' with GeneratedClass '/Game/ThirdPersonBP/Maps/FirstLevelMap.FirstLevelMap_C' with ClassGeneratedBy '/Game/ThirdPersonBP/Maps/FirstLevelMap.FirstLevelMap:PersistentLevel.FirstLevelMap'
[2017.03.22-16.51.07:626][212]LogEditorViewport: Clicking on Actor (LMB): ThirdPersonCharacter_C (ThirdPersonCharacter2)
[2017.03.22-16.51.07:721][212]LogSlate: Took 0.000193 seconds to synchronously load lazily loaded font '../../../Engine/Content/Editor/Slate/Fonts/FontAwesome.ttf' (139K)
[2017.03.22-16.51.08:766][318]LogEditorViewport: Clicking on Actor (LMB): StaticMeshActor (Floor)
[2017.03.22-16.51.09:831][430]LogEditorViewport: Clicking Background
[2017.03.22-16.51.11:493][622]LogEditorViewport: Clicking Background
[2017.03.22-16.55.38:098][806]LogEditorViewport: Clicking on Actor (LMB): StaticMeshActor (Floor)
[2017.03.22-16.56.57:958][350]LogContentBrowser: Native class hierarchy updated for 'BlueprintGraph' in 0.0009 seconds. Added 112 classes and 0 folders.
[2017.03.22-16.56.58:604][350]LogSlate: Took 0.000131 seconds to synchronously load lazily loaded font '../../../Engine/Content/Slate/Fonts/Roboto-Regular.ttf' (155K)
[2017.03.22-16.56.58:683][350]LogSlate: Took 0.000163 seconds to synchronously load lazily loaded font '../../../Engine/Content/Editor/Slate/Fonts/Roboto-BoldCondensed.ttf' (158K)
[2017.03.22-16.56.59:165][351]LogSlate: Took 0.000213 seconds to synchronously load lazily loaded font '../../../Engine/Content/Editor/Slate/Fonts/Roboto-Italic.ttf' (157K)
[2017.03.22-17.00.11:161][ 17]LogSlate: Took 0.000173 seconds to synchronously load lazily loaded font '../../../Engine/Content/Slate/Fonts/Roboto-Light.ttf' (159K)
[2017.03.22-17.00.11:231][ 17]LogFileHelpers: Editor autosave (incl. sublevels) for '/Game/ThirdPersonBP/Maps/FirstLevelMap' took 0.024
[2017.03.22-17.00.11:232][ 17]OBJ SavePackage: Generating thumbnails for [0] asset(s) in package [/Game/ThirdPersonBP/Blueprints/RTSCam] ([1] browsable assets)...
[2017.03.22-17.00.11:232][ 17]OBJ SavePackage: Finished generating thumbnails for package [/Game/ThirdPersonBP/Blueprints/RTSCam]
[2017.03.22-17.00.11:232][ 17]Cmd: OBJ SAVEPACKAGE PACKAGE="/Game/ThirdPersonBP/Blueprints/RTSCam" FILE="../../../../UE proj/MyProject4/Saved/Autosaves/Game/ThirdPersonBP/Blueprints/RTSCam_Auto1.uasset" SILENT=false AUTOSAVING=true
[2017.03.22-17.00.11:390][ 17]LogSavePackage: Save=150.13ms
[2017.03.22-17.00.11:390][ 17]LogSavePackage: Moving '../../../../UE proj/MyProject4/Saved/RTSCam_Auto1D9F4AE0D49CA0675387408AD421CE0F6.tmp' to '../../../../UE proj/MyProject4/Saved/Autosaves/Game/ThirdPersonBP/Blueprints/RTSCam_Auto1.uasset'
[2017.03.22-17.00.11:391][ 17]LogSavePackage:Display: Finished SavePackage ../../../../UE proj/MyProject4/Saved/Autosaves/Game/ThirdPersonBP/Blueprints/RTSCam_Auto1.uasset
[2017.03.22-17.00.11:391][ 17]LogFileHelpers: Auto-saving content packages took 0.159
[2017.03.22-19.06.18:882][720]LogWindowsTextInputMethodSystem:Display: IME system now deactivated.
[2017.03.22-19.06.18:888][720]LogWindowsTextInputMethodSystem:Display: IME system now deactivated.
[2017.03.22-19.06.27:262][491]Cmd: OBJ SAVEPACKAGE PACKAGE="/Game/ThirdPersonBP/Blueprints/RTSCam" FILE="../../../../UE proj/MyProject4/Content/ThirdPersonBP/Blueprints/RTSCam.uasset" SILENT=true
[2017.03.22-19.06.27:384][491]LogSavePackage: Save=89.84ms
[2017.03.22-19.06.27:384][491]LogSavePackage: Moving '../../../../UE proj/MyProject4/Saved/RTSCam23B43926455A34C9ECFD4A903E7B6D24.tmp' to '../../../../UE proj/MyProject4/Content/ThirdPersonBP/Blueprints/RTSCam.uasset'
[2017.03.22-19.06.27:385][491]LogSavePackage:Display: Finished SavePackage ../../../../UE proj/MyProject4/Content/ThirdPersonBP/Blueprints/RTSCam.uasset
[2017.03.22-19.06.29:598][699]Cmd: QUIT_EDITOR
[2017.03.22-19.06.30:167][699]LogWindowsTextInputMethodSystem:Display: IME system now deactivated.
[2017.03.22-19.06.30:196][699]LogExit: Preparing to exit.
[2017.03.22-19.06.30:752][699]LogDirectoryWatcher: A directory notification for 'D:/UE proj/MyProject4/Content/' was aborted.
[2017.03.22-19.06.30:861][699]LogExit: Editor shut down
[2017.03.22-19.06.30:863][699]LogExit: Transaction tracking system shut down
[2017.03.22-19.06.31:117][699]LogObj: Freed 0b from 0 cluster array pools.
[2017.03.22-19.06.31:117][699]LogExit: Object subsystem successfully closed.
[2017.03.22-19.06.31:147][699]LogD3D11RHI: Shutdown
[2017.03.22-19.06.31:147][699]LogD3D11RHI: CleanupD3DDevice
[2017.03.22-19.06.31:240][699]LogD3D11RHI: ~FD3D11DynamicRHI
[2017.03.22-19.06.31:248][699]LogModuleManager: Shutting down and abandoning module BlueprintGraph (504)
[2017.03.22-19.06.31:248][699]LogModuleManager: Shutting down and abandoning module BlueprintProfiler (502)
[2017.03.22-19.06.31:248][699]LogModuleManager: Shutting down and abandoning module MovieSceneCapture (500)
[2017.03.22-19.06.31:248][699]LogModuleManager: Shutting down and abandoning module StatsViewer (498)
[2017.03.22-19.06.31:248][699]LogModuleManager: Shutting down and abandoning module HierarchicalLODOutliner (496)
[2017.03.22-19.06.31:248][699]LogModuleManager: Shutting down and abandoning module CrashTracker (494)
[2017.03.22-19.06.31:248][699]LogModuleManager: Shutting down and abandoning module AddContentDialog (492)
[2017.03.22-19.06.31:248][699]LogDirectoryWatcher: A directory notification for 'D:/UE_4.15/FeaturePacks/' was aborted.
[2017.03.22-19.06.31:257][699]LogModuleManager: Shutting down and abandoning module WidgetCarousel (491)
[2017.03.22-19.06.31:257][699]LogModuleManager: Shutting down and abandoning module EditorWidgets (488)
[2017.03.22-19.06.31:257][699]LogModuleManager: Shutting down and abandoning module CollectionManager (486)
[2017.03.22-19.06.31:257][699]LogDirectoryWatcher: A directory notification for 'D:/UE proj/MyProject4/Content/Collections/' was aborted.
[2017.03.22-19.06.31:257][699]LogDirectoryWatcher: A directory notification for 'D:/UE proj/MyProject4/Content/Developers/1/Collections/' was aborted.
[2017.03.22-19.06.31:257][699]LogDirectoryWatcher: A directory notification for 'D:/UE proj/MyProject4/Saved/Collections/' was aborted.
[2017.03.22-19.06.31:257][699]LogModuleManager: Shutting down and abandoning module SceneOutliner (484)
[2017.03.22-19.06.31:257][699]LogModuleManager: Shutting down and abandoning module FoliageEdit (482)
[2017.03.22-19.06.31:257][699]LogModuleManager: Shutting down and abandoning module LandscapeEditor (480)
[2017.03.22-19.06.31:257][699]LogModuleManager: Shutting down and abandoning module SceneDepthPickerMode (478)
[2017.03.22-19.06.31:257][699]LogModuleManager: Shutting down and abandoning module ActorPickerMode (476)
[2017.03.22-19.06.31:257][699]LogModuleManager: Shutting down and abandoning module GeometryMode (474)
[2017.03.22-19.06.31:257][699]LogModuleManager: Shutting down and abandoning module TextureAlignMode (472)
[2017.03.22-19.06.31:257][699]LogModuleManager: Shutting down and abandoning module BspMode (470)
[2017.03.22-19.06.31:257][699]LogModuleManager: Shutting down and abandoning module HardwareSurvey (468)
[2017.03.22-19.06.31:257][699]LogModuleManager: Shutting down and abandoning module SequenceRecorderSections (466)
[2017.03.22-19.06.31:258][699]LogModuleManager: Shutting down and abandoning module AutomationWorker (464)
[2017.03.22-19.06.31:258][699]LogModuleManager: Shutting down and abandoning module MatineeToLevelSequence (462)
[2017.03.22-19.06.31:258][699]LogModuleManager: Shutting down and abandoning module LevelSequenceEditor (460)
[2017.03.22-19.06.31:258][699]LogModuleManager: Shutting down and abandoning module PlacementMode (459)
[2017.03.22-19.06.31:258][699]LogModuleManager: Shutting down and abandoning module WmfMediaFactory (456)
[2017.03.22-19.06.31:258][699]LogModuleManager: Shutting down and abandoning module WmfMediaEditor (454)
[2017.03.22-19.06.31:258][699]LogModuleManager: Shutting down and abandoning module MfMediaFactory (452)
[2017.03.22-19.06.31:258][699]LogModuleManager: Shutting down and abandoning module MfMediaEditor (450)
[2017.03.22-19.06.31:258][699]LogModuleManager: Shutting down and abandoning module AvfMediaFactory (448)
[2017.03.22-19.06.31:258][699]LogModuleManager: Shutting down and abandoning module AvfMediaEditor (446)
[2017.03.22-19.06.31:258][699]LogModuleManager: Shutting down and abandoning module AndroidMediaFactory (444)
[2017.03.22-19.06.31:258][699]LogModuleManager: Shutting down and abandoning module Media (443)
[2017.03.22-19.06.31:258][699]LogModuleManager: Shutting down and abandoning module AndroidMediaEditor (440)
[2017.03.22-19.06.31:258][699]LogModuleManager: Shutting down and abandoning module CharacterAI (438)
[2017.03.22-19.06.31:258][699]LogModuleManager: Shutting down and abandoning module AudioCapture (436)
[2017.03.22-19.06.31:258][699]LogModuleManager: Shutting down and abandoning module SequenceRecorder (435)
[2017.03.22-19.06.31:258][699]LogModuleManager: Shutting down and abandoning module SmartSnapping (432)
[2017.03.22-19.06.31:258][699]LogModuleManager: Shutting down and abandoning module SessionServices (430)
[2017.03.22-19.06.31:258][699]LogModuleManager: Shutting down and abandoning module ViewportSnapping (428)
[2017.03.22-19.06.31:258][699]LogModuleManager: Shutting down and abandoning module ViewportInteraction (426)
[2017.03.22-19.06.31:258][699]LogModuleManager: Shutting down and abandoning module LogVisualizer (424)
[2017.03.22-19.06.31:258][699]LogModuleManager: Shutting down and abandoning module IntroTutorials (422)
[2017.03.22-19.06.31:258][699]LogModuleManager: Shutting down and abandoning module GameProjectGeneration (421)
[2017.03.22-19.06.31:258][699]LogModuleManager: Shutting down and abandoning module EditorLiveStreaming (418)
[2017.03.22-19.06.31:258][699]LogModuleManager: Shutting down and abandoning module IOSPlatformEditor (416)
[2017.03.22-19.06.31:258][699]LogModuleManager: Shutting down and abandoning module HTML5PlatformEditor (414)
[2017.03.22-19.06.31:258][699]LogModuleManager: Shutting down and abandoning module AndroidPlatformEditor (412)
[2017.03.22-19.06.31:258][699]LogModuleManager: Shutting down and abandoning module AndroidDeviceDetection (411)
[2017.03.22-19.06.31:339][699]LogModuleManager: Shutting down and abandoning module IOSRuntimeSettings (408)
[2017.03.22-19.06.31:339][699]LogModuleManager: Shutting down and abandoning module AndroidRuntimeSettings (406)
[2017.03.22-19.06.31:339][699]LogModuleManager: Shutting down and abandoning module InputBindingEditor (404)
[2017.03.22-19.06.31:339][699]LogModuleManager: Shutting down and abandoning module NiagaraEditor (402)
[2017.03.22-19.06.31:339][699]LogModuleManager: Shutting down and abandoning module MergeActors (400)
[2017.03.22-19.06.31:339][699]LogModuleManager: Shutting down and abandoning module SizeMap (398)
[2017.03.22-19.06.31:339][699]LogModuleManager: Shutting down and abandoning module TreeMap (396)
[2017.03.22-19.06.31:339][699]LogModuleManager: Shutting down and abandoning module ReferenceViewer (394)
[2017.03.22-19.06.31:339][699]LogModuleManager: Shutting down and abandoning module LocalizationDashboard (392)
[2017.03.22-19.06.31:339][699]LogModuleManager: Shutting down and abandoning module LocalizationService (391)
[2017.03.22-19.06.31:339][699]LogModuleManager: Shutting down and abandoning module HardwareTargeting (388)
[2017.03.22-19.06.31:339][699]LogModuleManager: Shutting down and abandoning module DeviceProfileEditor (386)
[2017.03.22-19.06.31:339][699]LogModuleManager: Shutting down and abandoning module UndoHistory (384)
[2017.03.22-19.06.31:339][699]LogModuleManager: Shutting down and abandoning module UserFeedback (382)
[2017.03.22-19.06.31:340][699]LogModuleManager: Shutting down and abandoning module XmlParser (380)
[2017.03.22-19.06.31:340][699]LogModuleManager: Shutting down and abandoning module Blutility (378)
[2017.03.22-19.06.31:340][699]LogModuleManager: Shutting down and abandoning module ProjectSettingsViewer (376)
[2017.03.22-19.06.31:340][699]LogModuleManager: Shutting down and abandoning module ProjectTargetPlatformEditor (375)
[2017.03.22-19.06.31:340][699]LogModuleManager: Shutting down and abandoning module EditorSettingsViewer (372)
[2017.03.22-19.06.31:340][699]LogModuleManager: Shutting down and abandoning module SettingsEditor (370)
[2017.03.22-19.06.31:340][699]LogModuleManager: Shutting down and abandoning module ProjectLauncher (368)
[2017.03.22-19.06.31:340][699]LogModuleManager: Shutting down and abandoning module SessionFrontend (366)
[2017.03.22-19.06.31:340][699]LogModuleManager: Shutting down and abandoning module ProfilerClient (364)
[2017.03.22-19.06.31:340][699]LogModuleManager: Shutting down and abandoning module DeviceManager (362)
[2017.03.22-19.06.31:340][699]LogModuleManager: Shutting down and abandoning module TargetDeviceServices (361)
[2017.03.22-19.06.31:393][699]LogModuleManager: Shutting down and abandoning module AutomationController (358)
[2017.03.22-19.06.31:393][699]LogModuleManager: Shutting down and abandoning module AutomationWindow (356)
[2017.03.22-19.06.31:393][699]LogModuleManager: Shutting down and abandoning module Layers (354)
[2017.03.22-19.06.31:393][699]LogModuleManager: Shutting down and abandoning module ComponentVisualizers (352)
[2017.03.22-19.06.31:393][699]LogModuleManager: Shutting down and abandoning module DetailCustomizations (350)
[2017.03.22-19.06.31:393][699]LogModuleManager: Shutting down and abandoning module PackagesDialog (348)
[2017.03.22-19.06.31:393][699]LogModuleManager: Shutting down and abandoning module Persona (346)
[2017.03.22-19.06.31:393][699]LogModuleManager: Shutting down and abandoning module AnimGraph (345)
[2017.03.22-19.06.31:393][699]LogModuleManager: Shutting down and abandoning module Kismet (342)
[2017.03.22-19.06.31:402][699]LogModuleManager: Shutting down and abandoning module GraphEditor (340)
[2017.03.22-19.06.31:403][699]LogModuleManager: Shutting down and abandoning module ClassViewer (338)
[2017.03.22-19.06.31:403][699]LogModuleManager: Shutting down and abandoning module Toolbox (336)
[2017.03.22-19.06.31:403][699]LogModuleManager: Shutting down and abandoning module ModuleUI (334)
[2017.03.22-19.06.31:403][699]LogModuleManager: Shutting down and abandoning module MovieSceneTools (332)
[2017.03.22-19.06.31:403][699]LogModuleManager: Shutting down and abandoning module OutputLog (330)
[2017.03.22-19.06.31:403][699]LogModuleManager: Shutting down and abandoning module GammaUI (328)
[2017.03.22-19.06.31:403][699]LogModuleManager: Shutting down and abandoning module Documentation (326)
[2017.03.22-19.06.31:403][699]LogModuleManager: Shutting down and abandoning module Niagara (324)
[2017.03.22-19.06.31:403][699]LogModuleManager: Shutting down and abandoning module StreamingPauseRendering (322)
[2017.03.22-19.06.31:403][699]LogModuleManager: Shutting down and abandoning module AnalyticsET (320)
[2017.03.22-19.06.31:403][699]LogModuleManager: Shutting down and abandoning module PortalServices (318)
[2017.03.22-19.06.31:403][699]LogModuleManager: Shutting down and abandoning module PortalRpc (316)
[2017.03.22-19.06.31:403][699]LogModuleManager: Shutting down and abandoning module MessagingRpc (314)
[2017.03.22-19.06.31:403][699]LogModuleManager: Shutting down and abandoning module AIModule (312)
[2017.03.22-19.06.31:403][699]LogModuleManager: Shutting down and abandoning module GameplayDebugger (311)
[2017.03.22-19.06.31:403][699]LogModuleManager: Shutting down and abandoning module AITestSuite (309)
[2017.03.22-19.06.31:403][699]LogModuleManager: Shutting down and abandoning module ProfilerService (306)
[2017.03.22-19.06.31:527][699]LogModuleManager: Shutting down and abandoning module TaskGraph (304)
[2017.03.22-19.06.31:527][699]LogModuleManager: Shutting down and abandoning module SteamVRController (302)
[2017.03.22-19.06.31:527][699]LogModuleManager: Shutting down and abandoning module SteamVR (300)
[2017.03.22-19.06.31:527][699]LogModuleManager: Shutting down and abandoning module ProceduralMeshComponentEditor (298)
[2017.03.22-19.06.31:527][699]LogModuleManager: Shutting down and abandoning module ProceduralMeshComponent (296)
[2017.03.22-19.06.31:527][699]LogModuleManager: Shutting down and abandoning module OculusLibrary (294)
[2017.03.22-19.06.31:527][699]LogModuleManager: Shutting down and abandoning module OculusInput (292)
[2017.03.22-19.06.31:527][699]LogModuleManager: Shutting down and abandoning module MobilePatchingUtils (290)
[2017.03.22-19.06.31:527][699]LogModuleManager: Shutting down and abandoning module CustomMeshComponent (288)
[2017.03.22-19.06.31:527][699]LogModuleManager: Shutting down and abandoning module CableComponent (286)
[2017.03.22-19.06.31:527][699]LogModuleManager: Shutting down and abandoning module ArchVisCharacter (284)
[2017.03.22-19.06.31:527][699]LogModuleManager: Shutting down and abandoning module MediaPlayerEditor (280)
[2017.03.22-19.06.31:527][699]LogModuleManager: Shutting down and abandoning module HTML5Networking (278)
[2017.03.22-19.06.31:527][699]LogModuleManager: Shutting down and abandoning module AlembicImporter (276)
[2017.03.22-19.06.31:527][699]LogModuleManager: Shutting down and abandoning module AlembicLibrary (275)
[2017.03.22-19.06.31:527][699]LogModuleManager: Shutting down and abandoning module GeometryCache (274)
[2017.03.22-19.06.31:527][699]LogModuleManager: Shutting down and abandoning module GeometryCacheEd (273)
[2017.03.22-19.06.31:527][699]LogModuleManager: Shutting down and abandoning module SuperSearchEditor (268)
[2017.03.22-19.06.31:527][699]LogModuleManager: Shutting down and abandoning module SuperSearch (267)
[2017.03.22-19.06.31:527][699]LogModuleManager: Shutting down and abandoning module SpeedTreeImporter (264)
[2017.03.22-19.06.31:527][699]LogModuleManager: Shutting down and abandoning module PluginBrowser (262)
[2017.03.22-19.06.31:527][699]LogModuleManager: Shutting down and abandoning module MobileLauncherProfileWizard (260)
[2017.03.22-19.06.31:527][699]LogModuleManager: Shutting down and abandoning module EpicSurvey (258)
[2017.03.22-19.06.31:527][699]LogModuleManager: Shutting down and abandoning module VisualStudioSourceCodeAccess (256)
[2017.03.22-19.06.31:527][699]LogModuleManager: Shutting down and abandoning module DesktopPlatform (255)
[2017.03.22-19.06.31:527][699]LogModuleManager: Shutting down and abandoning module UObjectPlugin (252)
[2017.03.22-19.06.31:527][699]LogModuleManager: Shutting down and abandoning module SubversionSourceControl (250)
[2017.03.22-19.06.31:527][699]LogModuleManager: Shutting down and abandoning module PerforceSourceControl (248)
[2017.03.22-19.06.31:527][699]LogModuleManager: Shutting down and abandoning module GitSourceControl (246)
[2017.03.22-19.06.31:527][699]LogModuleManager: Shutting down and abandoning module SourceControl (245)
[2017.03.22-19.06.31:527][699]LogModuleManager: Shutting down and abandoning module LightPropagationVolumeEditor (242)
[2017.03.22-19.06.31:527][699]LogModuleManager: Shutting down and abandoning module PaperTiledImporter (240)
[2017.03.22-19.06.31:527][699]LogModuleManager: Shutting down and abandoning module PaperSpriteSheetImporter (238)
[2017.03.22-19.06.31:527][699]LogModuleManager: Shutting down and abandoning module Paper2DEditor (236)
[2017.03.22-19.06.31:527][699]LogModuleManager: Shutting down and abandoning module MeshPaint (235)
[2017.03.22-19.06.31:527][699]LogModuleManager: Shutting down and abandoning module LevelEditor (233)
[2017.03.22-19.06.31:529][699]LogModuleManager: Shutting down and abandoning module PixelInspectorModule (232)
[2017.03.22-19.06.31:529][699]LogModuleManager: Shutting down and abandoning module MainFrame (230)
[2017.03.22-19.06.31:529][699]LogModuleManager: Shutting down and abandoning module HotReload (229)
[2017.03.22-19.06.31:529][699]LogModuleManager: Shutting down and abandoning module ContentBrowser (225)
[2017.03.22-19.06.31:531][699]LogModuleManager: Shutting down and abandoning module PhysXVehiclesEditor (222)
[2017.03.22-19.06.31:531][699]LogModuleManager: Shutting down and abandoning module PhysXVehicles (220)
[2017.03.22-19.06.31:531][699]LogModuleManager: Shutting down and abandoning module LocationServicesBPLibrary (218)
[2017.03.22-19.06.31:531][699]LogModuleManager: Shutting down and abandoning module UdpMessaging (216)
[2017.03.22-19.06.31:631][699]LogModuleManager: Shutting down and abandoning module TcpMessaging (214)
[2017.03.22-19.06.31:732][699]LogModuleManager: Shutting down and abandoning module GameplayTagsEditor (212)
[2017.03.22-19.06.31:732][699]LogModuleManager: Shutting down and abandoning module FacialAnimationEditor (210)
[2017.03.22-19.06.31:732][699]LogModuleManager: Shutting down and abandoning module FacialAnimation (208)
[2017.03.22-19.06.31:732][699]LogModuleManager: Shutting down and abandoning module LightPropagationVolumeRuntime (206)
[2017.03.22-19.06.31:732][699]LogModuleManager: Shutting down and abandoning module Paper2D (204)
[2017.03.22-19.06.31:732][699]LogModuleManager: Shutting down and abandoning module WindowsMoviePlayer (202)
[2017.03.22-19.06.31:732][699]LogModuleManager: Shutting down and abandoning module WmfMedia (200)
[2017.03.22-19.06.31:732][699]LogModuleManager: Shutting down and abandoning module MfMedia (198)
[2017.03.22-19.06.31:732][699]LogModuleManager: Shutting down and abandoning module MediaAssets (196)
[2017.03.22-19.06.31:732][699]LogModuleManager: Shutting down and abandoning module GameLiveStreaming (194)
[2017.03.22-19.06.31:732][699]LogModuleManager: Shutting down and abandoning module VREditor (192)
[2017.03.22-19.06.31:732][699]LogModuleManager: Shutting down and abandoning module GameplayTasksEditor (190)
[2017.03.22-19.06.31:732][699]LogModuleManager: Shutting down and abandoning module BehaviorTreeEditor (188)
[2017.03.22-19.06.31:732][699]LogModuleManager: Shutting down and abandoning module FunctionalTesting (186)
[2017.03.22-19.06.31:732][699]LogModuleManager: Shutting down and abandoning module CollisionAnalyzer (184)
[2017.03.22-19.06.31:732][699]LogModuleManager: Shutting down and abandoning module UMG (182)
[2017.03.22-19.06.31:732][699]LogModuleManager: Shutting down and abandoning module UMGEditor (181)
[2017.03.22-19.06.31:732][699]LogModuleManager: Shutting down and abandoning module Sequencer (180)
[2017.03.22-19.06.31:732][699]LogModuleManager: Shutting down and abandoning module AssetTools (178)
[2017.03.22-19.06.31:732][699]LogModuleManager: Shutting down and abandoning module MessageLog (177)
[2017.03.22-19.06.31:732][699]LogModuleManager: Shutting down and abandoning module WorkspaceMenuStructure (176)
[2017.03.22-19.06.31:732][699]LogModuleManager: Shutting down and abandoning module SlateReflector (170)
[2017.03.22-19.06.31:732][699]LogModuleManager: Shutting down and abandoning module Slate (168)
[2017.03.22-19.06.31:732][699]LogModuleManager: Shutting down and abandoning module EditorStyle (166)
[2017.03.22-19.06.31:734][699]LogModuleManager: Shutting down and abandoning module SourceCodeAccess (164)
[2017.03.22-19.06.31:734][699]LogModuleManager: Shutting down and abandoning module HeadMountedDisplay (162)
[2017.03.22-19.06.31:734][699]LogModuleManager: Shutting down and abandoning module XAudio2 (160)
[2017.03.22-19.06.31:734][699]LogModuleManager: Shutting down and abandoning module Networking (158)
[2017.03.22-19.06.31:734][699]LogModuleManager: Shutting down and abandoning module Core (154)
[2017.03.22-19.06.31:734][699]LogModuleManager: Shutting down and abandoning module AssetRegistry (152)
[2017.03.22-19.06.31:885][699]LogDirectoryWatcher: A directory notification for '../../../Engine/Content/' was aborted.
[2017.03.22-19.06.31:886][699]LogDirectoryWatcher: A directory notification for '../../../../UE proj/MyProject4/Content/' was aborted.
[2017.03.22-19.06.31:886][699]LogDirectoryWatcher: A directory notification for '../../../Engine/Plugins/2D/Paper2D/Content/' was aborted.
[2017.03.22-19.06.31:886][699]LogModuleManager: Shutting down and abandoning module DirectoryWatcher (151)
[2017.03.22-19.06.31:891][699]LogModuleManager: Shutting down and abandoning module KismetCompiler (148)
[2017.03.22-19.06.31:891][699]LogModuleManager: Shutting down and abandoning module PhysXFormats (146)
[2017.03.22-19.06.31:891][699]LogModuleManager: Shutting down and abandoning module MeshUtilities (144)
[2017.03.22-19.06.31:891][699]LogModuleManager: Shutting down and abandoning module SimplygonSwarm (143)
[2017.03.22-19.06.31:891][699]LogModuleManager: Shutting down and abandoning module SimplygonMeshReduction (141)
[2017.03.22-19.06.31:891][699]LogModuleManager: Shutting down and abandoning module QuadricMeshReduction (139)
[2017.03.22-19.06.31:891][699]LogModuleManager: Shutting down and abandoning module PropertyEditor (137)
[2017.03.22-19.06.31:891][699]LogModuleManager: Shutting down and abandoning module DerivedDataCache (134)
[2017.03.22-19.06.31:946][699]LogDerivedDataCache: Shutdown
[2017.03.22-19.06.31:946][699]LogModuleManager: Shutting down and abandoning module TargetPlatform (132)
[2017.03.22-19.06.31:946][699]LogModuleManager: Shutting down and abandoning module VulkanShaderFormat (131)
[2017.03.22-19.06.31:946][699]LogModuleManager: Shutting down and abandoning module ShaderFormatOpenGL (129)
[2017.03.22-19.06.31:947][699]LogModuleManager: Shutting down and abandoning module ShaderFormatD3D (127)
[2017.03.22-19.06.31:947][699]LogModuleManager: Shutting down and abandoning module MetalShaderFormat (125)
[2017.03.22-19.06.31:947][699]LogModuleManager: Shutting down and abandoning module TextureFormatUncompressed (123)
[2017.03.22-19.06.31:947][699]LogModuleManager: Shutting down and abandoning module TextureFormatPVR (121)
[2017.03.22-19.06.31:947][699]LogModuleManager: Shutting down and abandoning module TextureFormatDXT (119)
[2017.03.22-19.06.31:947][699]LogModuleManager: Shutting down and abandoning module TextureFormatIntelISPCTexComp (117)
[2017.03.22-19.06.31:947][699]LogModuleManager: Shutting down and abandoning module TextureFormatASTC (115)
[2017.03.22-19.06.31:947][699]LogModuleManager: Shutting down and abandoning module ImageWrapper (114)
[2017.03.22-19.06.31:947][699]LogModuleManager: Shutting down and abandoning module TextureFormatAndroid (111)
[2017.03.22-19.06.31:947][699]LogModuleManager: Shutting down and abandoning module AudioFormatOpus (109)
[2017.03.22-19.06.31:947][699]LogModuleManager: Shutting down and abandoning module AudioFormatOgg (107)
[2017.03.22-19.06.31:947][699]LogModuleManager: Shutting down and abandoning module AudioFormatADPCM (105)
[2017.03.22-19.06.31:947][699]LogModuleManager: Shutting down and abandoning module LinuxTargetPlatform (103)
[2017.03.22-19.06.31:947][699]LogModuleManager: Shutting down and abandoning module LinuxServerTargetPlatform (101)
[2017.03.22-19.06.31:947][699]LogModuleManager: Shutting down and abandoning module LinuxNoEditorTargetPlatform (99)
[2017.03.22-19.06.31:947][699]LogModuleManager: Shutting down and abandoning module LinuxClientTargetPlatform (97)
[2017.03.22-19.06.31:947][699]LogModuleManager: Shutting down and abandoning module TVOSTargetPlatform (95)
[2017.03.22-19.06.31:947][699]LogModuleManager: Shutting down and abandoning module Messaging (93)
[2017.03.22-19.06.31:947][699]LogModuleManager: Shutting down and abandoning module IOSTargetPlatform (91)
[2017.03.22-19.06.31:947][699]LogModuleManager: Shutting down and abandoning module HTML5TargetPlatform (89)
[2017.03.22-19.06.31:947][699]LogModuleManager: Shutting down and abandoning module Android_PVRTCTargetPlatform (87)
[2017.03.22-19.06.31:948][699]LogModuleManager: Shutting down and abandoning module Android_MultiTargetPlatform (85)
[2017.03.22-19.06.31:948][699]LogModuleManager: Shutting down and abandoning module Android_ETC2TargetPlatform (83)
[2017.03.22-19.06.31:948][699]LogModuleManager: Shutting down and abandoning module Android_ETC1TargetPlatform (81)
[2017.03.22-19.06.31:948][699]LogModuleManager: Shutting down and abandoning module Android_DXTTargetPlatform (79)
[2017.03.22-19.06.31:948][699]LogModuleManager: Shutting down and abandoning module Android_ATCTargetPlatform (77)
[2017.03.22-19.06.31:948][699]LogModuleManager: Shutting down and abandoning module Android_ASTCTargetPlatform (75)
[2017.03.22-19.06.31:948][699]LogModuleManager: Shutting down and abandoning module AndroidTargetPlatform (73)
[2017.03.22-19.06.31:948][699]LogModuleManager: Shutting down and abandoning module WindowsTargetPlatform (71)
[2017.03.22-19.06.31:948][699]LogModuleManager: Shutting down and abandoning module WindowsServerTargetPlatform (69)
[2017.03.22-19.06.31:948][699]LogModuleManager: Shutting down and abandoning module WindowsNoEditorTargetPlatform (67)
[2017.03.22-19.06.31:948][699]LogModuleManager: Shutting down and abandoning module WindowsClientTargetPlatform (65)
[2017.03.22-19.06.31:948][699]LogModuleManager: Shutting down and abandoning module MacTargetPlatform (63)
[2017.03.22-19.06.31:948][699]LogModuleManager: Shutting down and abandoning module MacServerTargetPlatform (61)
[2017.03.22-19.06.31:948][699]LogModuleManager: Shutting down and abandoning module MacNoEditorTargetPlatform (59)
[2017.03.22-19.06.31:948][699]LogModuleManager: Shutting down and abandoning module MacClientTargetPlatform (57)
[2017.03.22-19.06.31:948][699]LogModuleManager: Shutting down and abandoning module AllDesktopTargetPlatform (55)
[2017.03.22-19.06.31:948][699]LogModuleManager: Shutting down and abandoning module InputCore (52)
[2017.03.22-19.06.31:948][699]LogModuleManager: Shutting down and abandoning module Settings (50)
[2017.03.22-19.06.31:948][699]LogModuleManager: Shutting down and abandoning module OculusRift (48)
[2017.03.22-19.06.31:948][699]LogModuleManager: Shutting down and abandoning module GearVR (46)
[2017.03.22-19.06.31:948][699]LogModuleManager: Shutting down and abandoning module ExampleDeviceProfileSelector (44)
[2017.03.22-19.06.31:948][699]LogModuleManager: Shutting down and abandoning module OnlineBlueprintSupport (42)
[2017.03.22-19.06.31:948][699]LogModuleManager: Shutting down and abandoning module OnlineSubsystem (38)
[2017.03.22-19.06.31:948][699]LogOnline:Display: Unloading online subsystem: NULL
[2017.03.22-19.06.31:948][699]LogModuleManager: Shutting down and abandoning module XMPP (37)
[2017.03.22-19.06.31:949][699]LogModuleManager: Shutting down and abandoning module HTTP (35)
[2017.03.22-19.06.31:949][699]LogHttp:Display: Http module shutting down, but needs to wait on 1 outstanding Http requests:
[2017.03.22-19.06.31:949][699]LogHttp:Display: 	verb=[POST] url=[https://datarouter.ol.epicgames.com/datarouter/api/v1/public/data?SessionID=%7BB085F642-4CC3-0DB5-577F-5B8A8E3C5C12%7D&AppID=UEEditor.Rocket.Release&AppVersion=4.15.1-3348071%2B%2B%2BUE4%2BRelease-4.15&UserID=d599c0c449952f6ad640bb8039f2b728%7C77e61a56972f475b84d6fe60497e84c5%7Ce5156447-dc9d-4587-90af-ed521b0bf29d&AppEnvironment=datacollector-binary&UploadType=eteventstream] status=Processing
[2017.03.22-19.06.31:951][699]LogModuleManager: Shutting down and abandoning module SSL (34)
[2017.03.22-19.06.31:953][699]LogModuleManager: Shutting down and abandoning module AudioEditor (30)
[2017.03.22-19.06.31:953][699]LogModuleManager: Shutting down and abandoning module TextureCompressor (28)
[2017.03.22-19.06.31:953][699]LogModuleManager: Shutting down and abandoning module ShaderCore (26)
[2017.03.22-19.06.31:953][699]LogModuleManager: Shutting down and abandoning module Landscape (24)
[2017.03.22-19.06.31:953][699]LogModuleManager: Shutting down and abandoning module SlateRHIRenderer (22)
[2017.03.22-19.06.31:968][699]LogModuleManager: Shutting down and abandoning module OpenGLDrv (20)
[2017.03.22-19.06.31:968][699]LogModuleManager: Shutting down and abandoning module D3D11RHI (18)
[2017.03.22-19.06.31:968][699]LogModuleManager: Shutting down and abandoning module AnimGraphRuntime (16)
[2017.03.22-19.06.31:968][699]LogModuleManager: Shutting down and abandoning module Renderer (14)
[2017.03.22-19.06.31:968][699]LogModuleManager: Shutting down and abandoning module Engine (12)
[2017.03.22-19.06.31:968][699]LogModuleManager: Shutting down and abandoning module CoreUObject (10)
[2017.03.22-19.06.31:968][699]LogModuleManager: Shutting down and abandoning module NetworkFile (8)
[2017.03.22-19.06.31:968][699]LogModuleManager: Shutting down and abandoning module StreamingFile (6)
[2017.03.22-19.06.31:968][699]LogModuleManager: Shutting down and abandoning module SandboxFile (4)
[2017.03.22-19.06.31:968][699]LogModuleManager: Shutting down and abandoning module PakFile (2)
[2017.03.22-19.06.31:971][699]LogExit: Exiting.
[2017.03.22-19.06.31:976][699]Log file closed, 03/22/17 22:06:31
