Log file open, 05/04/17 20:59:30
LogInit:Display: Running engine for game: MyProject4
LogPlatformFile: Not using cached read wrapper
LogInit:Display: RandInit(916488008) SRandInit(916488008).
LogTaskGraph: Started task graph with 5 named threads and 8 total threads with 1 sets of task threads.
LogStats: Stats thread started at 12.938201
LogInit: Using libcurl 7.47.1
LogInit:  - built for x86_64-pc-win32
LogInit:  - supports SSL with OpenSSL/1.0.2g
LogInit:  - supports HTTP deflate (compression) using libz 1.2.8
LogInit:  - other features:
LogInit:      CURL_VERSION_SSL
LogInit:      CURL_VERSION_LIBZ
LogInit:      CURL_VERSION_IPV6
LogInit:      CURL_VERSION_ASYNCHDNS
LogInit:      CURL_VERSION_LARGEFILE
LogInit:      CURL_VERSION_IDN
LogInit:  CurlRequestOptions (configurable via config and command line):
LogInit:  - bVerifyPeer = false  - Libcurl will NOT verify peer certificate
LogInit:  - bUseHttpProxy = false  - Libcurl will NOT use HTTP proxy
LogInit:  - bDontReuseConnections = false  - Libcurl will reuse connections
LogInit:  - CertBundlePath = nullptr  - Libcurl will use whatever was configured at build time.
LogInit: Build: ++UE4+Release-4.15-CL-3348071
LogInit: Engine Version: 4.15.1-3348071+++UE4+Release-4.15
LogInit: Compatible Engine Version: 4.15.0-3299760+++UE4+Release-4.15
LogInit: Net CL: 3299760
LogDevObjectVersion: Number of dev versions registered: 14
LogDevObjectVersion:   Dev-Blueprints (B0D832E4-1F89-4F0D-ACCF-7EB736FD4AA2): 8
LogDevObjectVersion:   Dev-Build (E1C64328-A22C-4D53-A36C-8E866417BD8C): 0
LogDevObjectVersion:   Dev-Core (375EC13C-06E4-48FB-B500-84F0262A717E): 2
LogDevObjectVersion:   Dev-Editor (E4B068ED-F494-42E9-A231-DA0B2E46BB41): 14
LogDevObjectVersion:   Dev-Framework (CFFC743F-43B0-4480-9391-14DF171D2073): 22
LogDevObjectVersion:   Dev-Mobile (B02B49B5-BB20-44E9-A304-32B752E40360): 0
LogDevObjectVersion:   Dev-Networking (A4E4105C-59A1-49B5-A7C5-40C4547EDFEE): 0
LogDevObjectVersion:   Dev-Online (39C831C9-5AE6-47DC-9A44-9C173E1C8E7C): 0
LogDevObjectVersion:   Dev-Physics (78F01B33-EBEA-4F98-B9B4-84EACCB95AA2): 0
LogDevObjectVersion:   Dev-Platform (6631380F-2D4D-43E0-8009-CF276956A95A): 0
LogDevObjectVersion:   Dev-Rendering (12F88B9F-8875-4AFC-A67C-D90C383ABD29): 12
LogDevObjectVersion:   Dev-Sequencer (7B5AE74C-D270-4C10-A958-57980B212A5A): 3
LogDevObjectVersion:   Dev-VR (D7296918-1DD6-4BDD-9DE2-64A83CC13884): 0
LogDevObjectVersion:   Dev-LoadTimes (C2A15278-BFE7-4AFE-6C17-90FF531DF755): 1
LogInit: Compiled (64-bit): Mar 15 2017 16:52:47
LogInit: Compiled with Visual C++: 19.00.23026.00
LogInit: Build Configuration: Development
LogInit: Branch Name: ++UE4+Release-4.15
LogInit: Command line: -EpicPortal 
LogInit: Base directory: D:/UE_4.15/Engine/Binaries/Win64/
LogInit: Installed Engine Build: 1
LogInit: Presizing for max 8388607 objects, including 0 objects not considered by GC, pre-allocating 0 bytes for permanent pool.
LogInit: Object subsystem initialized
[2017.05.04-17.59.42:950][  0]LogInit: Selected Device Profile: [Windows]
[2017.05.04-17.59.42:950][  0]LogInit: Applying CVar settings loaded from the selected device profile: [Windows]
[2017.05.04-17.59.43:476][  0]LogInit: Computer: LAPTOP-IGF65BDF
[2017.05.04-17.59.43:476][  0]LogInit: User: Tan
[2017.05.04-17.59.43:476][  0]LogInit: CPU Page size=65536, Cores=4
[2017.05.04-17.59.43:480][  0]LogInit: High frequency timer resolution =1.562457 MHz
[2017.05.04-17.59.43:583][  0]LogMemory: Memory total: Physical=1.9GB (2GB approx)
[2017.05.04-17.59.43:612][  0]LogMemory: Platform Memory Stats for Windows
[2017.05.04-17.59.43:612][  0]LogMemory: Process Physical Memory: 244.41 MB used, 244.41 MB peak
[2017.05.04-17.59.43:612][  0]LogMemory: Process Virtual Memory: 262.17 MB used, 262.17 MB peak
[2017.05.04-17.59.43:612][  0]LogMemory: Physical Memory: 1847.50 MB used,  53.55 MB free, 1901.04 MB total
[2017.05.04-17.59.43:612][  0]LogMemory: Virtual Memory: 640.91 MB used,  53.55 MB free, 134217728.00 MB total
[2017.05.04-17.59.48:673][  0]LogTextLocalizationManager: No translations for ('ru-RU') exist, falling back to 'en' for localization and internationalization data.
[2017.05.04-18.00.12:740][  0]LogD3D11RHI: D3D11 adapters:
[2017.05.04-18.00.12:851][  0]LogD3D11RHI:    0. 'Intel(R) HD Graphics' (Feature Level 11_0)
[2017.05.04-18.00.12:851][  0]LogD3D11RHI:       114/0/950 MB DedicatedVideo/DedicatedSystem/SharedSystem, Outputs:1, VendorId:0x8086
[2017.05.04-18.00.12:875][  0]LogD3D11RHI:    1. 'Microsoft Basic Render Driver' (Feature Level 11_0)
[2017.05.04-18.00.12:875][  0]LogD3D11RHI:       0/0/950 MB DedicatedVideo/DedicatedSystem/SharedSystem, Outputs:0, VendorId:0x1414
[2017.05.04-18.00.12:875][  0]LogD3D11RHI: Chosen D3D11 Adapter: 0
[2017.05.04-18.00.12:968][  0]LogD3D11RHI: Creating new Direct3DDevice
[2017.05.04-18.00.12:968][  0]LogD3D11RHI:     GPU DeviceId: 0x22b1 (for the marketing name, search the web for "GPU Device Id")
[2017.05.04-18.00.12:977][  0]LogWindows: EnumDisplayDevices:
[2017.05.04-18.00.12:980][  0]LogWindows:    0. 'Intel(R) HD Graphics' (P:1 D:1)
[2017.05.04-18.00.12:984][  0]LogWindows:    1. 'Intel(R) HD Graphics' (P:0 D:0)
[2017.05.04-18.00.12:986][  0]LogWindows:    2. 'Intel(R) HD Graphics' (P:0 D:0)
[2017.05.04-18.00.12:988][  0]LogWindows: DebugString: FoundDriverCount:3 
[2017.05.04-18.00.12:988][  0]LogD3D11RHI:     Adapter Name: Intel(R) HD Graphics
[2017.05.04-18.00.12:988][  0]LogD3D11RHI:   Driver Version: 20.19.15.4549 (internal:20.19.15.4549, unified:20.19.15.4549)
[2017.05.04-18.00.12:988][  0]LogD3D11RHI:      Driver Date: 11-10-2016
[2017.05.04-18.00.12:989][  0]LogRHI: Texture pool is 412 MB (70% of 589 MB)
[2017.05.04-18.00.13:017][  0]LogD3D11RHI: Async texture creation enabled
[2017.05.04-18.00.13:751][  0]LogD3D11RHI: GPU Timing Frequency: 12.500000 (Debug: 2 0)
[2017.05.04-18.00.14:042][  0]LogShaderCompilers: Guid format shader working directory is 9 characters bigger than the processId version (../../../../MyProject4_2/MyProject4/Intermediate/Shaders/WorkingDirectory/6688/).
[2017.05.04-18.00.14:064][  0]LogShaderCompilers: Cleaned the shader compiler working directory 'C:/Users/Tan/AppData/Local/Temp/UnrealShaderWorkingDir/6B141FF048385F90D8A29EA649398292/'.
[2017.05.04-18.00.14:067][  0]LogShaderCompilers:Display: Using Local Shader Compiler.
[2017.05.04-18.00.26:018][  0]LogTemp:Display: Loaded TP AllDesktopTargetPlatform
[2017.05.04-18.00.26:296][  0]LogTemp:Display: Loaded TP MacClientTargetPlatform
[2017.05.04-18.00.26:541][  0]LogTemp:Display: Loaded TP MacNoEditorTargetPlatform
[2017.05.04-18.00.26:787][  0]LogTemp:Display: Loaded TP MacServerTargetPlatform
[2017.05.04-18.00.27:193][  0]LogTemp:Display: Loaded TP MacTargetPlatform
[2017.05.04-18.00.27:460][  0]LogTemp:Display: Loaded TP WindowsClientTargetPlatform
[2017.05.04-18.00.27:722][  0]LogTemp:Display: Loaded TP WindowsNoEditorTargetPlatform
[2017.05.04-18.00.27:984][  0]LogTemp:Display: Loaded TP WindowsServerTargetPlatform
[2017.05.04-18.00.28:213][  0]LogTemp:Display: Loaded TP WindowsTargetPlatform
[2017.05.04-18.00.28:517][  0]LogTemp:Display: Loaded TP AndroidTargetPlatform
[2017.05.04-18.00.28:773][  0]LogTemp:Display: Loaded TP Android_ASTCTargetPlatform
[2017.05.04-18.00.29:044][  0]LogTemp:Display: Loaded TP Android_ATCTargetPlatform
[2017.05.04-18.00.29:357][  0]LogTemp:Display: Loaded TP Android_DXTTargetPlatform
[2017.05.04-18.00.29:646][  0]LogTemp:Display: Loaded TP Android_ETC1TargetPlatform
[2017.05.04-18.00.29:898][  0]LogTemp:Display: Loaded TP Android_ETC2TargetPlatform
[2017.05.04-18.00.30:436][  0]LogTemp:Display: Loaded TP Android_MultiTargetPlatform
[2017.05.04-18.00.30:436][  0]LogTemp:Display: Loaded TP Android_PVRTCTargetPlatform
[2017.05.04-18.00.30:659][  0]LogTemp:Display: Loaded TP HTML5TargetPlatform
[2017.05.04-18.00.31:128][  0]LogTemp:Display: Loaded TP IOSTargetPlatform
[2017.05.04-18.00.31:294][  0]LogTemp:Display: Loaded TP TVOSTargetPlatform
[2017.05.04-18.00.31:565][  0]LogTemp:Display: Loaded TP LinuxClientTargetPlatform
[2017.05.04-18.00.31:817][  0]LogTemp:Display: Loaded TP LinuxNoEditorTargetPlatform
[2017.05.04-18.00.32:070][  0]LogTemp:Display: Loaded TP LinuxServerTargetPlatform
[2017.05.04-18.00.32:331][  0]LogTemp:Display: Loaded TP LinuxTargetPlatform
[2017.05.04-18.00.32:332][  0]LogTargetPlatformManager:Display: Building Assets For Windows
[2017.05.04-18.00.35:328][  0]LogDerivedDataCache:Display: Max Cache Size: 512 MB
[2017.05.04-18.00.36:791][  0]LogDerivedDataCache: Loaded boot cache 1.45s 50MB C:/Users/Tan/AppData/Local/UnrealEngine/4.15/DerivedDataCache/Boot.ddc.
[2017.05.04-18.00.36:791][  0]LogDerivedDataCache:Display: Loaded Boot cache: C:/Users/Tan/AppData/Local/UnrealEngine/4.15/DerivedDataCache/Boot.ddc
[2017.05.04-18.00.36:791][  0]LogDerivedDataCache: FDerivedDataBackendGraph:  Pak pak cache file ../../../../MyProject4_2/MyProject4/DerivedDataCache/DDC.ddp not found, will not use a pak cache.
[2017.05.04-18.00.36:791][  0]LogDerivedDataCache: Unable to find inner node Pak for hierarchical cache Hierarchy.
[2017.05.04-18.00.36:792][  0]LogDerivedDataCache: FDerivedDataBackendGraph:  CompressedPak pak cache file ../../../../MyProject4_2/MyProject4/DerivedDataCache/Compressed.ddp not found, will not use a pak cache.
[2017.05.04-18.00.36:792][  0]LogDerivedDataCache: Unable to find inner node CompressedPak for hierarchical cache Hierarchy.
[2017.05.04-18.00.36:914][  0]LogDerivedDataCache:Display: Pak cache opened for reading ../../../Engine/DerivedDataCache/Compressed.ddp.
[2017.05.04-18.00.36:936][  0]LogDerivedDataCache: Using Local data cache path C:/Users/Tan/AppData/Local/UnrealEngine/Common/DerivedDataCache: Writable
[2017.05.04-18.00.37:446][  0]LogSlate: Using Freetype 2.6.0
[2017.05.04-18.00.37:703][  0]LogSlate: SlateFontCache - WITH_FREETYPE: 1, WITH_HARFBUZZ: 1
[2017.05.04-18.00.37:731][  0]LogSlate: SlateFontCache - WITH_FREETYPE: 1, WITH_HARFBUZZ: 1
[2017.05.04-18.01.01:882][  0]LogInit: Selected Device Profile: [Windows]
[2017.05.04-18.01.02:270][  0]LogContentStreaming: Texture pool size is 0.00 MB
[2017.05.04-18.01.06:680][  0]LogMeshUtilities: Using QuadricMeshReduction for automatic static mesh reduction
[2017.05.04-18.01.07:073][  0]LogSimplygon: Simplygon DLL not present - disabling.
[2017.05.04-18.01.07:368][  0]LogMeshUtilities: Using SimplygonSwarm for distributed automatic mesh merging
[2017.05.04-18.01.07:368][  0]LogMeshUtilities: No automatic skeletal mesh reduction module available
[2017.05.04-18.01.07:368][  0]LogMeshUtilities: No automatic mesh merging module available
[2017.05.04-18.01.24:919][  0]LogNetVersion: GetLocalNetworkVersion: CL: 3299760, ProjectName: myproject4, ProjectVersion: , EngineNetworkVersion: 2, GameNetworkVersion: 0, NetworkChecksum: 3876459413
[2017.05.04-18.01.27:642][  0]LogAssetRegistry: FAssetRegistry took 2.1204 seconds to start up
[2017.05.04-18.01.28:987][  0]LogPackageLocalizationCache: Processed 3 localized package path(s) for 1 prioritized culture(s) in 0.950460 seconds
[2017.05.04-18.01.29:084][  0]LogUObjectArray: 32493 objects as part of root set at end of initial load.
[2017.05.04-18.01.29:084][  0]LogUObjectAllocator: 7077032 out of 0 bytes used by permanent object pool.
[2017.05.04-18.01.29:114][  0]LogUObjectArray: CloseDisregardForGC: 0/0 objects in disregard for GC pool
[2017.05.04-18.01.29:745][  0]LogInit: WinSock: version 1.1 (2.2), MaxSocks=32767, MaxUdp=65467
[2017.05.04-18.02.04:137][  0]LogTcpMessaging: Initializing TcpMessaging bridge
[2017.05.04-18.02.04:341][  0]LogUdpMessaging: Initializing bridge on interface 0.0.0.0:0 to multicast group 230.0.0.1:6666.
[2017.05.04-18.02.10:107][  0]LogMaterial: Uniform references updated for custom material expression Custom.
[2017.05.04-18.02.13:263][  0]SourceControl: Info Source control is disabled
[2017.05.04-18.02.13:361][  0]SourceControl: Info Source control is disabled
[2017.05.04-18.02.13:737][  0]SourceControl: Info Source control is disabled
[2017.05.04-18.02.14:038][  0]SourceControl: Info Source control is disabled
[2017.05.04-18.02.24:788][  0]LogEngine: Initializing Engine...
[2017.05.04-18.02.24:960][  0]LogHMD: Failed to initialize OpenVR with code 110
[2017.05.04-18.02.28:535][  0]LogAIModule: Creating AISystem for world Untitled
[2017.05.04-18.02.29:297][  0]LogInit: XAudio2 using 'Динамики (Realtek High Definition Audio)' : 2 channels at 48 kHz using 32 bits per sample (channel mask 0x3)
[2017.05.04-18.02.29:394][  0]LogInit: FAudioDevice initialized.
[2017.05.04-18.02.29:524][  0]LogDerivedDataCache: Saved boot cache 0.13s 50MB C:/Users/Tan/AppData/Local/UnrealEngine/4.15/DerivedDataCache/Boot.ddc.
[2017.05.04-18.02.29:607][  0]LogInit: Texture streaming: Enabled
[2017.05.04-18.02.30:725][  0]LogEngineSessionManager: EngineSessionManager initialized
[2017.05.04-18.02.34:358][  0]LogInit: Transaction tracking system initialized
[2017.05.04-18.02.36:778][  0]BlueprintLog: New page: Editor Load
[2017.05.04-18.02.44:616][  0]LocalizationService: Info Localization service is disabled
[2017.05.04-18.02.50:207][  0]LogConsoleResponse:Display: 
[2017.05.04-18.02.57:242][  0]LogCook:Display: Max memory allowance for cook 16384mb min free memory 0mb
[2017.05.04-18.02.57:261][  0]LogCook:Display: Mobile HDR setting 1
[2017.05.04-18.02.58:670][  0]LogFileCache: Scanning file cache for directory 'D:/MyProject4_2/MyProject4/Content/' took 1.23s
[2017.05.04-18.03.06:370][  0]SourceControl: Info Source control is disabled
[2017.05.04-18.03.06:540][  0]Cmd: MAP LOAD FILE="../../../../MyProject4_2/MyProject4/Content/ThirdPersonBP/Maps/FirstLevelMap.umap" TEMPLATE=0 SHOWPROGRESS=1 FEATURELEVEL=3
[2017.05.04-18.03.06:662][  0]LightingResults: New page: Lighting Build
[2017.05.04-18.03.07:522][  0]MapCheck: New page: Map Check
[2017.05.04-18.03.07:522][  0]LightingResults: New page: Lighting Build
[2017.05.04-18.03.15:684][  0]LogLinker:Warning: Can't find file '/Game/FirstPerson/Meshes/BaseMaterial'
[2017.05.04-18.03.15:693][  0]LogLinker:Warning: Can't find file for asset '/Game/FirstPerson/Meshes/BaseMaterial' while loading ../../../../MyProject4_2/MyProject4/Content/ThirdPerson/Meshes/FirstPersonProjectileMaterial.uasset.
[2017.05.04-18.03.15:694][  0]LoadErrors:Error: Error /Game/ThirdPerson/Meshes/FirstPersonProjectileMaterial : Can't find file for asset. /Game/FirstPerson/Meshes/BaseMaterial
[2017.05.04-18.03.15:696][  0]LogLinker:Warning: Can't find file '/Game/FirstPerson/Meshes/BaseMaterial'
[2017.05.04-18.03.15:698][  0]LogLinker:Warning: Can't find file for asset '/Game/FirstPerson/Meshes/BaseMaterial' while loading ../../../../MyProject4_2/MyProject4/Content/ThirdPerson/Meshes/FirstPersonProjectileMaterial.uasset.
[2017.05.04-18.03.15:698][  0]LoadErrors:Error: Error /Game/ThirdPerson/Meshes/FirstPersonProjectileMaterial : Can't find file for asset. /Game/FirstPerson/Meshes/BaseMaterial
[2017.05.04-18.03.15:711][  0]LogLinker:Warning: Can't find file '/Game/FirstPerson/Meshes/FirstPersonProjectileMaterial'
[2017.05.04-18.03.15:711][  0]LogLinker:Warning: Can't find file for asset '/Game/FirstPerson/Meshes/FirstPersonProjectileMaterial' while loading ../../../../MyProject4_2/MyProject4/Content/ThirdPerson/Meshes/FirstPersonProjectileMesh.uasset.
[2017.05.04-18.03.15:711][  0]LoadErrors:Error: Error /Game/ThirdPerson/Meshes/FirstPersonProjectileMesh : Can't find file for asset. /Game/FirstPerson/Meshes/FirstPersonProjectileMaterial
[2017.05.04-18.03.15:712][  0]LogLinker:Warning: Can't find file '/Game/FirstPerson/Meshes/FirstPersonProjectileMaterial'
[2017.05.04-18.03.15:712][  0]LogLinker:Warning: Can't find file for asset '/Game/FirstPerson/Meshes/FirstPersonProjectileMaterial' while loading ../../../../MyProject4_2/MyProject4/Content/ThirdPerson/Meshes/FirstPersonProjectileMesh.uasset.
[2017.05.04-18.03.15:712][  0]LoadErrors:Error: Error /Game/ThirdPerson/Meshes/FirstPersonProjectileMesh : Can't find file for asset. /Game/FirstPerson/Meshes/FirstPersonProjectileMaterial
[2017.05.04-18.03.16:013][  0]LogLinker:Warning: Can't find file '/Game/FirstPerson/FPWeapon/Materials/MaterialLayers/ML_GlossyBlack_Latex_UE4'
[2017.05.04-18.03.16:014][  0]LoadErrors: Info Failed to load /Game/ThirdPerson/FPWeapon/Mesh/SK_FPGun.SK_FPGun Referenced by Gun_GEN_VARIABLE
[2017.05.04-18.03.16:015][  0]LogLinker:Warning: Can't find file for asset '/Game/FirstPerson/FPWeapon/Materials/MaterialLayers/ML_GlossyBlack_Latex_UE4' while loading ../../../../MyProject4_2/MyProject4/Content/ThirdPerson/FPWeapon/Materials/M_FPGun.uasset.
[2017.05.04-18.03.16:016][  0]LoadErrors: Info Failed to load /Game/ThirdPerson/FPWeapon/Mesh/SK_FPGun.SK_FPGun Referenced by Gun_GEN_VARIABLE
[2017.05.04-18.03.16:016][  0]LoadErrors:Error: Error /Game/ThirdPerson/FPWeapon/Materials/M_FPGun : Can't find file for asset. /Game/FirstPerson/FPWeapon/Materials/MaterialLayers/ML_GlossyBlack_Latex_UE4
[2017.05.04-18.03.16:016][  0]LogLinker:Warning: Can't find file '/Game/FirstPerson/FPWeapon/Materials/MaterialLayers/ML_Plastic_Shiny_Beige'
[2017.05.04-18.03.16:016][  0]LoadErrors: Info Failed to load /Game/ThirdPerson/FPWeapon/Mesh/SK_FPGun.SK_FPGun Referenced by Gun_GEN_VARIABLE
[2017.05.04-18.03.16:017][  0]LogLinker:Warning: Can't find file for asset '/Game/FirstPerson/FPWeapon/Materials/MaterialLayers/ML_Plastic_Shiny_Beige' while loading ../../../../MyProject4_2/MyProject4/Content/ThirdPerson/FPWeapon/Materials/M_FPGun.uasset.
[2017.05.04-18.03.16:017][  0]LoadErrors: Info Failed to load /Game/ThirdPerson/FPWeapon/Mesh/SK_FPGun.SK_FPGun Referenced by Gun_GEN_VARIABLE
[2017.05.04-18.03.16:017][  0]LoadErrors:Error: Error /Game/ThirdPerson/FPWeapon/Materials/M_FPGun : Can't find file for asset. /Game/FirstPerson/FPWeapon/Materials/MaterialLayers/ML_Plastic_Shiny_Beige
[2017.05.04-18.03.16:017][  0]LogLinker:Warning: Can't find file '/Game/FirstPerson/FPWeapon/Materials/MaterialLayers/ML_Screen'
[2017.05.04-18.03.16:017][  0]LoadErrors: Info Failed to load /Game/ThirdPerson/FPWeapon/Mesh/SK_FPGun.SK_FPGun Referenced by Gun_GEN_VARIABLE
[2017.05.04-18.03.16:017][  0]LogLinker:Warning: Can't find file for asset '/Game/FirstPerson/FPWeapon/Materials/MaterialLayers/ML_Screen' while loading ../../../../MyProject4_2/MyProject4/Content/ThirdPerson/FPWeapon/Materials/M_FPGun.uasset.
[2017.05.04-18.03.16:018][  0]LoadErrors: Info Failed to load /Game/ThirdPerson/FPWeapon/Mesh/SK_FPGun.SK_FPGun Referenced by Gun_GEN_VARIABLE
[2017.05.04-18.03.16:018][  0]LoadErrors:Error: Error /Game/ThirdPerson/FPWeapon/Materials/M_FPGun : Can't find file for asset. /Game/FirstPerson/FPWeapon/Materials/MaterialLayers/ML_Screen
[2017.05.04-18.03.16:018][  0]LogLinker:Warning: Can't find file '/Game/FirstPerson/FPWeapon/Materials/MaterialLayers/ML_SoftMetal_UE4'
[2017.05.04-18.03.16:018][  0]LoadErrors: Info Failed to load /Game/ThirdPerson/FPWeapon/Mesh/SK_FPGun.SK_FPGun Referenced by Gun_GEN_VARIABLE
[2017.05.04-18.03.16:019][  0]LogLinker:Warning: Can't find file for asset '/Game/FirstPerson/FPWeapon/Materials/MaterialLayers/ML_SoftMetal_UE4' while loading ../../../../MyProject4_2/MyProject4/Content/ThirdPerson/FPWeapon/Materials/M_FPGun.uasset.
[2017.05.04-18.03.16:019][  0]LoadErrors: Info Failed to load /Game/ThirdPerson/FPWeapon/Mesh/SK_FPGun.SK_FPGun Referenced by Gun_GEN_VARIABLE
[2017.05.04-18.03.16:019][  0]LoadErrors:Error: Error /Game/ThirdPerson/FPWeapon/Materials/M_FPGun : Can't find file for asset. /Game/FirstPerson/FPWeapon/Materials/MaterialLayers/ML_SoftMetal_UE4
[2017.05.04-18.03.16:020][  0]LogLinker:Warning: Can't find file '/Game/FirstPerson/FPWeapon/Materials/MaterialLayers/ML_GlossyBlack_Latex_UE4'
[2017.05.04-18.03.16:020][  0]LoadErrors: Info Failed to load /Game/ThirdPerson/FPWeapon/Mesh/SK_FPGun.SK_FPGun Referenced by Gun_GEN_VARIABLE
[2017.05.04-18.03.16:020][  0]LogLinker:Warning: Can't find file for asset '/Game/FirstPerson/FPWeapon/Materials/MaterialLayers/ML_GlossyBlack_Latex_UE4' while loading ../../../../MyProject4_2/MyProject4/Content/ThirdPerson/FPWeapon/Materials/M_FPGun.uasset.
[2017.05.04-18.03.16:020][  0]LoadErrors: Info Failed to load /Game/ThirdPerson/FPWeapon/Mesh/SK_FPGun.SK_FPGun Referenced by Gun_GEN_VARIABLE
[2017.05.04-18.03.16:020][  0]LoadErrors:Error: Error /Game/ThirdPerson/FPWeapon/Materials/M_FPGun : Can't find file for asset. /Game/FirstPerson/FPWeapon/Materials/MaterialLayers/ML_GlossyBlack_Latex_UE4
[2017.05.04-18.03.16:021][  0]LogLinker:Warning: Can't find file '/Game/FirstPerson/FPWeapon/Materials/MaterialLayers/ML_Plastic_Shiny_Beige'
[2017.05.04-18.03.16:021][  0]LoadErrors: Info Failed to load /Game/ThirdPerson/FPWeapon/Mesh/SK_FPGun.SK_FPGun Referenced by Gun_GEN_VARIABLE
[2017.05.04-18.03.16:021][  0]LogLinker:Warning: Can't find file for asset '/Game/FirstPerson/FPWeapon/Materials/MaterialLayers/ML_Plastic_Shiny_Beige' while loading ../../../../MyProject4_2/MyProject4/Content/ThirdPerson/FPWeapon/Materials/M_FPGun.uasset.
[2017.05.04-18.03.16:022][  0]LoadErrors: Info Failed to load /Game/ThirdPerson/FPWeapon/Mesh/SK_FPGun.SK_FPGun Referenced by Gun_GEN_VARIABLE
[2017.05.04-18.03.16:022][  0]LoadErrors:Error: Error /Game/ThirdPerson/FPWeapon/Materials/M_FPGun : Can't find file for asset. /Game/FirstPerson/FPWeapon/Materials/MaterialLayers/ML_Plastic_Shiny_Beige
[2017.05.04-18.03.16:022][  0]LogLinker:Warning: Can't find file '/Game/FirstPerson/FPWeapon/Materials/MaterialLayers/ML_Screen'
[2017.05.04-18.03.16:022][  0]LoadErrors: Info Failed to load /Game/ThirdPerson/FPWeapon/Mesh/SK_FPGun.SK_FPGun Referenced by Gun_GEN_VARIABLE
[2017.05.04-18.03.16:023][  0]LogLinker:Warning: Can't find file for asset '/Game/FirstPerson/FPWeapon/Materials/MaterialLayers/ML_Screen' while loading ../../../../MyProject4_2/MyProject4/Content/ThirdPerson/FPWeapon/Materials/M_FPGun.uasset.
[2017.05.04-18.03.16:023][  0]LoadErrors: Info Failed to load /Game/ThirdPerson/FPWeapon/Mesh/SK_FPGun.SK_FPGun Referenced by Gun_GEN_VARIABLE
[2017.05.04-18.03.16:023][  0]LoadErrors:Error: Error /Game/ThirdPerson/FPWeapon/Materials/M_FPGun : Can't find file for asset. /Game/FirstPerson/FPWeapon/Materials/MaterialLayers/ML_Screen
[2017.05.04-18.03.16:023][  0]LogLinker:Warning: Can't find file '/Game/FirstPerson/FPWeapon/Materials/MaterialLayers/ML_SoftMetal_UE4'
[2017.05.04-18.03.16:023][  0]LoadErrors: Info Failed to load /Game/ThirdPerson/FPWeapon/Mesh/SK_FPGun.SK_FPGun Referenced by Gun_GEN_VARIABLE
[2017.05.04-18.03.16:023][  0]LogLinker:Warning: Can't find file for asset '/Game/FirstPerson/FPWeapon/Materials/MaterialLayers/ML_SoftMetal_UE4' while loading ../../../../MyProject4_2/MyProject4/Content/ThirdPerson/FPWeapon/Materials/M_FPGun.uasset.
[2017.05.04-18.03.16:023][  0]LoadErrors: Info Failed to load /Game/ThirdPerson/FPWeapon/Mesh/SK_FPGun.SK_FPGun Referenced by Gun_GEN_VARIABLE
[2017.05.04-18.03.16:024][  0]LoadErrors:Error: Error /Game/ThirdPerson/FPWeapon/Materials/M_FPGun : Can't find file for asset. /Game/FirstPerson/FPWeapon/Materials/MaterialLayers/ML_SoftMetal_UE4
[2017.05.04-18.03.16:024][  0]LogLinker:Warning: Can't find file '/Game/FirstPerson/FPWeapon/Textures/T_FPGun_M'
[2017.05.04-18.03.16:024][  0]LoadErrors: Info Failed to load /Game/ThirdPerson/FPWeapon/Mesh/SK_FPGun.SK_FPGun Referenced by Gun_GEN_VARIABLE
[2017.05.04-18.03.16:025][  0]LogLinker:Warning: Can't find file for asset '/Game/FirstPerson/FPWeapon/Textures/T_FPGun_M' while loading ../../../../MyProject4_2/MyProject4/Content/ThirdPerson/FPWeapon/Materials/M_FPGun.uasset.
[2017.05.04-18.03.16:025][  0]LoadErrors: Info Failed to load /Game/ThirdPerson/FPWeapon/Mesh/SK_FPGun.SK_FPGun Referenced by Gun_GEN_VARIABLE
[2017.05.04-18.03.16:025][  0]LoadErrors:Error: Error /Game/ThirdPerson/FPWeapon/Materials/M_FPGun : Can't find file for asset. /Game/FirstPerson/FPWeapon/Textures/T_FPGun_M
[2017.05.04-18.03.16:025][  0]LogLinker:Warning: Can't find file '/Game/FirstPerson/FPWeapon/Textures/T_FPGun_N'
[2017.05.04-18.03.16:025][  0]LoadErrors: Info Failed to load /Game/ThirdPerson/FPWeapon/Mesh/SK_FPGun.SK_FPGun Referenced by Gun_GEN_VARIABLE
[2017.05.04-18.03.16:025][  0]LogLinker:Warning: Can't find file for asset '/Game/FirstPerson/FPWeapon/Textures/T_FPGun_N' while loading ../../../../MyProject4_2/MyProject4/Content/ThirdPerson/FPWeapon/Materials/M_FPGun.uasset.
[2017.05.04-18.03.16:026][  0]LoadErrors: Info Failed to load /Game/ThirdPerson/FPWeapon/Mesh/SK_FPGun.SK_FPGun Referenced by Gun_GEN_VARIABLE
[2017.05.04-18.03.16:026][  0]LoadErrors:Error: Error /Game/ThirdPerson/FPWeapon/Materials/M_FPGun : Can't find file for asset. /Game/FirstPerson/FPWeapon/Textures/T_FPGun_N
[2017.05.04-18.03.16:026][  0]LogLinker:Warning: Can't find file '/Game/FirstPerson/FPWeapon/Textures/T_FPGun_M'
[2017.05.04-18.03.16:026][  0]LoadErrors: Info Failed to load /Game/ThirdPerson/FPWeapon/Mesh/SK_FPGun.SK_FPGun Referenced by Gun_GEN_VARIABLE
[2017.05.04-18.03.16:027][  0]LogLinker:Warning: Can't find file for asset '/Game/FirstPerson/FPWeapon/Textures/T_FPGun_M' while loading ../../../../MyProject4_2/MyProject4/Content/ThirdPerson/FPWeapon/Materials/M_FPGun.uasset.
[2017.05.04-18.03.16:027][  0]LoadErrors: Info Failed to load /Game/ThirdPerson/FPWeapon/Mesh/SK_FPGun.SK_FPGun Referenced by Gun_GEN_VARIABLE
[2017.05.04-18.03.16:027][  0]LoadErrors:Error: Error /Game/ThirdPerson/FPWeapon/Materials/M_FPGun : Can't find file for asset. /Game/FirstPerson/FPWeapon/Textures/T_FPGun_M
[2017.05.04-18.03.16:027][  0]LogLinker:Warning: Can't find file '/Game/FirstPerson/FPWeapon/Textures/T_FPGun_N'
[2017.05.04-18.03.16:027][  0]LoadErrors: Info Failed to load /Game/ThirdPerson/FPWeapon/Mesh/SK_FPGun.SK_FPGun Referenced by Gun_GEN_VARIABLE
[2017.05.04-18.03.16:027][  0]LogLinker:Warning: Can't find file for asset '/Game/FirstPerson/FPWeapon/Textures/T_FPGun_N' while loading ../../../../MyProject4_2/MyProject4/Content/ThirdPerson/FPWeapon/Materials/M_FPGun.uasset.
[2017.05.04-18.03.16:027][  0]LoadErrors: Info Failed to load /Game/ThirdPerson/FPWeapon/Mesh/SK_FPGun.SK_FPGun Referenced by Gun_GEN_VARIABLE
[2017.05.04-18.03.16:028][  0]LoadErrors:Error: Error /Game/ThirdPerson/FPWeapon/Materials/M_FPGun : Can't find file for asset. /Game/FirstPerson/FPWeapon/Textures/T_FPGun_N
[2017.05.04-18.03.21:709][  0]LogLinker:Warning: Can't find file '/Game/FirstPerson/Meshes/BaseMaterial'
[2017.05.04-18.03.21:710][  0]LoadErrors: Info Failed to load /Game/FirstPerson/Meshes/BaseMaterial.BaseMaterial Referenced by FirstPersonProjectileMaterial
[2017.05.04-18.03.21:711][  0]LogLinker:Warning: Can't find file for asset '/Game/FirstPerson/Meshes/BaseMaterial' while loading NULL.
[2017.05.04-18.03.21:711][  0]LoadErrors: Info Failed to load /Game/FirstPerson/Meshes/BaseMaterial.BaseMaterial Referenced by FirstPersonProjectileMaterial
[2017.05.04-18.03.21:716][  0]LogLinker:Warning: Can't find file '/Game/FirstPerson/Meshes/FirstPersonProjectileMaterial'
[2017.05.04-18.03.21:716][  0]LoadErrors: Info Failed to load /Game/FirstPerson/Meshes/FirstPersonProjectileMaterial.FirstPersonProjectileMaterial Referenced by FirstPersonProjectileMesh
[2017.05.04-18.03.21:716][  0]LogLinker:Warning: Can't find file for asset '/Game/FirstPerson/Meshes/FirstPersonProjectileMaterial' while loading NULL.
[2017.05.04-18.03.21:716][  0]LoadErrors: Info Failed to load /Game/FirstPerson/Meshes/FirstPersonProjectileMaterial.FirstPersonProjectileMaterial Referenced by FirstPersonProjectileMesh
[2017.05.04-18.03.22:049][  0]LogLinker:Warning: Can't find file '/Game/FirstPerson/FPWeapon/Materials/MaterialLayers/ML_SoftMetal_UE4'
[2017.05.04-18.03.22:049][  0]LoadErrors: Info Failed to load /Game/FirstPerson/FPWeapon/Materials/MaterialLayers/ML_SoftMetal_UE4.ML_SoftMetal_UE4 Referenced by M_FPGun
[2017.05.04-18.03.22:050][  0]LogLinker:Warning: Can't find file for asset '/Game/FirstPerson/FPWeapon/Materials/MaterialLayers/ML_SoftMetal_UE4' while loading NULL.
[2017.05.04-18.03.22:051][  0]LoadErrors: Info Failed to load /Game/FirstPerson/FPWeapon/Materials/MaterialLayers/ML_SoftMetal_UE4.ML_SoftMetal_UE4 Referenced by M_FPGun
[2017.05.04-18.03.22:052][  0]LogLinker:Warning: Can't find file '/Game/FirstPerson/FPWeapon/Materials/MaterialLayers/ML_GlossyBlack_Latex_UE4'
[2017.05.04-18.03.22:052][  0]LoadErrors: Info Failed to load /Game/FirstPerson/FPWeapon/Materials/MaterialLayers/ML_GlossyBlack_Latex_UE4.ML_GlossyBlack_Latex_UE4 Referenced by M_FPGun
[2017.05.04-18.03.22:053][  0]LogLinker:Warning: Can't find file for asset '/Game/FirstPerson/FPWeapon/Materials/MaterialLayers/ML_GlossyBlack_Latex_UE4' while loading NULL.
[2017.05.04-18.03.22:054][  0]LoadErrors: Info Failed to load /Game/FirstPerson/FPWeapon/Materials/MaterialLayers/ML_GlossyBlack_Latex_UE4.ML_GlossyBlack_Latex_UE4 Referenced by M_FPGun
[2017.05.04-18.03.22:056][  0]LogLinker:Warning: Can't find file '/Game/FirstPerson/FPWeapon/Materials/MaterialLayers/ML_Plastic_Shiny_Beige'
[2017.05.04-18.03.22:056][  0]LoadErrors: Info Failed to load /Game/FirstPerson/FPWeapon/Materials/MaterialLayers/ML_Plastic_Shiny_Beige.ML_Plastic_Shiny_Beige Referenced by M_FPGun
[2017.05.04-18.03.22:057][  0]LogLinker:Warning: Can't find file for asset '/Game/FirstPerson/FPWeapon/Materials/MaterialLayers/ML_Plastic_Shiny_Beige' while loading NULL.
[2017.05.04-18.03.22:057][  0]LoadErrors: Info Failed to load /Game/FirstPerson/FPWeapon/Materials/MaterialLayers/ML_Plastic_Shiny_Beige.ML_Plastic_Shiny_Beige Referenced by M_FPGun
[2017.05.04-18.03.22:058][  0]LogLinker:Warning: Can't find file '/Game/FirstPerson/FPWeapon/Materials/MaterialLayers/ML_Screen'
[2017.05.04-18.03.22:058][  0]LoadErrors: Info Failed to load /Game/FirstPerson/FPWeapon/Materials/MaterialLayers/ML_Screen.ML_Screen Referenced by M_FPGun
[2017.05.04-18.03.22:058][  0]LogLinker:Warning: Can't find file for asset '/Game/FirstPerson/FPWeapon/Materials/MaterialLayers/ML_Screen' while loading NULL.
[2017.05.04-18.03.22:058][  0]LoadErrors: Info Failed to load /Game/FirstPerson/FPWeapon/Materials/MaterialLayers/ML_Screen.ML_Screen Referenced by M_FPGun
[2017.05.04-18.03.22:060][  0]LogLinker:Warning: Can't find file '/Game/FirstPerson/FPWeapon/Materials/MaterialLayers/ML_Plastic_Shiny_Beige'
[2017.05.04-18.03.22:061][  0]LoadErrors: Info Failed to load /Game/FirstPerson/FPWeapon/Materials/MaterialLayers/ML_Plastic_Shiny_Beige.ML_Plastic_Shiny_Beige Referenced by MaterialExpressionMaterialFunctionCall_13
[2017.05.04-18.03.22:061][  0]LogLinker:Warning: Can't find file for asset '/Game/FirstPerson/FPWeapon/Materials/MaterialLayers/ML_Plastic_Shiny_Beige' while loading NULL.
[2017.05.04-18.03.22:061][  0]LoadErrors: Info Failed to load /Game/FirstPerson/FPWeapon/Materials/MaterialLayers/ML_Plastic_Shiny_Beige.ML_Plastic_Shiny_Beige Referenced by MaterialExpressionMaterialFunctionCall_13
[2017.05.04-18.03.22:063][  0]LogLinker:Warning: Can't find file '/Game/FirstPerson/FPWeapon/Materials/MaterialLayers/ML_Screen'
[2017.05.04-18.03.22:063][  0]LoadErrors: Info Failed to load /Game/FirstPerson/FPWeapon/Materials/MaterialLayers/ML_Screen.ML_Screen Referenced by MaterialExpressionMaterialFunctionCall_4
[2017.05.04-18.03.22:064][  0]LogLinker:Warning: Can't find file for asset '/Game/FirstPerson/FPWeapon/Materials/MaterialLayers/ML_Screen' while loading NULL.
[2017.05.04-18.03.22:065][  0]LoadErrors: Info Failed to load /Game/FirstPerson/FPWeapon/Materials/MaterialLayers/ML_Screen.ML_Screen Referenced by MaterialExpressionMaterialFunctionCall_4
[2017.05.04-18.03.22:066][  0]LogLinker:Warning: Can't find file '/Game/FirstPerson/FPWeapon/Materials/MaterialLayers/ML_SoftMetal_UE4'
[2017.05.04-18.03.22:066][  0]LoadErrors: Info Failed to load /Game/FirstPerson/FPWeapon/Materials/MaterialLayers/ML_SoftMetal_UE4.ML_SoftMetal_UE4 Referenced by MaterialExpressionMaterialFunctionCall_8
[2017.05.04-18.03.22:067][  0]LogLinker:Warning: Can't find file for asset '/Game/FirstPerson/FPWeapon/Materials/MaterialLayers/ML_SoftMetal_UE4' while loading NULL.
[2017.05.04-18.03.22:067][  0]LoadErrors: Info Failed to load /Game/FirstPerson/FPWeapon/Materials/MaterialLayers/ML_SoftMetal_UE4.ML_SoftMetal_UE4 Referenced by MaterialExpressionMaterialFunctionCall_8
[2017.05.04-18.03.22:068][  0]LogLinker:Warning: Can't find file '/Game/FirstPerson/FPWeapon/Materials/MaterialLayers/ML_GlossyBlack_Latex_UE4'
[2017.05.04-18.03.22:068][  0]LoadErrors: Info Failed to load /Game/FirstPerson/FPWeapon/Materials/MaterialLayers/ML_GlossyBlack_Latex_UE4.ML_GlossyBlack_Latex_UE4 Referenced by MaterialExpressionMaterialFunctionCall_9
[2017.05.04-18.03.22:069][  0]LogLinker:Warning: Can't find file for asset '/Game/FirstPerson/FPWeapon/Materials/MaterialLayers/ML_GlossyBlack_Latex_UE4' while loading NULL.
[2017.05.04-18.03.22:069][  0]LoadErrors: Info Failed to load /Game/FirstPerson/FPWeapon/Materials/MaterialLayers/ML_GlossyBlack_Latex_UE4.ML_GlossyBlack_Latex_UE4 Referenced by MaterialExpressionMaterialFunctionCall_9
[2017.05.04-18.03.22:070][  0]LogLinker:Warning: Can't find file '/Game/FirstPerson/FPWeapon/Textures/T_FPGun_N'
[2017.05.04-18.03.22:070][  0]LoadErrors: Info Failed to load /Game/FirstPerson/FPWeapon/Textures/T_FPGun_N.T_FPGun_N Referenced by MaterialExpressionTextureSampleParameter2D_2
[2017.05.04-18.03.22:071][  0]LogLinker:Warning: Can't find file for asset '/Game/FirstPerson/FPWeapon/Textures/T_FPGun_N' while loading NULL.
[2017.05.04-18.03.22:071][  0]LoadErrors: Info Failed to load /Game/FirstPerson/FPWeapon/Textures/T_FPGun_N.T_FPGun_N Referenced by MaterialExpressionTextureSampleParameter2D_2
[2017.05.04-18.03.22:072][  0]LogLinker:Warning: Can't find file '/Game/FirstPerson/FPWeapon/Textures/T_FPGun_M'
[2017.05.04-18.03.22:072][  0]LoadErrors: Info Failed to load /Game/FirstPerson/FPWeapon/Textures/T_FPGun_M.T_FPGun_M Referenced by MaterialExpressionTextureSampleParameter2D_3
[2017.05.04-18.03.22:073][  0]LogLinker:Warning: Can't find file for asset '/Game/FirstPerson/FPWeapon/Textures/T_FPGun_M' while loading NULL.
[2017.05.04-18.03.22:073][  0]LoadErrors: Info Failed to load /Game/FirstPerson/FPWeapon/Textures/T_FPGun_M.T_FPGun_M Referenced by MaterialExpressionTextureSampleParameter2D_3
[2017.05.04-18.03.25:773][  0]LogMaterial: Missing cached shader map for material M_FPGun, compiling. 
[2017.05.04-18.03.25:859][  0]LogMaterial:Warning: Failed to compile Material /Game/ThirdPerson/FPWeapon/Materials/M_FPGun.M_FPGun for platform PCD3D_SM5, Default Material will be used in game.
[2017.05.04-18.03.25:859][  0]LogMaterial:Warning: 	Missing Material Function
[2017.05.04-18.03.25:859][  0]LogMaterial:Warning: 	(Node TextureSampleParameter2D) Param2D> Requires Texture2D
[2017.05.04-18.03.25:859][  0]LogMaterial:Warning: 	Function MatLayerBlend_NormalBlend: (Node MakeMaterialAttributes) Error on property Normal
[2017.05.04-18.03.25:859][  0]LogMaterial:Warning: 	Function MatLayerBlend_Simple: (Node MakeMaterialAttributes) Error on property EmissiveColor
[2017.05.04-18.03.25:859][  0]LogMaterial:Warning: 	Function MatLayerBlend_Simple: (Node MakeMaterialAttributes) Error on property BaseColor
[2017.05.04-18.03.25:860][  0]LogMaterial:Warning: 	Function MatLayerBlend_Simple: (Node MakeMaterialAttributes) Error on property Metallic
[2017.05.04-18.03.25:860][  0]LogMaterial:Warning: 	Function MatLayerBlend_Simple: (Node MakeMaterialAttributes) Error on property Roughness
[2017.05.04-18.03.26:422][  0]LogAIModule: Creating AISystem for world FirstLevelMap
[2017.05.04-18.03.33:448][  0]LogEditorServer: Finished looking for orphan Actors (0.017 secs)
[2017.05.04-18.03.33:833][  0]Cmd: MAP CHECKDEP NOCLEARLOG
[2017.05.04-18.03.34:681][  0]MapCheck: Info Map check complete: 0 Error(s), 0 Warning(s), took 838.079ms to complete.
[2017.05.04-18.03.34:699][  0]LogFileHelpers: Loading map 'FirstLevelMap' took 28.267
[2017.05.04-18.03.39:284][  0]LogCollectionManager: Loaded 0 collections in 0.025439 seconds
[2017.05.04-18.03.42:248][  0]LogFileCache: Scanning file cache for directory 'D:/MyProject4_2/MyProject4/Saved/Collections/' took 0.02s
[2017.05.04-18.03.42:249][  0]LogFileCache: Scanning file cache for directory 'D:/MyProject4_2/MyProject4/Content/Developers/Tan/Collections/' took 0.01s
[2017.05.04-18.03.42:249][  0]LogFileCache: Scanning file cache for directory 'D:/MyProject4_2/MyProject4/Content/Collections/' took 0.01s
[2017.05.04-18.03.42:249][  0]LogCollectionManager: Rebuilt the GUID cache for 0 collections in 0.000012 seconds
[2017.05.04-18.03.42:425][  0]LogContentBrowser: Native class hierarchy populated in 0.1331 seconds. Added 2245 classes and 453 folders.
[2017.05.04-18.03.42:826][  0]LogStats: UGameplayTagsManager::ConstructGameplayTagTree: Construct from data asset -  0.013 s
[2017.05.04-18.03.42:829][  0]LogStats: UGameplayTagsManager::ConstructGameplayTagTree: GameplayTagTreeChangedEvent.Broadcast -  0.001 s
[2017.05.04-18.03.43:262][  0]LogContentBrowser: Native class hierarchy updated for 'WidgetCarousel' in 0.0016 seconds. Added 0 classes and 0 folders.
[2017.05.04-18.03.44:774][  0]LogContentBrowser: Native class hierarchy updated for 'AddContentDialog' in 0.0037 seconds. Added 0 classes and 0 folders.
[2017.05.04-18.03.47:413][  0]LogContentBrowser: Native class hierarchy updated for 'SceneOutliner' in 0.0060 seconds. Added 1 classes and 2 folders.
[2017.05.04-18.03.49:344][  0]LogCrashTracker: Crashtracker disabled due to settings.
[2017.05.04-18.03.50:101][  0]LogUObjectGlobals:Warning: Failed to find object 'Class None.'
[2017.05.04-18.03.50:721][  0]LogContentBrowser: Native class hierarchy updated for 'HierarchicalLODOutliner' in 0.0024 seconds. Added 1 classes and 2 folders.
[2017.05.04-18.03.50:732][  0]LogLoad: (Engine Initialization) Total time: 305.14 seconds
[2017.05.04-18.03.50:732][  0]LogLoad: (Engine Initialization) Total Blueprint compile time: 8.45 seconds
[2017.05.04-18.03.50:746][  0]LogExternalProfiler: No external profilers were discovered.  External profiling features will not be available.
[2017.05.04-18.03.51:359][  0]LogOcInput: OculusInput pre-init called
[2017.05.04-18.03.52:811][  0]LogContentStreaming: Texture pool size now 1000 MB
[2017.05.04-18.03.53:498][  0]LogSlate: Took 0.025934 seconds to synchronously load lazily loaded font '../../../Engine/Content/Slate/Fonts/Roboto-Regular.ttf' (155K)
[2017.05.04-18.03.53:611][  0]LogSlate: Took 0.016767 seconds to synchronously load lazily loaded font '../../../Engine/Content/Slate/Fonts/Roboto-Bold.ttf' (160K)
[2017.05.04-18.03.53:676][  0]LogSlate: Took 0.049402 seconds to synchronously load lazily loaded font '../../../Engine/Content/Editor/Slate/Fonts/FontAwesome.ttf' (139K)
[2017.05.04-18.03.58:033][  1]LogRenderer: Reallocating scene render targets to support 784x592 NumSamples 1 (Frame:2).
[2017.05.04-18.04.00:201][  1]LogSlate: Took 0.048026 seconds to synchronously load lazily loaded font '../../../Engine/Content/Slate/Fonts/Roboto-Light.ttf' (159K)
[2017.05.04-18.04.13:889][ 17]LogAssetRegistry: Asset discovery search completed in 168.3463 seconds
[2017.05.04-18.04.14:030][ 17]LogCollectionManager: Rebuilt the object cache for 0 collections in 0.001193 seconds (found 0 objects)
[2017.05.04-18.04.14:030][ 17]LogCollectionManager: Fixed up redirectors for 0 collections in 0.009851 seconds (updated 0 objects)
[2017.05.04-18.06.30:876][406]LogWindowsTextInputMethodSystem:Display: IME system now deactivated.
[2017.05.04-18.06.30:902][406]LogWindowsTextInputMethodSystem:Display: IME system now deactivated.
[2017.05.04-18.06.57:024][585]LogRenderer: Reallocating scene render targets to support 972x612 NumSamples 1 (Frame:182).
[2017.05.04-18.07.09:604][734]LogSlate: Took 0.031628 seconds to synchronously load lazily loaded font '../../../Engine/Content/Slate/Fonts/Roboto-Light.ttf' (159K)
[2017.05.04-18.07.32:871][857]LogSourceControl:Error: '../../../../MyProject4_2/MyProject4/' is not part of a Git repository
[2017.05.04-18.07.33:235][862]SourceControl:Error: Error fatal: Not a git repository: 'D:/MyProject4_2/MyProject4/.git'
[2017.05.04-18.07.33:264][862]SourceControl:Error: Error Failed to enable Git source control. You need to initialize the project as a Git repository first.
[2017.05.04-18.10.58:197][564]LogWindowsTextInputMethodSystem:Display: IME system now deactivated.
[2017.05.04-18.10.58:296][564]LogWindowsTextInputMethodSystem:Display: IME system now deactivated.
[2017.05.04-18.21.10:699][447]LogWindowsTextInputMethodSystem:Display: IME system now deactivated.
[2017.05.04-18.21.10:699][447]LogWindowsTextInputMethodSystem:Display: IME system now deactivated.
[2017.05.04-18.21.43:484][662]SourceControl:Error: Error fatal: Not a git repository: 'D:/MyProject4_2/MyProject4/.git'
[2017.05.04-18.21.43:503][662]SourceControl:Error: Error Failed to enable Git source control. You need to initialize the project as a Git repository first.
[2017.05.04-18.25.02:946][780]SourceControl: Info On branch master
[2017.05.04-18.25.03:064][780]SourceControl: Info nothing to commit, working tree clean
[2017.05.04-20.10.25:801][ 66]LogWindowsTextInputMethodSystem:Display: IME system now deactivated.
[2017.05.04-20.10.25:997][ 66]LogWindowsTextInputMethodSystem:Display: IME system now deactivated.
[2017.05.04-20.10.30:716][ 66]LogEditorViewport: Clicking Background
[2017.05.04-20.43.16:341][951]LogWindowsTextInputMethodSystem:Display: IME system now deactivated.
[2017.05.04-20.43.16:541][951]LogWindowsTextInputMethodSystem:Display: IME system now deactivated.
[2017.05.04-21.03.52:485][609]LogWindowsTextInputMethodSystem:Display: IME system now deactivated.
[2017.05.04-21.03.59:694][610]Cmd: QUIT_EDITOR
[2017.05.04-21.04.02:636][610]LogExit: Preparing to exit.
[2017.05.04-21.04.08:886][610]LogDirectoryWatcher: A directory notification for 'D:/MyProject4_2/MyProject4/Content/' was aborted.
[2017.05.04-21.04.12:521][610]LogExit: Editor shut down
[2017.05.04-21.04.12:541][610]LogExit: Transaction tracking system shut down
[2017.05.04-21.04.20:712][610]LogObj: Freed 0b from 0 cluster array pools.
[2017.05.04-21.04.20:717][610]LogExit: Object subsystem successfully closed.
[2017.05.04-21.04.21:677][610]LogD3D11RHI: Shutdown
[2017.05.04-21.04.21:684][610]LogD3D11RHI: CleanupD3DDevice
[2017.05.04-21.04.22:449][610]LogD3D11RHI: ~FD3D11DynamicRHI
[2017.05.04-21.04.27:375][610]LogModuleManager: Shutting down and abandoning module HierarchicalLODOutliner (498)
[2017.05.04-21.04.27:396][610]LogModuleManager: Shutting down and abandoning module CrashTracker (496)
[2017.05.04-21.04.27:410][610]LogModuleManager: Shutting down and abandoning module SceneOutliner (494)
[2017.05.04-21.04.27:448][610]LogModuleManager: Shutting down and abandoning module AddContentDialog (492)
[2017.05.04-21.04.27:558][610]LogDirectoryWatcher: A directory notification for 'D:/UE_4.15/FeaturePacks/' was aborted.
[2017.05.04-21.04.27:599][610]LogModuleManager: Shutting down and abandoning module WidgetCarousel (491)
[2017.05.04-21.04.27:599][610]LogModuleManager: Shutting down and abandoning module EditorWidgets (488)
[2017.05.04-21.04.27:625][610]LogModuleManager: Shutting down and abandoning module CollectionManager (486)
[2017.05.04-21.04.27:644][610]LogDirectoryWatcher: A directory notification for 'D:/MyProject4_2/MyProject4/Content/Collections/' was aborted.
[2017.05.04-21.04.27:644][610]LogDirectoryWatcher: A directory notification for 'D:/MyProject4_2/MyProject4/Content/Developers/Tan/Collections/' was aborted.
[2017.05.04-21.04.27:644][610]LogDirectoryWatcher: A directory notification for 'D:/MyProject4_2/MyProject4/Saved/Collections/' was aborted.
[2017.05.04-21.04.27:651][610]LogModuleManager: Shutting down and abandoning module StatsViewer (484)
[2017.05.04-21.04.27:675][610]LogModuleManager: Shutting down and abandoning module FoliageEdit (482)
[2017.05.04-21.04.27:691][610]LogModuleManager: Shutting down and abandoning module LandscapeEditor (480)
[2017.05.04-21.04.27:821][610]LogModuleManager: Shutting down and abandoning module SceneDepthPickerMode (478)
[2017.05.04-21.04.27:821][610]LogModuleManager: Shutting down and abandoning module ActorPickerMode (476)
[2017.05.04-21.04.27:821][610]LogModuleManager: Shutting down and abandoning module GeometryMode (474)
[2017.05.04-21.04.27:821][610]LogModuleManager: Shutting down and abandoning module TextureAlignMode (472)
[2017.05.04-21.04.27:821][610]LogModuleManager: Shutting down and abandoning module BspMode (470)
[2017.05.04-21.04.27:844][610]LogModuleManager: Shutting down and abandoning module HardwareSurvey (468)
[2017.05.04-21.04.27:850][610]LogModuleManager: Shutting down and abandoning module SequenceRecorderSections (466)
[2017.05.04-21.04.27:850][610]LogModuleManager: Shutting down and abandoning module AutomationWorker (464)
[2017.05.04-21.04.27:863][610]LogModuleManager: Shutting down and abandoning module MatineeToLevelSequence (462)
[2017.05.04-21.04.27:921][610]LogModuleManager: Shutting down and abandoning module LevelSequenceEditor (460)
[2017.05.04-21.04.28:001][610]LogModuleManager: Shutting down and abandoning module PlacementMode (459)
[2017.05.04-21.04.28:002][610]LogModuleManager: Shutting down and abandoning module WmfMediaFactory (456)
[2017.05.04-21.04.28:002][610]LogModuleManager: Shutting down and abandoning module WmfMediaEditor (454)
[2017.05.04-21.04.28:002][610]LogModuleManager: Shutting down and abandoning module MfMediaFactory (452)
[2017.05.04-21.04.28:002][610]LogModuleManager: Shutting down and abandoning module MfMediaEditor (450)
[2017.05.04-21.04.28:002][610]LogModuleManager: Shutting down and abandoning module AvfMediaFactory (448)
[2017.05.04-21.04.28:002][610]LogModuleManager: Shutting down and abandoning module AvfMediaEditor (446)
[2017.05.04-21.04.28:002][610]LogModuleManager: Shutting down and abandoning module AndroidMediaFactory (444)
[2017.05.04-21.04.28:002][610]LogModuleManager: Shutting down and abandoning module Media (443)
[2017.05.04-21.04.28:002][610]LogModuleManager: Shutting down and abandoning module AndroidMediaEditor (440)
[2017.05.04-21.04.28:002][610]LogModuleManager: Shutting down and abandoning module CharacterAI (438)
[2017.05.04-21.04.28:002][610]LogModuleManager: Shutting down and abandoning module AudioCapture (436)
[2017.05.04-21.04.28:021][610]LogModuleManager: Shutting down and abandoning module SequenceRecorder (435)
[2017.05.04-21.04.28:077][610]LogModuleManager: Shutting down and abandoning module SmartSnapping (432)
[2017.05.04-21.04.28:077][610]LogModuleManager: Shutting down and abandoning module SessionServices (430)
[2017.05.04-21.04.28:088][610]LogModuleManager: Shutting down and abandoning module ViewportSnapping (428)
[2017.05.04-21.04.28:088][610]LogModuleManager: Shutting down and abandoning module ViewportInteraction (426)
[2017.05.04-21.04.28:088][610]LogModuleManager: Shutting down and abandoning module LogVisualizer (424)
[2017.05.04-21.04.28:164][610]LogModuleManager: Shutting down and abandoning module IntroTutorials (422)
[2017.05.04-21.04.28:304][610]LogModuleManager: Shutting down and abandoning module GameProjectGeneration (421)
[2017.05.04-21.04.28:345][610]LogModuleManager: Shutting down and abandoning module EditorLiveStreaming (418)
[2017.05.04-21.04.28:358][610]LogModuleManager: Shutting down and abandoning module IOSPlatformEditor (416)
[2017.05.04-21.04.28:373][610]LogModuleManager: Shutting down and abandoning module HTML5PlatformEditor (414)
[2017.05.04-21.04.28:373][610]LogModuleManager: Shutting down and abandoning module AndroidPlatformEditor (412)
[2017.05.04-21.04.28:399][610]LogModuleManager: Shutting down and abandoning module AndroidDeviceDetection (411)
[2017.05.04-21.04.29:343][610]LogModuleManager: Shutting down and abandoning module IOSRuntimeSettings (408)
[2017.05.04-21.04.29:343][610]LogModuleManager: Shutting down and abandoning module AndroidRuntimeSettings (406)
[2017.05.04-21.04.29:343][610]LogModuleManager: Shutting down and abandoning module InputBindingEditor (404)
[2017.05.04-21.04.29:357][610]LogModuleManager: Shutting down and abandoning module NiagaraEditor (402)
[2017.05.04-21.04.29:417][610]LogModuleManager: Shutting down and abandoning module MergeActors (400)
[2017.05.04-21.04.29:428][610]LogModuleManager: Shutting down and abandoning module SizeMap (398)
[2017.05.04-21.04.29:436][610]LogModuleManager: Shutting down and abandoning module TreeMap (396)
[2017.05.04-21.04.29:456][610]LogModuleManager: Shutting down and abandoning module ReferenceViewer (394)
[2017.05.04-21.04.29:473][610]LogModuleManager: Shutting down and abandoning module LocalizationDashboard (392)
[2017.05.04-21.04.29:529][610]LogModuleManager: Shutting down and abandoning module LocalizationService (391)
[2017.05.04-21.04.29:547][610]LogModuleManager: Shutting down and abandoning module HardwareTargeting (388)
[2017.05.04-21.04.29:561][610]LogModuleManager: Shutting down and abandoning module DeviceProfileEditor (386)
[2017.05.04-21.04.29:578][610]LogModuleManager: Shutting down and abandoning module UndoHistory (384)
[2017.05.04-21.04.29:597][610]LogModuleManager: Shutting down and abandoning module UserFeedback (382)
[2017.05.04-21.04.29:597][610]LogModuleManager: Shutting down and abandoning module XmlParser (380)
[2017.05.04-21.04.29:609][610]LogModuleManager: Shutting down and abandoning module Blutility (378)
[2017.05.04-21.04.29:617][610]LogModuleManager: Shutting down and abandoning module ProjectSettingsViewer (376)
[2017.05.04-21.04.29:620][610]LogModuleManager: Shutting down and abandoning module ProjectTargetPlatformEditor (375)
[2017.05.04-21.04.29:656][610]LogModuleManager: Shutting down and abandoning module EditorSettingsViewer (372)
[2017.05.04-21.04.29:657][610]LogModuleManager: Shutting down and abandoning module SettingsEditor (370)
[2017.05.04-21.04.29:700][610]LogModuleManager: Shutting down and abandoning module ProjectLauncher (368)
[2017.05.04-21.04.29:738][610]LogModuleManager: Shutting down and abandoning module SessionFrontend (366)
[2017.05.04-21.04.29:751][610]LogModuleManager: Shutting down and abandoning module ProfilerClient (364)
[2017.05.04-21.04.29:771][610]LogModuleManager: Shutting down and abandoning module DeviceManager (362)
[2017.05.04-21.04.29:806][610]LogModuleManager: Shutting down and abandoning module TargetDeviceServices (361)
[2017.05.04-21.04.29:898][610]LogModuleManager: Shutting down and abandoning module AutomationController (358)
[2017.05.04-21.04.29:922][610]LogModuleManager: Shutting down and abandoning module AutomationWindow (356)
[2017.05.04-21.04.29:946][610]LogModuleManager: Shutting down and abandoning module Layers (354)
[2017.05.04-21.04.29:969][610]LogModuleManager: Shutting down and abandoning module ComponentVisualizers (352)
[2017.05.04-21.04.29:969][610]LogModuleManager: Shutting down and abandoning module DetailCustomizations (350)
[2017.05.04-21.04.30:066][610]LogModuleManager: Shutting down and abandoning module PackagesDialog (348)
[2017.05.04-21.04.30:094][610]LogModuleManager: Shutting down and abandoning module Persona (346)
[2017.05.04-21.04.30:148][610]LogModuleManager: Shutting down and abandoning module AnimGraph (345)
[2017.05.04-21.04.30:148][610]LogModuleManager: Shutting down and abandoning module Kismet (342)
[2017.05.04-21.04.30:259][610]LogModuleManager: Shutting down and abandoning module GraphEditor (340)
[2017.05.04-21.04.30:329][610]LogModuleManager: Shutting down and abandoning module ClassViewer (338)
[2017.05.04-21.04.30:349][610]LogModuleManager: Shutting down and abandoning module Toolbox (336)
[2017.05.04-21.04.30:366][610]LogModuleManager: Shutting down and abandoning module ModuleUI (334)
[2017.05.04-21.04.30:386][610]LogModuleManager: Shutting down and abandoning module MovieSceneTools (332)
[2017.05.04-21.04.30:477][610]LogModuleManager: Shutting down and abandoning module OutputLog (330)
[2017.05.04-21.04.30:504][610]LogModuleManager: Shutting down and abandoning module GammaUI (328)
[2017.05.04-21.04.30:516][610]LogModuleManager: Shutting down and abandoning module Documentation (326)
[2017.05.04-21.04.30:530][610]LogModuleManager: Shutting down and abandoning module Niagara (324)
[2017.05.04-21.04.30:531][610]LogModuleManager: Shutting down and abandoning module StreamingPauseRendering (322)
[2017.05.04-21.04.30:531][610]LogModuleManager: Shutting down and abandoning module AnalyticsET (320)
[2017.05.04-21.04.30:531][610]LogModuleManager: Shutting down and abandoning module PortalServices (318)
[2017.05.04-21.04.30:531][610]LogModuleManager: Shutting down and abandoning module PortalRpc (316)
[2017.05.04-21.04.30:531][610]LogModuleManager: Shutting down and abandoning module MessagingRpc (314)
[2017.05.04-21.04.30:531][610]LogModuleManager: Shutting down and abandoning module AIModule (312)
[2017.05.04-21.04.30:574][610]LogModuleManager: Shutting down and abandoning module GameplayDebugger (311)
[2017.05.04-21.04.30:581][610]LogModuleManager: Shutting down and abandoning module AITestSuite (309)
[2017.05.04-21.04.30:594][610]LogModuleManager: Shutting down and abandoning module ProfilerService (306)
[2017.05.04-21.04.30:693][610]LogModuleManager: Shutting down and abandoning module TaskGraph (304)
[2017.05.04-21.04.30:738][610]LogModuleManager: Shutting down and abandoning module SteamVRController (302)
[2017.05.04-21.04.30:738][610]LogModuleManager: Shutting down and abandoning module SteamVR (300)
[2017.05.04-21.04.30:756][610]LogModuleManager: Shutting down and abandoning module ProceduralMeshComponentEditor (298)
[2017.05.04-21.04.30:757][610]LogModuleManager: Shutting down and abandoning module ProceduralMeshComponent (296)
[2017.05.04-21.04.30:757][610]LogModuleManager: Shutting down and abandoning module OculusLibrary (294)
[2017.05.04-21.04.30:757][610]LogModuleManager: Shutting down and abandoning module OculusInput (292)
[2017.05.04-21.04.30:757][610]LogModuleManager: Shutting down and abandoning module MobilePatchingUtils (290)
[2017.05.04-21.04.30:769][610]LogModuleManager: Shutting down and abandoning module CustomMeshComponent (288)
[2017.05.04-21.04.30:769][610]LogModuleManager: Shutting down and abandoning module CableComponent (286)
[2017.05.04-21.04.30:777][610]LogModuleManager: Shutting down and abandoning module ArchVisCharacter (284)
[2017.05.04-21.04.30:777][610]LogModuleManager: Shutting down and abandoning module MediaPlayerEditor (280)
[2017.05.04-21.04.30:805][610]LogModuleManager: Shutting down and abandoning module HTML5Networking (278)
[2017.05.04-21.04.30:805][610]LogModuleManager: Shutting down and abandoning module AlembicImporter (276)
[2017.05.04-21.04.30:822][610]LogModuleManager: Shutting down and abandoning module AlembicLibrary (275)
[2017.05.04-21.04.30:841][610]LogModuleManager: Shutting down and abandoning module GeometryCache (274)
[2017.05.04-21.04.30:848][610]LogModuleManager: Shutting down and abandoning module GeometryCacheEd (273)
[2017.05.04-21.04.30:848][610]LogModuleManager: Shutting down and abandoning module SuperSearchEditor (268)
[2017.05.04-21.04.30:848][610]LogModuleManager: Shutting down and abandoning module SuperSearch (267)
[2017.05.04-21.04.30:859][610]LogModuleManager: Shutting down and abandoning module SpeedTreeImporter (264)
[2017.05.04-21.04.30:875][610]LogModuleManager: Shutting down and abandoning module PluginBrowser (262)
[2017.05.04-21.04.30:929][610]LogModuleManager: Shutting down and abandoning module MobileLauncherProfileWizard (260)
[2017.05.04-21.04.30:961][610]LogModuleManager: Shutting down and abandoning module EpicSurvey (258)
[2017.05.04-21.04.30:987][610]LogModuleManager: Shutting down and abandoning module VisualStudioSourceCodeAccess (256)
[2017.05.04-21.04.30:997][610]LogModuleManager: Shutting down and abandoning module DesktopPlatform (255)
[2017.05.04-21.04.31:008][610]LogModuleManager: Shutting down and abandoning module UObjectPlugin (252)
[2017.05.04-21.04.31:009][610]LogModuleManager: Shutting down and abandoning module SubversionSourceControl (250)
[2017.05.04-21.04.31:031][610]LogModuleManager: Shutting down and abandoning module PerforceSourceControl (248)
[2017.05.04-21.04.31:062][610]LogModuleManager: Shutting down and abandoning module GitSourceControl (246)
[2017.05.04-21.04.31:096][610]LogModuleManager: Shutting down and abandoning module SourceControl (245)
[2017.05.04-21.04.31:120][610]LogModuleManager: Shutting down and abandoning module LightPropagationVolumeEditor (242)
[2017.05.04-21.04.31:129][610]LogModuleManager: Shutting down and abandoning module PaperTiledImporter (240)
[2017.05.04-21.04.31:129][610]LogModuleManager: Shutting down and abandoning module PaperSpriteSheetImporter (238)
[2017.05.04-21.04.31:136][610]LogModuleManager: Shutting down and abandoning module Paper2DEditor (236)
[2017.05.04-21.04.31:186][610]LogModuleManager: Shutting down and abandoning module MeshPaint (235)
[2017.05.04-21.04.31:194][610]LogModuleManager: Shutting down and abandoning module LevelEditor (233)
[2017.05.04-21.04.31:478][610]LogModuleManager: Shutting down and abandoning module PixelInspectorModule (232)
[2017.05.04-21.04.31:516][610]LogModuleManager: Shutting down and abandoning module MainFrame (230)
[2017.05.04-21.04.31:560][610]LogModuleManager: Shutting down and abandoning module HotReload (229)
[2017.05.04-21.04.31:608][610]LogModuleManager: Shutting down and abandoning module ContentBrowser (225)
[2017.05.04-21.04.31:654][610]LogModuleManager: Shutting down and abandoning module PhysXVehiclesEditor (222)
[2017.05.04-21.04.31:674][610]LogModuleManager: Shutting down and abandoning module PhysXVehicles (220)
[2017.05.04-21.04.31:675][610]LogModuleManager: Shutting down and abandoning module LocationServicesBPLibrary (218)
[2017.05.04-21.04.31:675][610]LogModuleManager: Shutting down and abandoning module UdpMessaging (216)
[2017.05.04-21.04.31:791][610]LogModuleManager: Shutting down and abandoning module TcpMessaging (214)
[2017.05.04-21.04.31:897][610]LogModuleManager: Shutting down and abandoning module GameplayTagsEditor (212)
[2017.05.04-21.04.31:921][610]LogModuleManager: Shutting down and abandoning module FacialAnimationEditor (210)
[2017.05.04-21.04.31:938][610]LogModuleManager: Shutting down and abandoning module FacialAnimation (208)
[2017.05.04-21.04.31:938][610]LogModuleManager: Shutting down and abandoning module LightPropagationVolumeRuntime (206)
[2017.05.04-21.04.31:938][610]LogModuleManager: Shutting down and abandoning module Paper2D (204)
[2017.05.04-21.04.31:959][610]LogModuleManager: Shutting down and abandoning module WindowsMoviePlayer (202)
[2017.05.04-21.04.31:971][610]LogModuleManager: Shutting down and abandoning module WmfMedia (200)
[2017.05.04-21.04.32:004][610]LogModuleManager: Shutting down and abandoning module MfMedia (198)
[2017.05.04-21.04.32:004][610]LogModuleManager: Shutting down and abandoning module MediaAssets (196)
[2017.05.04-21.04.32:004][610]LogModuleManager: Shutting down and abandoning module GameLiveStreaming (194)
[2017.05.04-21.04.32:015][610]LogModuleManager: Shutting down and abandoning module VREditor (192)
[2017.05.04-21.04.32:037][610]LogModuleManager: Shutting down and abandoning module GameplayTasksEditor (190)
[2017.05.04-21.04.32:037][610]LogModuleManager: Shutting down and abandoning module BehaviorTreeEditor (188)
[2017.05.04-21.04.32:079][610]LogModuleManager: Shutting down and abandoning module FunctionalTesting (186)
[2017.05.04-21.04.32:095][610]LogModuleManager: Shutting down and abandoning module CollisionAnalyzer (184)
[2017.05.04-21.04.32:133][610]LogModuleManager: Shutting down and abandoning module UMG (182)
[2017.05.04-21.04.32:165][610]LogModuleManager: Shutting down and abandoning module UMGEditor (181)
[2017.05.04-21.04.32:217][610]LogModuleManager: Shutting down and abandoning module Sequencer (180)
[2017.05.04-21.04.32:263][610]LogModuleManager: Shutting down and abandoning module AssetTools (178)
[2017.05.04-21.04.32:351][610]LogModuleManager: Shutting down and abandoning module MessageLog (177)
[2017.05.04-21.04.32:374][610]LogModuleManager: Shutting down and abandoning module WorkspaceMenuStructure (176)
[2017.05.04-21.04.32:424][610]LogModuleManager: Shutting down and abandoning module SlateReflector (170)
[2017.05.04-21.04.32:467][610]LogModuleManager: Shutting down and abandoning module Slate (168)
[2017.05.04-21.04.32:481][610]LogModuleManager: Shutting down and abandoning module EditorStyle (166)
[2017.05.04-21.04.32:677][610]LogModuleManager: Shutting down and abandoning module SourceCodeAccess (164)
[2017.05.04-21.04.32:708][610]LogModuleManager: Shutting down and abandoning module HeadMountedDisplay (162)
[2017.05.04-21.04.32:708][610]LogModuleManager: Shutting down and abandoning module XAudio2 (160)
[2017.05.04-21.04.32:708][610]LogModuleManager: Shutting down and abandoning module Networking (158)
[2017.05.04-21.04.32:708][610]LogModuleManager: Shutting down and abandoning module Core (154)
[2017.05.04-21.04.32:708][610]LogModuleManager: Shutting down and abandoning module AssetRegistry (152)
[2017.05.04-21.04.33:411][610]LogDirectoryWatcher: A directory notification for '../../../Engine/Content/' was aborted.
[2017.05.04-21.04.33:411][610]LogDirectoryWatcher: A directory notification for '../../../../MyProject4_2/MyProject4/Content/' was aborted.
[2017.05.04-21.04.33:411][610]LogDirectoryWatcher: A directory notification for '../../../Engine/Plugins/2D/Paper2D/Content/' was aborted.
[2017.05.04-21.04.33:459][610]LogModuleManager: Shutting down and abandoning module DirectoryWatcher (151)
[2017.05.04-21.04.33:493][610]LogModuleManager: Shutting down and abandoning module KismetCompiler (148)
[2017.05.04-21.04.33:502][610]LogModuleManager: Shutting down and abandoning module PhysXFormats (146)
[2017.05.04-21.04.33:538][610]LogModuleManager: Shutting down and abandoning module MeshUtilities (144)
[2017.05.04-21.04.33:587][610]LogModuleManager: Shutting down and abandoning module SimplygonSwarm (143)
[2017.05.04-21.04.33:608][610]LogModuleManager: Shutting down and abandoning module SimplygonMeshReduction (141)
[2017.05.04-21.04.33:615][610]LogModuleManager: Shutting down and abandoning module QuadricMeshReduction (139)
[2017.05.04-21.04.33:624][610]LogModuleManager: Shutting down and abandoning module PropertyEditor (137)
[2017.05.04-21.04.33:726][610]LogModuleManager: Shutting down and abandoning module DerivedDataCache (134)
[2017.05.04-21.04.33:839][610]LogDerivedDataCache: Shutdown
[2017.05.04-21.04.33:839][610]LogModuleManager: Shutting down and abandoning module TargetPlatform (132)
[2017.05.04-21.04.33:860][610]LogModuleManager: Shutting down and abandoning module VulkanShaderFormat (131)
[2017.05.04-21.04.33:874][610]LogModuleManager: Shutting down and abandoning module ShaderFormatOpenGL (129)
[2017.05.04-21.04.33:891][610]LogModuleManager: Shutting down and abandoning module ShaderFormatD3D (127)
[2017.05.04-21.04.33:905][610]LogModuleManager: Shutting down and abandoning module MetalShaderFormat (125)
[2017.05.04-21.04.33:935][610]LogModuleManager: Shutting down and abandoning module TextureFormatUncompressed (123)
[2017.05.04-21.04.33:948][610]LogModuleManager: Shutting down and abandoning module TextureFormatPVR (121)
[2017.05.04-21.04.33:948][610]LogModuleManager: Shutting down and abandoning module TextureFormatDXT (119)
[2017.05.04-21.04.33:949][610]LogModuleManager: Shutting down and abandoning module TextureFormatIntelISPCTexComp (117)
[2017.05.04-21.04.34:010][610]LogModuleManager: Shutting down and abandoning module TextureFormatASTC (115)
[2017.05.04-21.04.34:011][610]LogModuleManager: Shutting down and abandoning module ImageWrapper (114)
[2017.05.04-21.04.34:011][610]LogModuleManager: Shutting down and abandoning module TextureFormatAndroid (111)
[2017.05.04-21.04.34:013][610]LogModuleManager: Shutting down and abandoning module AudioFormatOpus (109)
[2017.05.04-21.04.34:013][610]LogModuleManager: Shutting down and abandoning module AudioFormatOgg (107)
[2017.05.04-21.04.34:015][610]LogModuleManager: Shutting down and abandoning module AudioFormatADPCM (105)
[2017.05.04-21.04.34:016][610]LogModuleManager: Shutting down and abandoning module LinuxTargetPlatform (103)
[2017.05.04-21.04.34:049][610]LogModuleManager: Shutting down and abandoning module LinuxServerTargetPlatform (101)
[2017.05.04-21.04.34:050][610]LogModuleManager: Shutting down and abandoning module LinuxNoEditorTargetPlatform (99)
[2017.05.04-21.04.34:052][610]LogModuleManager: Shutting down and abandoning module LinuxClientTargetPlatform (97)
[2017.05.04-21.04.34:052][610]LogModuleManager: Shutting down and abandoning module TVOSTargetPlatform (95)
[2017.05.04-21.04.34:052][610]LogModuleManager: Shutting down and abandoning module Messaging (93)
[2017.05.04-21.04.34:054][610]LogModuleManager: Shutting down and abandoning module IOSTargetPlatform (91)
[2017.05.04-21.04.34:054][610]LogModuleManager: Shutting down and abandoning module HTML5TargetPlatform (89)
[2017.05.04-21.04.34:077][610]LogModuleManager: Shutting down and abandoning module Android_PVRTCTargetPlatform (87)
[2017.05.04-21.04.34:077][610]LogModuleManager: Shutting down and abandoning module Android_MultiTargetPlatform (85)
[2017.05.04-21.04.34:078][610]LogModuleManager: Shutting down and abandoning module Android_ETC2TargetPlatform (83)
[2017.05.04-21.04.34:078][610]LogModuleManager: Shutting down and abandoning module Android_ETC1TargetPlatform (81)
[2017.05.04-21.04.34:078][610]LogModuleManager: Shutting down and abandoning module Android_DXTTargetPlatform (79)
[2017.05.04-21.04.34:079][610]LogModuleManager: Shutting down and abandoning module Android_ATCTargetPlatform (77)
[2017.05.04-21.04.34:080][610]LogModuleManager: Shutting down and abandoning module Android_ASTCTargetPlatform (75)
[2017.05.04-21.04.34:086][610]LogModuleManager: Shutting down and abandoning module AndroidTargetPlatform (73)
[2017.05.04-21.04.34:097][610]LogModuleManager: Shutting down and abandoning module WindowsTargetPlatform (71)
[2017.05.04-21.04.34:097][610]LogModuleManager: Shutting down and abandoning module WindowsServerTargetPlatform (69)
[2017.05.04-21.04.34:110][610]LogModuleManager: Shutting down and abandoning module WindowsNoEditorTargetPlatform (67)
[2017.05.04-21.04.34:121][610]LogModuleManager: Shutting down and abandoning module WindowsClientTargetPlatform (65)
[2017.05.04-21.04.34:130][610]LogModuleManager: Shutting down and abandoning module MacTargetPlatform (63)
[2017.05.04-21.04.34:130][610]LogModuleManager: Shutting down and abandoning module MacServerTargetPlatform (61)
[2017.05.04-21.04.34:145][610]LogModuleManager: Shutting down and abandoning module MacNoEditorTargetPlatform (59)
[2017.05.04-21.04.34:151][610]LogModuleManager: Shutting down and abandoning module MacClientTargetPlatform (57)
[2017.05.04-21.04.34:161][610]LogModuleManager: Shutting down and abandoning module AllDesktopTargetPlatform (55)
[2017.05.04-21.04.34:161][610]LogModuleManager: Shutting down and abandoning module InputCore (52)
[2017.05.04-21.04.34:172][610]LogModuleManager: Shutting down and abandoning module Settings (50)
[2017.05.04-21.04.34:178][610]LogModuleManager: Shutting down and abandoning module OculusRift (48)
[2017.05.04-21.04.34:191][610]LogModuleManager: Shutting down and abandoning module GearVR (46)
[2017.05.04-21.04.34:203][610]LogModuleManager: Shutting down and abandoning module ExampleDeviceProfileSelector (44)
[2017.05.04-21.04.34:203][610]LogModuleManager: Shutting down and abandoning module OnlineBlueprintSupport (42)
[2017.05.04-21.04.34:203][610]LogModuleManager: Shutting down and abandoning module OnlineSubsystem (38)
[2017.05.04-21.04.34:203][610]LogOnline:Display: Unloading online subsystem: NULL
[2017.05.04-21.04.34:245][610]LogModuleManager: Shutting down and abandoning module XMPP (37)
[2017.05.04-21.04.34:267][610]LogModuleManager: Shutting down and abandoning module HTTP (35)
[2017.05.04-21.04.34:278][610]LogHttp:Display: Http module shutting down, but needs to wait on 1 outstanding Http requests:
[2017.05.04-21.04.34:278][610]LogHttp:Display: 	verb=[POST] url=[https://datarouter.ol.epicgames.com/datarouter/api/v1/public/data?SessionID=%7B0264142E-4875-9DA8-2715-96963C3076A2%7D&AppID=UEEditor.Rocket.Release&AppVersion=4.15.1-3348071%2B%2B%2BUE4%2BRelease-4.15&UserID=3f4e192a41326e3f784fa494de5d6fe5%7C27f71b46e4f04096954b23528d3a919d%7C07c89b4e-9368-4bd0-b344-0385748377ec&AppEnvironment=datacollector-binary&UploadType=eteventstream] status=Processing
[2017.05.04-21.04.34:337][610]LogModuleManager: Shutting down and abandoning module SSL (34)
[2017.05.04-21.04.34:414][610]LogModuleManager: Shutting down and abandoning module AudioEditor (30)
[2017.05.04-21.04.34:432][610]LogModuleManager: Shutting down and abandoning module TextureCompressor (28)
[2017.05.04-21.04.34:497][610]LogModuleManager: Shutting down and abandoning module ShaderCore (26)
[2017.05.04-21.04.34:509][610]LogModuleManager: Shutting down and abandoning module Landscape (24)
[2017.05.04-21.04.34:526][610]LogModuleManager: Shutting down and abandoning module SlateRHIRenderer (22)
[2017.05.04-21.04.34:684][610]LogModuleManager: Shutting down and abandoning module OpenGLDrv (20)
[2017.05.04-21.04.34:702][610]LogModuleManager: Shutting down and abandoning module D3D11RHI (18)
[2017.05.04-21.04.34:702][610]LogModuleManager: Shutting down and abandoning module AnimGraphRuntime (16)
[2017.05.04-21.04.34:723][610]LogModuleManager: Shutting down and abandoning module Renderer (14)
[2017.05.04-21.04.34:738][610]LogModuleManager: Shutting down and abandoning module Engine (12)
[2017.05.04-21.04.34:739][610]LogModuleManager: Shutting down and abandoning module CoreUObject (10)
[2017.05.04-21.04.34:739][610]LogModuleManager: Shutting down and abandoning module NetworkFile (8)
[2017.05.04-21.04.34:755][610]LogModuleManager: Shutting down and abandoning module StreamingFile (6)
[2017.05.04-21.04.34:766][610]LogModuleManager: Shutting down and abandoning module SandboxFile (4)
[2017.05.04-21.04.34:779][610]LogModuleManager: Shutting down and abandoning module PakFile (2)
[2017.05.04-21.04.34:904][610]LogExit: Exiting.
[2017.05.04-21.04.34:971][610]Log file closed, 05/05/17 00:04:34
